{"/Users/jason/workspace/apex-dashboard/frontend/src/App.tsx": {"path":"/Users/jason/workspace/apex-dashboard/frontend/src/App.tsx","all":true,"statementMap":{"0":{"start":{"line":1,"column":0},"end":{"line":1,"column":48}},"1":{"start":{"line":2,"column":0},"end":{"line":2,"column":44}},"2":{"start":{"line":3,"column":0},"end":{"line":3,"column":58}},"3":{"start":{"line":4,"column":0},"end":{"line":4,"column":56}},"4":{"start":{"line":5,"column":0},"end":{"line":5,"column":51}},"6":{"start":{"line":7,"column":0},"end":{"line":7,"column":55}},"7":{"start":{"line":8,"column":0},"end":{"line":8,"column":57}},"8":{"start":{"line":9,"column":0},"end":{"line":9,"column":65}},"9":{"start":{"line":10,"column":0},"end":{"line":10,"column":51}},"10":{"start":{"line":11,"column":0},"end":{"line":11,"column":69}},"11":{"start":{"line":12,"column":0},"end":{"line":12,"column":53}},"12":{"start":{"line":13,"column":0},"end":{"line":13,"column":57}},"13":{"start":{"line":14,"column":0},"end":{"line":14,"column":65}},"14":{"start":{"line":15,"column":0},"end":{"line":15,"column":55}},"15":{"start":{"line":16,"column":0},"end":{"line":16,"column":47}},"16":{"start":{"line":17,"column":0},"end":{"line":17,"column":59}},"18":{"start":{"line":19,"column":0},"end":{"line":19,"column":81}},"19":{"start":{"line":20,"column":0},"end":{"line":20,"column":21}},"20":{"start":{"line":21,"column":0},"end":{"line":21,"column":16}},"21":{"start":{"line":22,"column":0},"end":{"line":22,"column":22}},"22":{"start":{"line":23,"column":0},"end":{"line":23,"column":17}},"23":{"start":{"line":24,"column":0},"end":{"line":24,"column":24}},"24":{"start":{"line":25,"column":0},"end":{"line":25,"column":19}},"25":{"start":{"line":26,"column":0},"end":{"line":26,"column":23}},"26":{"start":{"line":27,"column":0},"end":{"line":27,"column":31}},"27":{"start":{"line":28,"column":0},"end":{"line":28,"column":21}},"28":{"start":{"line":29,"column":0},"end":{"line":29,"column":13}},"29":{"start":{"line":30,"column":0},"end":{"line":30,"column":25}},"30":{"start":{"line":31,"column":0},"end":{"line":31,"column":1}},"32":{"start":{"line":33,"column":0},"end":{"line":33,"column":19}},"33":{"start":{"line":34,"column":0},"end":{"line":34,"column":63}},"34":{"start":{"line":35,"column":0},"end":{"line":35,"column":46}},"35":{"start":{"line":36,"column":0},"end":{"line":36,"column":38}},"37":{"start":{"line":38,"column":0},"end":{"line":38,"column":10}},"38":{"start":{"line":39,"column":0},"end":{"line":39,"column":119}},"39":{"start":{"line":40,"column":0},"end":{"line":40,"column":13}},"40":{"start":{"line":41,"column":0},"end":{"line":41,"column":51}},"41":{"start":{"line":42,"column":0},"end":{"line":42,"column":57}},"42":{"start":{"line":43,"column":0},"end":{"line":43,"column":8}},"43":{"start":{"line":44,"column":0},"end":{"line":44,"column":14}},"44":{"start":{"line":45,"column":0},"end":{"line":45,"column":29}},"45":{"start":{"line":46,"column":0},"end":{"line":46,"column":34}},"46":{"start":{"line":47,"column":0},"end":{"line":47,"column":45}},"47":{"start":{"line":48,"column":0},"end":{"line":48,"column":8}},"48":{"start":{"line":49,"column":0},"end":{"line":49,"column":69}},"49":{"start":{"line":50,"column":0},"end":{"line":50,"column":46}},"50":{"start":{"line":51,"column":0},"end":{"line":51,"column":26}},"51":{"start":{"line":52,"column":0},"end":{"line":52,"column":19}},"52":{"start":{"line":53,"column":0},"end":{"line":53,"column":13}},"53":{"start":{"line":54,"column":0},"end":{"line":54,"column":10}},"55":{"start":{"line":56,"column":0},"end":{"line":56,"column":1}},"57":{"start":{"line":58,"column":0},"end":{"line":58,"column":18}}},"s":{"0":0,"1":0,"2":0,"3":0,"4":0,"6":0,"7":0,"8":0,"9":0,"10":0,"11":0,"12":0,"13":0,"14":0,"15":0,"16":0,"18":0,"19":0,"20":0,"21":0,"22":0,"23":0,"24":0,"25":0,"26":0,"27":0,"28":0,"29":0,"30":0,"32":0,"33":0,"34":0,"35":0,"37":0,"38":0,"39":0,"40":0,"41":0,"42":0,"43":0,"44":0,"45":0,"46":0,"47":0,"48":0,"49":0,"50":0,"51":0,"52":0,"53":0,"55":0,"57":0},"branchMap":{"0":{"type":"branch","line":1,"loc":{"start":{"line":1,"column":2020},"end":{"line":58,"column":18}},"locations":[{"start":{"line":1,"column":2020},"end":{"line":58,"column":18}}]}},"b":{"0":[0]},"fnMap":{"0":{"name":"(empty-report)","decl":{"start":{"line":1,"column":2020},"end":{"line":58,"column":18}},"loc":{"start":{"line":1,"column":2020},"end":{"line":58,"column":18}},"line":1}},"f":{"0":0}}
,"/Users/jason/workspace/apex-dashboard/frontend/src/components/ErrorState.tsx": {"path":"/Users/jason/workspace/apex-dashboard/frontend/src/components/ErrorState.tsx","all":false,"statementMap":{"5":{"start":{"line":6,"column":0},"end":{"line":6,"column":68}},"6":{"start":{"line":7,"column":0},"end":{"line":7,"column":107}},"7":{"start":{"line":8,"column":0},"end":{"line":8,"column":83}},"8":{"start":{"line":9,"column":0},"end":{"line":9,"column":65}},"9":{"start":{"line":10,"column":0},"end":{"line":10,"column":41}},"10":{"start":{"line":11,"column":0},"end":{"line":11,"column":8}},"11":{"start":{"line":12,"column":0},"end":{"line":12,"column":17}},"12":{"start":{"line":13,"column":0},"end":{"line":13,"column":13}},"13":{"start":{"line":14,"column":0},"end":{"line":14,"column":25}},"14":{"start":{"line":15,"column":0},"end":{"line":15,"column":151}},"15":{"start":{"line":16,"column":0},"end":{"line":16,"column":7}},"17":{"start":{"line":18,"column":0},"end":{"line":18,"column":15}},"19":{"start":{"line":20,"column":0},"end":{"line":20,"column":8}}},"s":{"5":1,"6":18,"7":18,"8":18,"9":18,"10":18,"11":18,"12":14,"13":14,"14":14,"15":14,"17":14,"19":18},"branchMap":{"0":{"type":"branch","line":6,"loc":{"start":{"line":6,"column":26},"end":{"line":20,"column":8}},"locations":[{"start":{"line":6,"column":26},"end":{"line":20,"column":8}}]},"1":{"type":"branch","line":10,"loc":{"start":{"line":10,"column":7},"end":{"line":10,"column":25}},"locations":[{"start":{"line":10,"column":7},"end":{"line":10,"column":25}}]},"2":{"type":"branch","line":10,"loc":{"start":{"line":10,"column":14},"end":{"line":10,"column":41}},"locations":[{"start":{"line":10,"column":14},"end":{"line":10,"column":41}}]},"3":{"type":"branch","line":12,"loc":{"start":{"line":12,"column":5},"end":{"line":18,"column":15}},"locations":[{"start":{"line":12,"column":5},"end":{"line":18,"column":15}}]}},"b":{"0":[18],"1":[12],"2":[6],"3":[14]},"fnMap":{"0":{"name":"ErrorState","decl":{"start":{"line":6,"column":26},"end":{"line":20,"column":8}},"loc":{"start":{"line":6,"column":26},"end":{"line":20,"column":8}},"line":6}},"f":{"0":18}}
,"/Users/jason/workspace/apex-dashboard/frontend/src/components/Header.tsx": {"path":"/Users/jason/workspace/apex-dashboard/frontend/src/components/Header.tsx","all":false,"statementMap":{"5":{"start":{"line":6,"column":0},"end":{"line":6,"column":69}},"6":{"start":{"line":7,"column":0},"end":{"line":7,"column":160}},"7":{"start":{"line":8,"column":0},"end":{"line":8,"column":45}},"8":{"start":{"line":9,"column":0},"end":{"line":9,"column":147}},"10":{"start":{"line":11,"column":0},"end":{"line":11,"column":12}},"11":{"start":{"line":12,"column":0},"end":{"line":12,"column":11}},"12":{"start":{"line":13,"column":0},"end":{"line":13,"column":92}},"13":{"start":{"line":14,"column":0},"end":{"line":14,"column":78}},"15":{"start":{"line":16,"column":0},"end":{"line":16,"column":14}},"16":{"start":{"line":17,"column":0},"end":{"line":17,"column":12}},"17":{"start":{"line":18,"column":0},"end":{"line":18,"column":10}},"19":{"start":{"line":20,"column":0},"end":{"line":20,"column":45}},"20":{"start":{"line":21,"column":0},"end":{"line":21,"column":21}},"21":{"start":{"line":22,"column":0},"end":{"line":22,"column":118}},"22":{"start":{"line":23,"column":0},"end":{"line":23,"column":21}},"23":{"start":{"line":24,"column":0},"end":{"line":24,"column":14}},"25":{"start":{"line":26,"column":0},"end":{"line":26,"column":88}},"26":{"start":{"line":27,"column":0},"end":{"line":27,"column":73}},"27":{"start":{"line":28,"column":0},"end":{"line":28,"column":29}},"28":{"start":{"line":29,"column":0},"end":{"line":29,"column":12}},"29":{"start":{"line":30,"column":0},"end":{"line":30,"column":10}},"30":{"start":{"line":31,"column":0},"end":{"line":31,"column":11}}},"s":{"5":1,"6":6,"7":6,"8":6,"10":6,"11":6,"12":6,"13":6,"15":6,"16":6,"17":6,"19":6,"20":6,"21":1,"22":1,"23":1,"25":6,"26":6,"27":6,"28":6,"29":6,"30":6},"branchMap":{"0":{"type":"branch","line":6,"loc":{"start":{"line":6,"column":22},"end":{"line":31,"column":11}},"locations":[{"start":{"line":6,"column":22},"end":{"line":31,"column":11}}]},"1":{"type":"branch","line":21,"loc":{"start":{"line":21,"column":7},"end":{"line":24,"column":14}},"locations":[{"start":{"line":21,"column":7},"end":{"line":24,"column":14}}]},"2":{"type":"branch","line":28,"loc":{"start":{"line":28,"column":9},"end":{"line":28,"column":29}},"locations":[{"start":{"line":28,"column":9},"end":{"line":28,"column":29}}]}},"b":{"0":[6],"1":[1],"2":[5]},"fnMap":{"0":{"name":"Header","decl":{"start":{"line":6,"column":22},"end":{"line":31,"column":11}},"loc":{"start":{"line":6,"column":22},"end":{"line":31,"column":11}},"line":6}},"f":{"0":6}}
,"/Users/jason/workspace/apex-dashboard/frontend/src/components/LoadingState.tsx": {"path":"/Users/jason/workspace/apex-dashboard/frontend/src/components/LoadingState.tsx","all":false,"statementMap":{"0":{"start":{"line":1,"column":0},"end":{"line":1,"column":35}},"1":{"start":{"line":2,"column":0},"end":{"line":2,"column":47}},"2":{"start":{"line":3,"column":0},"end":{"line":3,"column":46}},"3":{"start":{"line":4,"column":0},"end":{"line":4,"column":10}},"4":{"start":{"line":5,"column":0},"end":{"line":5,"column":15}},"5":{"start":{"line":6,"column":0},"end":{"line":6,"column":91}},"6":{"start":{"line":7,"column":0},"end":{"line":7,"column":49}},"7":{"start":{"line":8,"column":0},"end":{"line":8,"column":8}},"8":{"start":{"line":9,"column":0},"end":{"line":9,"column":7}},"9":{"start":{"line":10,"column":0},"end":{"line":10,"column":8}}},"s":{"0":1,"1":13,"2":13,"3":78,"4":78,"5":78,"6":78,"7":78,"8":78,"9":13},"branchMap":{"0":{"type":"branch","line":1,"loc":{"start":{"line":1,"column":28},"end":{"line":10,"column":8}},"locations":[{"start":{"line":1,"column":28},"end":{"line":10,"column":8}}]},"1":{"type":"branch","line":3,"loc":{"start":{"line":3,"column":35},"end":{"line":9,"column":7}},"locations":[{"start":{"line":3,"column":35},"end":{"line":9,"column":7}}]}},"b":{"0":[13],"1":[78]},"fnMap":{"0":{"name":"LoadingState","decl":{"start":{"line":1,"column":28},"end":{"line":10,"column":8}},"loc":{"start":{"line":1,"column":28},"end":{"line":10,"column":8}},"line":1}},"f":{"0":13}}
,"/Users/jason/workspace/apex-dashboard/frontend/src/components/PlaidConnect.tsx": {"path":"/Users/jason/workspace/apex-dashboard/frontend/src/components/PlaidConnect.tsx","all":false,"statementMap":{"0":{"start":{"line":1,"column":0},"end":{"line":1,"column":64}},"1":{"start":{"line":2,"column":0},"end":{"line":2,"column":47}},"2":{"start":{"line":3,"column":0},"end":{"line":3,"column":50}},"10":{"start":{"line":11,"column":0},"end":{"line":11,"column":92}},"11":{"start":{"line":12,"column":0},"end":{"line":12,"column":65}},"12":{"start":{"line":13,"column":0},"end":{"line":13,"column":47}},"13":{"start":{"line":14,"column":0},"end":{"line":14,"column":57}},"15":{"start":{"line":16,"column":0},"end":{"line":16,"column":32}},"16":{"start":{"line":17,"column":0},"end":{"line":17,"column":36}},"17":{"start":{"line":18,"column":0},"end":{"line":18,"column":11}},"18":{"start":{"line":19,"column":0},"end":{"line":19,"column":24}},"19":{"start":{"line":20,"column":0},"end":{"line":20,"column":60}},"20":{"start":{"line":21,"column":0},"end":{"line":21,"column":21}},"21":{"start":{"line":22,"column":0},"end":{"line":22,"column":15}},"22":{"start":{"line":23,"column":0},"end":{"line":23,"column":64}},"23":{"start":{"line":24,"column":0},"end":{"line":24,"column":25}},"24":{"start":{"line":25,"column":0},"end":{"line":25,"column":7}},"25":{"start":{"line":26,"column":0},"end":{"line":26,"column":6}},"26":{"start":{"line":27,"column":0},"end":{"line":27,"column":24}},"27":{"start":{"line":28,"column":0},"end":{"line":28,"column":3}},"29":{"start":{"line":30,"column":0},"end":{"line":30,"column":30}},"31":{"start":{"line":32,"column":0},"end":{"line":32,"column":40}},"32":{"start":{"line":33,"column":0},"end":{"line":33,"column":27}},"33":{"start":{"line":34,"column":0},"end":{"line":34,"column":14}},"34":{"start":{"line":35,"column":0},"end":{"line":35,"column":19}},"35":{"start":{"line":36,"column":0},"end":{"line":36,"column":23}},"36":{"start":{"line":37,"column":0},"end":{"line":37,"column":24}},"37":{"start":{"line":38,"column":0},"end":{"line":38,"column":28}},"38":{"start":{"line":39,"column":0},"end":{"line":39,"column":6}},"39":{"start":{"line":40,"column":0},"end":{"line":40,"column":4}},"42":{"start":{"line":43,"column":0},"end":{"line":43,"column":19}},"43":{"start":{"line":44,"column":0},"end":{"line":44,"column":48}},"44":{"start":{"line":45,"column":0},"end":{"line":45,"column":27}},"45":{"start":{"line":46,"column":0},"end":{"line":46,"column":12}},"46":{"start":{"line":47,"column":0},"end":{"line":47,"column":5}},"47":{"start":{"line":48,"column":0},"end":{"line":48,"column":30}},"49":{"start":{"line":50,"column":0},"end":{"line":50,"column":37}},"50":{"start":{"line":51,"column":0},"end":{"line":51,"column":9}},"51":{"start":{"line":52,"column":0},"end":{"line":52,"column":22}},"52":{"start":{"line":53,"column":0},"end":{"line":53,"column":20}},"53":{"start":{"line":54,"column":0},"end":{"line":54,"column":28}},"54":{"start":{"line":55,"column":0},"end":{"line":55,"column":75}},"55":{"start":{"line":56,"column":0},"end":{"line":56,"column":25}},"56":{"start":{"line":57,"column":0},"end":{"line":57,"column":13}},"57":{"start":{"line":58,"column":0},"end":{"line":58,"column":66}},"58":{"start":{"line":59,"column":0},"end":{"line":59,"column":23}},"59":{"start":{"line":60,"column":0},"end":{"line":60,"column":5}},"60":{"start":{"line":61,"column":0},"end":{"line":61,"column":3}},"62":{"start":{"line":63,"column":0},"end":{"line":63,"column":10}},"63":{"start":{"line":64,"column":0},"end":{"line":64,"column":88}},"64":{"start":{"line":65,"column":0},"end":{"line":65,"column":32}},"65":{"start":{"line":66,"column":0},"end":{"line":66,"column":50}},"66":{"start":{"line":67,"column":0},"end":{"line":67,"column":81}},"67":{"start":{"line":68,"column":0},"end":{"line":68,"column":79}},"68":{"start":{"line":69,"column":0},"end":{"line":69,"column":95}},"70":{"start":{"line":71,"column":0},"end":{"line":71,"column":12}},"72":{"start":{"line":73,"column":0},"end":{"line":73,"column":19}},"73":{"start":{"line":74,"column":0},"end":{"line":74,"column":108}},"74":{"start":{"line":75,"column":0},"end":{"line":75,"column":19}},"75":{"start":{"line":76,"column":0},"end":{"line":76,"column":16}},"78":{"start":{"line":79,"column":0},"end":{"line":79,"column":15}},"79":{"start":{"line":80,"column":0},"end":{"line":80,"column":33}},"80":{"start":{"line":81,"column":0},"end":{"line":81,"column":28}},"81":{"start":{"line":82,"column":0},"end":{"line":82,"column":181}},"83":{"start":{"line":84,"column":0},"end":{"line":84,"column":61}},"84":{"start":{"line":85,"column":0},"end":{"line":85,"column":17}},"86":{"start":{"line":87,"column":0},"end":{"line":87,"column":75}},"89":{"start":{"line":90,"column":0},"end":{"line":90,"column":12}},"90":{"start":{"line":91,"column":0},"end":{"line":91,"column":12}},"91":{"start":{"line":92,"column":0},"end":{"line":92,"column":10}},"93":{"start":{"line":94,"column":0},"end":{"line":94,"column":1}}},"s":{"0":1,"1":1,"2":1,"10":1,"11":15,"12":15,"13":15,"15":15,"16":15,"17":0,"18":0,"19":0,"20":0,"21":0,"22":0,"23":0,"24":0,"25":0,"26":15,"27":15,"29":15,"31":15,"32":15,"33":15,"34":15,"35":0,"36":0,"37":0,"38":0,"39":15,"42":15,"43":15,"44":0,"45":0,"46":0,"47":15,"49":15,"50":3,"51":3,"52":3,"53":3,"54":3,"55":1,"56":1,"57":1,"58":1,"59":1,"60":3,"62":15,"63":15,"64":15,"65":15,"66":15,"67":15,"68":15,"70":15,"72":15,"73":1,"74":1,"75":1,"78":15,"79":15,"80":15,"81":15,"83":15,"84":15,"86":15,"89":15,"90":15,"91":15,"93":15},"branchMap":{"0":{"type":"branch","line":11,"loc":{"start":{"line":11,"column":28},"end":{"line":94,"column":1}},"locations":[{"start":{"line":11,"column":28},"end":{"line":94,"column":1}}]},"1":{"type":"branch","line":33,"loc":{"start":{"line":33,"column":11},"end":{"line":33,"column":27}},"locations":[{"start":{"line":33,"column":11},"end":{"line":33,"column":27}}]},"2":{"type":"branch","line":73,"loc":{"start":{"line":73,"column":9},"end":{"line":76,"column":16}},"locations":[{"start":{"line":73,"column":9},"end":{"line":76,"column":16}}]},"3":{"type":"branch","line":84,"loc":{"start":{"line":84,"column":11},"end":{"line":84,"column":40}},"locations":[{"start":{"line":84,"column":11},"end":{"line":84,"column":40}}]},"4":{"type":"branch","line":84,"loc":{"start":{"line":84,"column":21},"end":{"line":84,"column":61}},"locations":[{"start":{"line":84,"column":21},"end":{"line":84,"column":61}}]},"5":{"type":"branch","line":43,"loc":{"start":{"line":43,"column":12},"end":{"line":48,"column":5}},"locations":[{"start":{"line":43,"column":12},"end":{"line":48,"column":5}}]},"6":{"type":"branch","line":44,"loc":{"start":{"line":44,"column":8},"end":{"line":44,"column":30}},"locations":[{"start":{"line":44,"column":8},"end":{"line":44,"column":30}}]},"7":{"type":"branch","line":44,"loc":{"start":{"line":44,"column":21},"end":{"line":44,"column":47}},"locations":[{"start":{"line":44,"column":21},"end":{"line":44,"column":47}}]},"8":{"type":"branch","line":44,"loc":{"start":{"line":44,"column":47},"end":{"line":47,"column":5}},"locations":[{"start":{"line":44,"column":47},"end":{"line":47,"column":5}}]},"9":{"type":"branch","line":50,"loc":{"start":{"line":50,"column":24},"end":{"line":61,"column":3}},"locations":[{"start":{"line":50,"column":24},"end":{"line":61,"column":3}}]},"10":{"type":"branch","line":55,"loc":{"start":{"line":55,"column":74},"end":{"line":60,"column":5}},"locations":[{"start":{"line":55,"column":74},"end":{"line":60,"column":5}}]}},"b":{"0":[15],"1":[14],"2":[1],"3":[4],"4":[11],"5":[15],"6":[1],"7":[0],"8":[0],"9":[3],"10":[1]},"fnMap":{"0":{"name":"PlaidConnect","decl":{"start":{"line":11,"column":28},"end":{"line":94,"column":1}},"loc":{"start":{"line":11,"column":28},"end":{"line":94,"column":1}},"line":11},"1":{"name":"onExit","decl":{"start":{"line":35,"column":12},"end":{"line":39,"column":6}},"loc":{"start":{"line":35,"column":12},"end":{"line":39,"column":6}},"line":35},"2":{"name":"handleConnect","decl":{"start":{"line":50,"column":24},"end":{"line":61,"column":3}},"loc":{"start":{"line":50,"column":24},"end":{"line":61,"column":3}},"line":50}},"f":{"0":15,"1":0,"2":3}}
,"/Users/jason/workspace/apex-dashboard/frontend/src/components/Sidebar.tsx": {"path":"/Users/jason/workspace/apex-dashboard/frontend/src/components/Sidebar.tsx","all":false,"statementMap":{"2":{"start":{"line":3,"column":0},"end":{"line":3,"column":18}},"3":{"start":{"line":4,"column":0},"end":{"line":4,"column":71}},"4":{"start":{"line":5,"column":0},"end":{"line":5,"column":67}},"5":{"start":{"line":6,"column":0},"end":{"line":6,"column":72}},"6":{"start":{"line":7,"column":0},"end":{"line":7,"column":67}},"7":{"start":{"line":8,"column":0},"end":{"line":8,"column":75}},"8":{"start":{"line":9,"column":0},"end":{"line":9,"column":78}},"9":{"start":{"line":10,"column":0},"end":{"line":10,"column":82}},"10":{"start":{"line":11,"column":0},"end":{"line":11,"column":84}},"11":{"start":{"line":12,"column":0},"end":{"line":12,"column":73}},"12":{"start":{"line":13,"column":0},"end":{"line":13,"column":72}},"13":{"start":{"line":14,"column":0},"end":{"line":14,"column":72}},"14":{"start":{"line":15,"column":0},"end":{"line":15,"column":10}},"24":{"start":{"line":25,"column":0},"end":{"line":25,"column":50}},"25":{"start":{"line":26,"column":0},"end":{"line":26,"column":86}},"27":{"start":{"line":28,"column":0},"end":{"line":28,"column":82}},"28":{"start":{"line":29,"column":0},"end":{"line":29,"column":63}},"29":{"start":{"line":30,"column":0},"end":{"line":30,"column":65}},"30":{"start":{"line":31,"column":0},"end":{"line":31,"column":67}},"31":{"start":{"line":32,"column":0},"end":{"line":32,"column":59}},"33":{"start":{"line":34,"column":0},"end":{"line":34,"column":10}},"34":{"start":{"line":35,"column":0},"end":{"line":35,"column":82}},"35":{"start":{"line":36,"column":0},"end":{"line":36,"column":34}},"36":{"start":{"line":37,"column":0},"end":{"line":37,"column":30}},"37":{"start":{"line":38,"column":0},"end":{"line":38,"column":115}},"38":{"start":{"line":39,"column":0},"end":{"line":39,"column":11}},"39":{"start":{"line":40,"column":0},"end":{"line":40,"column":19}},"41":{"start":{"line":42,"column":0},"end":{"line":42,"column":35}},"42":{"start":{"line":43,"column":0},"end":{"line":43,"column":31}},"43":{"start":{"line":44,"column":0},"end":{"line":44,"column":115}},"44":{"start":{"line":45,"column":0},"end":{"line":45,"column":11}},"45":{"start":{"line":46,"column":0},"end":{"line":46,"column":19}},"47":{"start":{"line":48,"column":0},"end":{"line":48,"column":36}},"48":{"start":{"line":49,"column":0},"end":{"line":49,"column":32}},"49":{"start":{"line":50,"column":0},"end":{"line":50,"column":115}},"50":{"start":{"line":51,"column":0},"end":{"line":51,"column":11}},"51":{"start":{"line":52,"column":0},"end":{"line":52,"column":19}},"53":{"start":{"line":54,"column":0},"end":{"line":54,"column":32}},"54":{"start":{"line":55,"column":0},"end":{"line":55,"column":28}},"55":{"start":{"line":56,"column":0},"end":{"line":56,"column":115}},"56":{"start":{"line":57,"column":0},"end":{"line":57,"column":11}},"57":{"start":{"line":58,"column":0},"end":{"line":58,"column":19}},"59":{"start":{"line":60,"column":0},"end":{"line":60,"column":38}},"60":{"start":{"line":61,"column":0},"end":{"line":61,"column":35}},"61":{"start":{"line":62,"column":0},"end":{"line":62,"column":36}},"62":{"start":{"line":63,"column":0},"end":{"line":63,"column":51}},"63":{"start":{"line":64,"column":0},"end":{"line":64,"column":95}},"64":{"start":{"line":65,"column":0},"end":{"line":65,"column":102}},"65":{"start":{"line":66,"column":0},"end":{"line":66,"column":103}},"66":{"start":{"line":67,"column":0},"end":{"line":67,"column":18}},"67":{"start":{"line":68,"column":0},"end":{"line":68,"column":13}},"68":{"start":{"line":69,"column":0},"end":{"line":69,"column":14}},"69":{"start":{"line":70,"column":0},"end":{"line":70,"column":19}},"70":{"start":{"line":71,"column":0},"end":{"line":71,"column":10}},"72":{"start":{"line":73,"column":0},"end":{"line":73,"column":1}},"74":{"start":{"line":75,"column":0},"end":{"line":75,"column":91}},"75":{"start":{"line":76,"column":0},"end":{"line":76,"column":29}},"76":{"start":{"line":77,"column":0},"end":{"line":77,"column":128}},"77":{"start":{"line":78,"column":0},"end":{"line":78,"column":13}},"78":{"start":{"line":79,"column":0},"end":{"line":79,"column":10}},"79":{"start":{"line":80,"column":0},"end":{"line":80,"column":14}},"80":{"start":{"line":81,"column":0},"end":{"line":81,"column":8}},"83":{"start":{"line":84,"column":0},"end":{"line":84,"column":18}},"84":{"start":{"line":85,"column":0},"end":{"line":85,"column":7}},"85":{"start":{"line":86,"column":0},"end":{"line":86,"column":9}},"86":{"start":{"line":87,"column":0},"end":{"line":87,"column":10}},"87":{"start":{"line":88,"column":0},"end":{"line":88,"column":4}},"92":{"start":{"line":93,"column":0},"end":{"line":93,"column":6}},"93":{"start":{"line":94,"column":0},"end":{"line":94,"column":21}},"94":{"start":{"line":95,"column":0},"end":{"line":95,"column":129}},"95":{"start":{"line":96,"column":0},"end":{"line":96,"column":12}},"96":{"start":{"line":97,"column":0},"end":{"line":97,"column":40}},"97":{"start":{"line":98,"column":0},"end":{"line":98,"column":83}},"98":{"start":{"line":99,"column":0},"end":{"line":99,"column":7}},"100":{"start":{"line":101,"column":0},"end":{"line":101,"column":66}},"101":{"start":{"line":102,"column":0},"end":{"line":102,"column":16}},"102":{"start":{"line":103,"column":0},"end":{"line":103,"column":8}}},"s":{"2":1,"3":1,"4":1,"5":1,"6":1,"7":1,"8":1,"9":1,"10":1,"11":1,"12":1,"13":1,"14":1,"24":1,"25":4,"27":1,"28":13,"29":13,"30":13,"31":13,"33":13,"34":13,"35":13,"36":13,"37":52,"38":13,"39":13,"41":13,"42":13,"43":26,"44":13,"45":13,"47":13,"48":13,"49":52,"50":13,"51":13,"53":13,"54":13,"55":13,"56":13,"57":13,"59":13,"60":13,"61":13,"62":2,"63":2,"64":2,"65":2,"66":2,"67":13,"68":13,"69":13,"70":13,"72":13,"74":1,"75":65,"76":65,"77":65,"78":65,"79":65,"80":65,"83":1,"84":143,"85":143,"86":143,"87":143,"92":143,"93":143,"94":143,"95":143,"96":13,"97":130,"98":143,"100":143,"101":143,"102":143},"branchMap":{"0":{"type":"branch","line":25,"loc":{"start":{"line":25,"column":18},"end":{"line":26,"column":86}},"locations":[{"start":{"line":25,"column":18},"end":{"line":26,"column":86}}]},"1":{"type":"branch","line":26,"loc":{"start":{"line":26,"column":10},"end":{"line":26,"column":31}},"locations":[{"start":{"line":26,"column":10},"end":{"line":26,"column":31}}]},"2":{"type":"branch","line":26,"loc":{"start":{"line":26,"column":17},"end":{"line":26,"column":86}},"locations":[{"start":{"line":26,"column":17},"end":{"line":26,"column":86}}]},"3":{"type":"branch","line":26,"loc":{"start":{"line":26,"column":48},"end":{"line":26,"column":86}},"locations":[{"start":{"line":26,"column":48},"end":{"line":26,"column":86}}]},"4":{"type":"branch","line":28,"loc":{"start":{"line":28,"column":23},"end":{"line":73,"column":1}},"locations":[{"start":{"line":28,"column":23},"end":{"line":73,"column":1}}]},"5":{"type":"branch","line":62,"loc":{"start":{"line":62,"column":11},"end":{"line":62,"column":27}},"locations":[{"start":{"line":62,"column":11},"end":{"line":62,"column":27}}]},"6":{"type":"branch","line":29,"loc":{"start":{"line":29,"column":34},"end":{"line":29,"column":62}},"locations":[{"start":{"line":29,"column":34},"end":{"line":29,"column":62}}]},"7":{"type":"branch","line":30,"loc":{"start":{"line":30,"column":35},"end":{"line":30,"column":64}},"locations":[{"start":{"line":30,"column":35},"end":{"line":30,"column":64}}]},"8":{"type":"branch","line":31,"loc":{"start":{"line":31,"column":36},"end":{"line":31,"column":66}},"locations":[{"start":{"line":31,"column":36},"end":{"line":31,"column":66}}]},"9":{"type":"branch","line":32,"loc":{"start":{"line":32,"column":32},"end":{"line":32,"column":58}},"locations":[{"start":{"line":32,"column":32},"end":{"line":32,"column":58}}]},"10":{"type":"branch","line":37,"loc":{"start":{"line":37,"column":21},"end":{"line":38,"column":115}},"locations":[{"start":{"line":37,"column":21},"end":{"line":38,"column":115}}]},"11":{"type":"branch","line":38,"loc":{"start":{"line":38,"column":85},"end":{"line":38,"column":113}},"locations":[{"start":{"line":38,"column":85},"end":{"line":38,"column":113}}]},"12":{"type":"branch","line":43,"loc":{"start":{"line":43,"column":22},"end":{"line":44,"column":115}},"locations":[{"start":{"line":43,"column":22},"end":{"line":44,"column":115}}]},"13":{"type":"branch","line":49,"loc":{"start":{"line":49,"column":23},"end":{"line":50,"column":115}},"locations":[{"start":{"line":49,"column":23},"end":{"line":50,"column":115}}]},"14":{"type":"branch","line":50,"loc":{"start":{"line":50,"column":85},"end":{"line":50,"column":113}},"locations":[{"start":{"line":50,"column":85},"end":{"line":50,"column":113}}]},"15":{"type":"branch","line":55,"loc":{"start":{"line":55,"column":19},"end":{"line":56,"column":115}},"locations":[{"start":{"line":55,"column":19},"end":{"line":56,"column":115}}]},"16":{"type":"branch","line":56,"loc":{"start":{"line":56,"column":85},"end":{"line":56,"column":113}},"locations":[{"start":{"line":56,"column":85},"end":{"line":56,"column":113}}]},"17":{"type":"branch","line":62,"loc":{"start":{"line":62,"column":27},"end":{"line":67,"column":18}},"locations":[{"start":{"line":62,"column":27},"end":{"line":67,"column":18}}]},"18":{"type":"branch","line":75,"loc":{"start":{"line":75,"column":19},"end":{"line":81,"column":8}},"locations":[{"start":{"line":75,"column":19},"end":{"line":81,"column":8}}]},"19":{"type":"branch","line":84,"loc":{"start":{"line":84,"column":16},"end":{"line":103,"column":8}},"locations":[{"start":{"line":84,"column":16},"end":{"line":103,"column":8}}]},"20":{"type":"branch","line":96,"loc":{"start":{"line":96,"column":6},"end":{"line":97,"column":40}},"locations":[{"start":{"line":96,"column":6},"end":{"line":97,"column":40}}]},"21":{"type":"branch","line":97,"loc":{"start":{"line":97,"column":10},"end":{"line":98,"column":83}},"locations":[{"start":{"line":97,"column":10},"end":{"line":98,"column":83}}]}},"b":{"0":[4],"1":[2],"2":[2],"3":[0],"4":[13],"5":[1],"6":[143],"7":[143],"8":[143],"9":[143],"10":[52],"11":[4],"12":[26],"13":[52],"14":[4],"15":[13],"16":[1],"17":[2],"18":[65],"19":[143],"20":[13],"21":[130]},"fnMap":{"0":{"name":"statColor","decl":{"start":{"line":25,"column":18},"end":{"line":26,"column":86}},"loc":{"start":{"line":25,"column":18},"end":{"line":26,"column":86}},"line":25},"1":{"name":"Sidebar","decl":{"start":{"line":28,"column":23},"end":{"line":73,"column":1}},"loc":{"start":{"line":28,"column":23},"end":{"line":73,"column":1}},"line":28},"2":{"name":"onClick","decl":{"start":{"line":38,"column":85},"end":{"line":38,"column":113}},"loc":{"start":{"line":38,"column":85},"end":{"line":38,"column":113}},"line":38},"3":{"name":"onClick","decl":{"start":{"line":44,"column":85},"end":{"line":44,"column":113}},"loc":{"start":{"line":44,"column":85},"end":{"line":44,"column":113}},"line":44},"4":{"name":"onClick","decl":{"start":{"line":50,"column":85},"end":{"line":50,"column":113}},"loc":{"start":{"line":50,"column":85},"end":{"line":50,"column":113}},"line":50},"5":{"name":"onClick","decl":{"start":{"line":56,"column":85},"end":{"line":56,"column":113}},"loc":{"start":{"line":56,"column":85},"end":{"line":56,"column":113}},"line":56},"6":{"name":"NavSection","decl":{"start":{"line":75,"column":19},"end":{"line":81,"column":8}},"loc":{"start":{"line":75,"column":19},"end":{"line":81,"column":8}},"line":75},"7":{"name":"NavItem","decl":{"start":{"line":84,"column":16},"end":{"line":103,"column":8}},"loc":{"start":{"line":84,"column":16},"end":{"line":103,"column":8}},"line":84}},"f":{"0":4,"1":13,"2":4,"3":0,"4":4,"5":1,"6":65,"7":143}}
,"/Users/jason/workspace/apex-dashboard/frontend/src/hooks/useMarketData.ts": {"path":"/Users/jason/workspace/apex-dashboard/frontend/src/hooks/useMarketData.ts","all":false,"statementMap":{"0":{"start":{"line":1,"column":0},"end":{"line":1,"column":56}},"1":{"start":{"line":2,"column":0},"end":{"line":2,"column":50}},"18":{"start":{"line":19,"column":0},"end":{"line":19,"column":64}},"19":{"start":{"line":20,"column":0},"end":{"line":20,"column":50}},"20":{"start":{"line":21,"column":0},"end":{"line":21,"column":46}},"21":{"start":{"line":22,"column":0},"end":{"line":22,"column":56}},"23":{"start":{"line":24,"column":0},"end":{"line":24,"column":34}},"24":{"start":{"line":25,"column":0},"end":{"line":25,"column":20}},"25":{"start":{"line":26,"column":0},"end":{"line":26,"column":18}},"26":{"start":{"line":27,"column":0},"end":{"line":27,"column":13}},"27":{"start":{"line":28,"column":0},"end":{"line":28,"column":20}},"28":{"start":{"line":29,"column":0},"end":{"line":29,"column":93}},"29":{"start":{"line":30,"column":0},"end":{"line":30,"column":39}},"30":{"start":{"line":31,"column":0},"end":{"line":31,"column":15}},"32":{"start":{"line":33,"column":0},"end":{"line":33,"column":25}},"34":{"start":{"line":35,"column":0},"end":{"line":35,"column":46}},"35":{"start":{"line":36,"column":0},"end":{"line":36,"column":1}},"37":{"start":{"line":38,"column":0},"end":{"line":38,"column":60}},"38":{"start":{"line":39,"column":0},"end":{"line":39,"column":36}},"40":{"start":{"line":41,"column":0},"end":{"line":41,"column":58}},"41":{"start":{"line":42,"column":0},"end":{"line":42,"column":35}},"43":{"start":{"line":44,"column":0},"end":{"line":44,"column":56}},"44":{"start":{"line":45,"column":0},"end":{"line":45,"column":34}},"46":{"start":{"line":47,"column":0},"end":{"line":47,"column":74}},"47":{"start":{"line":48,"column":0},"end":{"line":48,"column":43}},"49":{"start":{"line":50,"column":0},"end":{"line":50,"column":62}},"50":{"start":{"line":51,"column":0},"end":{"line":51,"column":37}},"52":{"start":{"line":53,"column":0},"end":{"line":53,"column":66}},"53":{"start":{"line":54,"column":0},"end":{"line":54,"column":41}},"55":{"start":{"line":56,"column":0},"end":{"line":56,"column":61}},"56":{"start":{"line":57,"column":0},"end":{"line":57,"column":36}},"58":{"start":{"line":59,"column":0},"end":{"line":59,"column":57}},"59":{"start":{"line":60,"column":0},"end":{"line":60,"column":32}},"61":{"start":{"line":62,"column":0},"end":{"line":62,"column":63}},"62":{"start":{"line":63,"column":0},"end":{"line":63,"column":38}}},"s":{"0":1,"1":1,"18":25,"19":25,"20":25,"21":25,"23":25,"24":13,"25":13,"26":13,"27":13,"28":13,"29":13,"30":25,"32":25,"34":25,"35":25,"37":1,"38":9,"40":1,"41":2,"43":1,"44":2,"46":1,"47":2,"49":1,"50":2,"52":1,"53":2,"55":1,"56":2,"58":1,"59":2,"61":1,"62":2},"branchMap":{"0":{"type":"branch","line":19,"loc":{"start":{"line":19,"column":0},"end":{"line":36,"column":1}},"locations":[{"start":{"line":19,"column":0},"end":{"line":36,"column":1}}]},"1":{"type":"branch","line":24,"loc":{"start":{"line":24,"column":27},"end":{"line":31,"column":5}},"locations":[{"start":{"line":24,"column":27},"end":{"line":31,"column":5}}]},"2":{"type":"branch","line":29,"loc":{"start":{"line":29,"column":13},"end":{"line":29,"column":92}},"locations":[{"start":{"line":29,"column":13},"end":{"line":29,"column":92}}]},"3":{"type":"branch","line":29,"loc":{"start":{"line":29,"column":55},"end":{"line":29,"column":69}},"locations":[{"start":{"line":29,"column":55},"end":{"line":29,"column":69}}]},"4":{"type":"branch","line":29,"loc":{"start":{"line":29,"column":63},"end":{"line":29,"column":91}},"locations":[{"start":{"line":29,"column":63},"end":{"line":29,"column":91}}]},"5":{"type":"branch","line":30,"loc":{"start":{"line":30,"column":15},"end":{"line":30,"column":38}},"locations":[{"start":{"line":30,"column":15},"end":{"line":30,"column":38}}]},"6":{"type":"branch","line":38,"loc":{"start":{"line":38,"column":27},"end":{"line":39,"column":36}},"locations":[{"start":{"line":38,"column":27},"end":{"line":39,"column":36}}]},"7":{"type":"branch","line":41,"loc":{"start":{"line":41,"column":26},"end":{"line":42,"column":35}},"locations":[{"start":{"line":41,"column":26},"end":{"line":42,"column":35}}]},"8":{"type":"branch","line":44,"loc":{"start":{"line":44,"column":25},"end":{"line":45,"column":34}},"locations":[{"start":{"line":44,"column":25},"end":{"line":45,"column":34}}]},"9":{"type":"branch","line":47,"loc":{"start":{"line":47,"column":34},"end":{"line":48,"column":43}},"locations":[{"start":{"line":47,"column":34},"end":{"line":48,"column":43}}]},"10":{"type":"branch","line":50,"loc":{"start":{"line":50,"column":28},"end":{"line":51,"column":37}},"locations":[{"start":{"line":50,"column":28},"end":{"line":51,"column":37}}]},"11":{"type":"branch","line":53,"loc":{"start":{"line":53,"column":32},"end":{"line":54,"column":41}},"locations":[{"start":{"line":53,"column":32},"end":{"line":54,"column":41}}]},"12":{"type":"branch","line":56,"loc":{"start":{"line":56,"column":27},"end":{"line":57,"column":36}},"locations":[{"start":{"line":56,"column":27},"end":{"line":57,"column":36}}]},"13":{"type":"branch","line":59,"loc":{"start":{"line":59,"column":23},"end":{"line":60,"column":32}},"locations":[{"start":{"line":59,"column":23},"end":{"line":60,"column":32}}]},"14":{"type":"branch","line":62,"loc":{"start":{"line":62,"column":29},"end":{"line":63,"column":38}},"locations":[{"start":{"line":62,"column":29},"end":{"line":63,"column":38}}]}},"b":{"0":[25],"1":[13],"2":[2],"3":[1],"4":[1],"5":[13],"6":[9],"7":[2],"8":[2],"9":[2],"10":[2],"11":[2],"12":[2],"13":[2],"14":[2]},"fnMap":{"0":{"name":"useApiCall","decl":{"start":{"line":19,"column":0},"end":{"line":36,"column":1}},"loc":{"start":{"line":19,"column":0},"end":{"line":36,"column":1}},"line":19},"1":{"name":"useOverview","decl":{"start":{"line":38,"column":27},"end":{"line":39,"column":36}},"loc":{"start":{"line":38,"column":27},"end":{"line":39,"column":36}},"line":38},"2":{"name":"useMarkets","decl":{"start":{"line":41,"column":26},"end":{"line":42,"column":35}},"loc":{"start":{"line":41,"column":26},"end":{"line":42,"column":35}},"line":41},"3":{"name":"useCrypto","decl":{"start":{"line":44,"column":25},"end":{"line":45,"column":34}},"loc":{"start":{"line":44,"column":25},"end":{"line":45,"column":34}},"line":44},"4":{"name":"useRecommendations","decl":{"start":{"line":47,"column":34},"end":{"line":48,"column":43}},"loc":{"start":{"line":47,"column":34},"end":{"line":48,"column":43}},"line":47},"5":{"name":"usePrincipal","decl":{"start":{"line":50,"column":28},"end":{"line":51,"column":37}},"loc":{"start":{"line":50,"column":28},"end":{"line":51,"column":37}},"line":50},"6":{"name":"useMorganStanley","decl":{"start":{"line":53,"column":32},"end":{"line":54,"column":41}},"loc":{"start":{"line":53,"column":32},"end":{"line":54,"column":41}},"line":53},"7":{"name":"useFidelity","decl":{"start":{"line":56,"column":27},"end":{"line":57,"column":36}},"loc":{"start":{"line":56,"column":27},"end":{"line":57,"column":36}},"line":56},"8":{"name":"useSoFi","decl":{"start":{"line":59,"column":23},"end":{"line":60,"column":32}},"loc":{"start":{"line":59,"column":23},"end":{"line":60,"column":32}},"line":59},"9":{"name":"useSimulation","decl":{"start":{"line":62,"column":29},"end":{"line":63,"column":38}},"loc":{"start":{"line":62,"column":29},"end":{"line":63,"column":38}},"line":62}},"f":{"0":25,"1":9,"2":2,"3":2,"4":2,"5":2,"6":2,"7":2,"8":2,"9":2}}
,"/Users/jason/workspace/apex-dashboard/frontend/src/pages/Crypto.tsx": {"path":"/Users/jason/workspace/apex-dashboard/frontend/src/pages/Crypto.tsx","all":false,"statementMap":{"0":{"start":{"line":1,"column":0},"end":{"line":1,"column":38}},"1":{"start":{"line":2,"column":0},"end":{"line":2,"column":115}},"2":{"start":{"line":3,"column":0},"end":{"line":3,"column":50}},"3":{"start":{"line":4,"column":0},"end":{"line":4,"column":57}},"4":{"start":{"line":5,"column":0},"end":{"line":5,"column":53}},"5":{"start":{"line":6,"column":0},"end":{"line":6,"column":81}},"7":{"start":{"line":8,"column":0},"end":{"line":8,"column":88}},"9":{"start":{"line":10,"column":0},"end":{"line":10,"column":19}},"10":{"start":{"line":11,"column":0},"end":{"line":11,"column":44}},"11":{"start":{"line":12,"column":0},"end":{"line":12,"column":82}},"12":{"start":{"line":13,"column":0},"end":{"line":13,"column":1}},"14":{"start":{"line":15,"column":0},"end":{"line":15,"column":22}},"15":{"start":{"line":16,"column":0},"end":{"line":16,"column":53}},"17":{"start":{"line":18,"column":0},"end":{"line":18,"column":38}},"18":{"start":{"line":19,"column":0},"end":{"line":19,"column":73}},"20":{"start":{"line":21,"column":0},"end":{"line":21,"column":75}},"22":{"start":{"line":23,"column":0},"end":{"line":23,"column":21}},"23":{"start":{"line":24,"column":0},"end":{"line":24,"column":34}},"24":{"start":{"line":25,"column":0},"end":{"line":25,"column":16}},"25":{"start":{"line":26,"column":0},"end":{"line":26,"column":52}},"26":{"start":{"line":27,"column":0},"end":{"line":27,"column":71}},"27":{"start":{"line":28,"column":0},"end":{"line":28,"column":84}},"28":{"start":{"line":29,"column":0},"end":{"line":29,"column":38}},"29":{"start":{"line":30,"column":0},"end":{"line":30,"column":7}},"30":{"start":{"line":31,"column":0},"end":{"line":31,"column":3}},"32":{"start":{"line":33,"column":0},"end":{"line":33,"column":10}},"33":{"start":{"line":34,"column":0},"end":{"line":34,"column":9}},"34":{"start":{"line":35,"column":0},"end":{"line":35,"column":89}},"36":{"start":{"line":37,"column":0},"end":{"line":37,"column":13}},"37":{"start":{"line":38,"column":0},"end":{"line":38,"column":36}},"38":{"start":{"line":39,"column":0},"end":{"line":39,"column":35}},"39":{"start":{"line":40,"column":0},"end":{"line":40,"column":60}},"40":{"start":{"line":41,"column":0},"end":{"line":41,"column":18}},"41":{"start":{"line":42,"column":0},"end":{"line":42,"column":118}},"42":{"start":{"line":43,"column":0},"end":{"line":43,"column":68}},"44":{"start":{"line":45,"column":0},"end":{"line":45,"column":30}},"45":{"start":{"line":46,"column":0},"end":{"line":46,"column":20}},"46":{"start":{"line":47,"column":0},"end":{"line":47,"column":113}},"47":{"start":{"line":48,"column":0},"end":{"line":48,"column":18}},"48":{"start":{"line":49,"column":0},"end":{"line":49,"column":66}},"49":{"start":{"line":50,"column":0},"end":{"line":50,"column":79}},"50":{"start":{"line":51,"column":0},"end":{"line":51,"column":69}},"51":{"start":{"line":52,"column":0},"end":{"line":52,"column":16}},"52":{"start":{"line":53,"column":0},"end":{"line":53,"column":95}},"53":{"start":{"line":54,"column":0},"end":{"line":54,"column":17}},"54":{"start":{"line":55,"column":0},"end":{"line":55,"column":11}},"55":{"start":{"line":56,"column":0},"end":{"line":56,"column":14}},"57":{"start":{"line":58,"column":0},"end":{"line":58,"column":13}},"58":{"start":{"line":59,"column":0},"end":{"line":59,"column":31}},"59":{"start":{"line":60,"column":0},"end":{"line":60,"column":31}},"60":{"start":{"line":61,"column":0},"end":{"line":61,"column":109}},"61":{"start":{"line":62,"column":0},"end":{"line":62,"column":67}},"62":{"start":{"line":63,"column":0},"end":{"line":63,"column":75}},"63":{"start":{"line":64,"column":0},"end":{"line":64,"column":55}},"64":{"start":{"line":65,"column":0},"end":{"line":65,"column":16}},"65":{"start":{"line":66,"column":0},"end":{"line":66,"column":17}},"66":{"start":{"line":67,"column":0},"end":{"line":67,"column":11}},"67":{"start":{"line":68,"column":0},"end":{"line":68,"column":14}},"69":{"start":{"line":70,"column":0},"end":{"line":70,"column":58}},"70":{"start":{"line":71,"column":0},"end":{"line":71,"column":41}},"71":{"start":{"line":72,"column":0},"end":{"line":72,"column":55}},"72":{"start":{"line":73,"column":0},"end":{"line":73,"column":50}},"73":{"start":{"line":74,"column":0},"end":{"line":74,"column":19}},"74":{"start":{"line":75,"column":0},"end":{"line":75,"column":58}},"75":{"start":{"line":76,"column":0},"end":{"line":76,"column":135}},"76":{"start":{"line":77,"column":0},"end":{"line":77,"column":12}},"77":{"start":{"line":78,"column":0},"end":{"line":78,"column":13}},"78":{"start":{"line":79,"column":0},"end":{"line":79,"column":18}},"80":{"start":{"line":81,"column":0},"end":{"line":81,"column":53}},"81":{"start":{"line":82,"column":0},"end":{"line":82,"column":81}},"82":{"start":{"line":83,"column":0},"end":{"line":83,"column":93}},"83":{"start":{"line":84,"column":0},"end":{"line":84,"column":13}},"84":{"start":{"line":85,"column":0},"end":{"line":85,"column":10}},"86":{"start":{"line":87,"column":0},"end":{"line":87,"column":1}},"88":{"start":{"line":89,"column":0},"end":{"line":89,"column":21}}},"s":{"0":1,"1":1,"2":1,"3":1,"4":1,"5":1,"7":1,"9":1,"10":1,"11":1,"12":1,"14":1,"15":5,"17":5,"18":5,"20":3,"22":3,"23":3,"24":3,"25":3,"26":3,"27":3,"28":3,"29":3,"30":3,"32":3,"33":3,"34":3,"36":3,"37":3,"38":3,"39":3,"40":3,"41":3,"42":3,"44":3,"45":3,"46":3,"47":3,"48":3,"49":3,"50":3,"51":3,"52":3,"53":3,"54":3,"55":3,"57":3,"58":3,"59":3,"60":3,"61":3,"62":3,"63":3,"64":3,"65":3,"66":3,"67":3,"69":3,"70":3,"71":3,"72":3,"73":3,"74":3,"75":3,"76":3,"77":3,"78":3,"80":3,"81":3,"82":3,"83":3,"84":3,"86":3,"88":1},"branchMap":{"0":{"type":"branch","line":15,"loc":{"start":{"line":15,"column":15},"end":{"line":87,"column":1}},"locations":[{"start":{"line":15,"column":15},"end":{"line":87,"column":1}}]},"1":{"type":"branch","line":18,"loc":{"start":{"line":18,"column":15},"end":{"line":18,"column":38}},"locations":[{"start":{"line":18,"column":15},"end":{"line":18,"column":38}}]},"2":{"type":"branch","line":18,"loc":{"start":{"line":18,"column":36},"end":{"line":19,"column":15}},"locations":[{"start":{"line":18,"column":36},"end":{"line":19,"column":15}}]},"3":{"type":"branch","line":19,"loc":{"start":{"line":19,"column":6},"end":{"line":19,"column":22}},"locations":[{"start":{"line":19,"column":6},"end":{"line":19,"column":22}}]},"4":{"type":"branch","line":19,"loc":{"start":{"line":19,"column":22},"end":{"line":19,"column":73}},"locations":[{"start":{"line":19,"column":22},"end":{"line":19,"column":73}}]},"5":{"type":"branch","line":19,"loc":{"start":{"line":19,"column":71},"end":{"line":87,"column":1}},"locations":[{"start":{"line":19,"column":71},"end":{"line":87,"column":1}}]},"6":{"type":"branch","line":38,"loc":{"start":{"line":38,"column":26},"end":{"line":54,"column":17}},"locations":[{"start":{"line":38,"column":26},"end":{"line":54,"column":17}}]},"7":{"type":"branch","line":51,"loc":{"start":{"line":51,"column":38},"end":{"line":51,"column":48}},"locations":[{"start":{"line":51,"column":38},"end":{"line":51,"column":48}}]},"8":{"type":"branch","line":59,"loc":{"start":{"line":59,"column":25},"end":{"line":66,"column":17}},"locations":[{"start":{"line":59,"column":25},"end":{"line":66,"column":17}}]},"9":{"type":"branch","line":64,"loc":{"start":{"line":64,"column":25},"end":{"line":64,"column":40}},"locations":[{"start":{"line":64,"column":25},"end":{"line":64,"column":40}}]}},"b":{"0":[5],"1":[1],"2":[4],"3":[3],"4":[1],"5":[3],"6":[3],"7":[0],"8":[3],"9":[0]},"fnMap":{"0":{"name":"Crypto","decl":{"start":{"line":15,"column":15},"end":{"line":87,"column":1}},"loc":{"start":{"line":15,"column":15},"end":{"line":87,"column":1}},"line":15},"1":{"name":"callback","decl":{"start":{"line":76,"column":70},"end":{"line":76,"column":131}},"loc":{"start":{"line":76,"column":70},"end":{"line":76,"column":131}},"line":76}},"f":{"0":5,"1":0}}
,"/Users/jason/workspace/apex-dashboard/frontend/src/pages/Fidelity.tsx": {"path":"/Users/jason/workspace/apex-dashboard/frontend/src/pages/Fidelity.tsx","all":false,"statementMap":{"0":{"start":{"line":1,"column":0},"end":{"line":1,"column":43}},"1":{"start":{"line":2,"column":0},"end":{"line":2,"column":8}},"5":{"start":{"line":6,"column":0},"end":{"line":6,"column":35}},"6":{"start":{"line":7,"column":0},"end":{"line":7,"column":52}},"7":{"start":{"line":8,"column":0},"end":{"line":8,"column":57}},"8":{"start":{"line":9,"column":0},"end":{"line":9,"column":53}},"9":{"start":{"line":10,"column":0},"end":{"line":10,"column":57}},"10":{"start":{"line":11,"column":0},"end":{"line":11,"column":8}},"16":{"start":{"line":17,"column":0},"end":{"line":17,"column":100}},"18":{"start":{"line":19,"column":0},"end":{"line":19,"column":19}},"19":{"start":{"line":20,"column":0},"end":{"line":20,"column":44}},"20":{"start":{"line":21,"column":0},"end":{"line":21,"column":82}},"21":{"start":{"line":22,"column":0},"end":{"line":22,"column":1}},"23":{"start":{"line":24,"column":0},"end":{"line":24,"column":18}},"24":{"start":{"line":25,"column":0},"end":{"line":25,"column":19}},"25":{"start":{"line":26,"column":0},"end":{"line":26,"column":29}},"26":{"start":{"line":27,"column":0},"end":{"line":27,"column":42}},"27":{"start":{"line":28,"column":0},"end":{"line":28,"column":10}},"29":{"start":{"line":30,"column":0},"end":{"line":30,"column":31}},"30":{"start":{"line":31,"column":0},"end":{"line":31,"column":88}},"32":{"start":{"line":33,"column":0},"end":{"line":33,"column":84}},"33":{"start":{"line":34,"column":0},"end":{"line":34,"column":8}},"34":{"start":{"line":35,"column":0},"end":{"line":35,"column":103}},"35":{"start":{"line":36,"column":0},"end":{"line":36,"column":84}},"36":{"start":{"line":37,"column":0},"end":{"line":37,"column":88}},"37":{"start":{"line":38,"column":0},"end":{"line":38,"column":9}},"40":{"start":{"line":41,"column":0},"end":{"line":41,"column":56}},"41":{"start":{"line":42,"column":0},"end":{"line":42,"column":94}},"42":{"start":{"line":43,"column":0},"end":{"line":43,"column":70}},"43":{"start":{"line":44,"column":0},"end":{"line":44,"column":11}},"44":{"start":{"line":45,"column":0},"end":{"line":45,"column":128}},"45":{"start":{"line":46,"column":0},"end":{"line":46,"column":86}},"46":{"start":{"line":47,"column":0},"end":{"line":47,"column":84}},"47":{"start":{"line":48,"column":0},"end":{"line":48,"column":12}},"48":{"start":{"line":49,"column":0},"end":{"line":49,"column":34}},"49":{"start":{"line":50,"column":0},"end":{"line":50,"column":86}},"50":{"start":{"line":51,"column":0},"end":{"line":51,"column":94}},"51":{"start":{"line":52,"column":0},"end":{"line":52,"column":73}},"52":{"start":{"line":53,"column":0},"end":{"line":53,"column":47}},"53":{"start":{"line":54,"column":0},"end":{"line":54,"column":12}},"54":{"start":{"line":55,"column":0},"end":{"line":55,"column":12}},"55":{"start":{"line":56,"column":0},"end":{"line":56,"column":10}},"56":{"start":{"line":57,"column":0},"end":{"line":57,"column":8}},"59":{"start":{"line":60,"column":0},"end":{"line":60,"column":75}},"60":{"start":{"line":61,"column":0},"end":{"line":61,"column":106}},"61":{"start":{"line":62,"column":0},"end":{"line":62,"column":30}},"62":{"start":{"line":63,"column":0},"end":{"line":63,"column":108}},"63":{"start":{"line":64,"column":0},"end":{"line":64,"column":10}},"64":{"start":{"line":65,"column":0},"end":{"line":65,"column":11}},"65":{"start":{"line":66,"column":0},"end":{"line":66,"column":13}},"66":{"start":{"line":67,"column":0},"end":{"line":67,"column":12}},"67":{"start":{"line":68,"column":0},"end":{"line":68,"column":25}},"68":{"start":{"line":69,"column":0},"end":{"line":69,"column":23}},"69":{"start":{"line":70,"column":0},"end":{"line":70,"column":24}},"70":{"start":{"line":71,"column":0},"end":{"line":71,"column":29}},"71":{"start":{"line":72,"column":0},"end":{"line":72,"column":30}},"72":{"start":{"line":73,"column":0},"end":{"line":73,"column":13}},"73":{"start":{"line":74,"column":0},"end":{"line":74,"column":14}},"74":{"start":{"line":75,"column":0},"end":{"line":75,"column":13}},"75":{"start":{"line":76,"column":0},"end":{"line":76,"column":28}},"76":{"start":{"line":77,"column":0},"end":{"line":77,"column":81}},"77":{"start":{"line":78,"column":0},"end":{"line":78,"column":47}},"78":{"start":{"line":79,"column":0},"end":{"line":79,"column":64}},"79":{"start":{"line":80,"column":0},"end":{"line":80,"column":52}},"80":{"start":{"line":81,"column":0},"end":{"line":81,"column":16}},"81":{"start":{"line":82,"column":0},"end":{"line":82,"column":55}},"82":{"start":{"line":83,"column":0},"end":{"line":83,"column":70}},"83":{"start":{"line":84,"column":0},"end":{"line":84,"column":99}},"84":{"start":{"line":85,"column":0},"end":{"line":85,"column":22}},"85":{"start":{"line":86,"column":0},"end":{"line":86,"column":77}},"86":{"start":{"line":87,"column":0},"end":{"line":87,"column":20}},"87":{"start":{"line":88,"column":0},"end":{"line":88,"column":17}},"88":{"start":{"line":89,"column":0},"end":{"line":89,"column":76}},"89":{"start":{"line":90,"column":0},"end":{"line":90,"column":15}},"90":{"start":{"line":91,"column":0},"end":{"line":91,"column":11}},"91":{"start":{"line":92,"column":0},"end":{"line":92,"column":14}},"92":{"start":{"line":93,"column":0},"end":{"line":93,"column":12}},"93":{"start":{"line":94,"column":0},"end":{"line":94,"column":8}},"96":{"start":{"line":97,"column":0},"end":{"line":97,"column":64}},"97":{"start":{"line":98,"column":0},"end":{"line":98,"column":34}},"98":{"start":{"line":99,"column":0},"end":{"line":99,"column":23}},"99":{"start":{"line":100,"column":0},"end":{"line":100,"column":23}},"100":{"start":{"line":101,"column":0},"end":{"line":101,"column":21}},"101":{"start":{"line":102,"column":0},"end":{"line":102,"column":1}},"103":{"start":{"line":104,"column":0},"end":{"line":104,"column":80}},"104":{"start":{"line":105,"column":0},"end":{"line":105,"column":106}},"105":{"start":{"line":106,"column":0},"end":{"line":106,"column":30}},"106":{"start":{"line":107,"column":0},"end":{"line":107,"column":115}},"107":{"start":{"line":108,"column":0},"end":{"line":108,"column":10}},"108":{"start":{"line":109,"column":0},"end":{"line":109,"column":11}},"109":{"start":{"line":110,"column":0},"end":{"line":110,"column":13}},"110":{"start":{"line":111,"column":0},"end":{"line":111,"column":12}},"111":{"start":{"line":112,"column":0},"end":{"line":112,"column":23}},"112":{"start":{"line":113,"column":0},"end":{"line":113,"column":25}},"113":{"start":{"line":114,"column":0},"end":{"line":114,"column":23}},"114":{"start":{"line":115,"column":0},"end":{"line":115,"column":23}},"115":{"start":{"line":116,"column":0},"end":{"line":116,"column":13}},"116":{"start":{"line":117,"column":0},"end":{"line":117,"column":14}},"117":{"start":{"line":118,"column":0},"end":{"line":118,"column":13}},"118":{"start":{"line":119,"column":0},"end":{"line":119,"column":38}},"119":{"start":{"line":120,"column":0},"end":{"line":120,"column":74}},"120":{"start":{"line":121,"column":0},"end":{"line":121,"column":70}},"121":{"start":{"line":122,"column":0},"end":{"line":122,"column":79}},"122":{"start":{"line":123,"column":0},"end":{"line":123,"column":16}},"123":{"start":{"line":124,"column":0},"end":{"line":124,"column":152}},"124":{"start":{"line":125,"column":0},"end":{"line":125,"column":42}},"125":{"start":{"line":126,"column":0},"end":{"line":126,"column":21}},"126":{"start":{"line":127,"column":0},"end":{"line":127,"column":17}},"127":{"start":{"line":128,"column":0},"end":{"line":128,"column":64}},"128":{"start":{"line":129,"column":0},"end":{"line":129,"column":15}},"129":{"start":{"line":130,"column":0},"end":{"line":130,"column":11}},"130":{"start":{"line":131,"column":0},"end":{"line":131,"column":14}},"131":{"start":{"line":132,"column":0},"end":{"line":132,"column":12}},"132":{"start":{"line":133,"column":0},"end":{"line":133,"column":8}},"135":{"start":{"line":136,"column":0},"end":{"line":136,"column":24}},"136":{"start":{"line":137,"column":0},"end":{"line":137,"column":55}},"138":{"start":{"line":139,"column":0},"end":{"line":139,"column":61}},"140":{"start":{"line":141,"column":0},"end":{"line":141,"column":38}},"141":{"start":{"line":142,"column":0},"end":{"line":142,"column":73}},"142":{"start":{"line":143,"column":0},"end":{"line":143,"column":24}},"143":{"start":{"line":144,"column":0},"end":{"line":144,"column":12}},"144":{"start":{"line":145,"column":0},"end":{"line":145,"column":11}},"145":{"start":{"line":146,"column":0},"end":{"line":146,"column":73}},"146":{"start":{"line":147,"column":0},"end":{"line":147,"column":97}},"147":{"start":{"line":148,"column":0},"end":{"line":148,"column":12}},"149":{"start":{"line":150,"column":0},"end":{"line":150,"column":3}},"151":{"start":{"line":152,"column":0},"end":{"line":152,"column":81}},"153":{"start":{"line":154,"column":0},"end":{"line":154,"column":22}},"154":{"start":{"line":155,"column":0},"end":{"line":155,"column":35}},"155":{"start":{"line":156,"column":0},"end":{"line":156,"column":16}},"156":{"start":{"line":157,"column":0},"end":{"line":157,"column":23}},"157":{"start":{"line":158,"column":0},"end":{"line":158,"column":33}},"158":{"start":{"line":159,"column":0},"end":{"line":159,"column":29}},"159":{"start":{"line":160,"column":0},"end":{"line":160,"column":46}},"160":{"start":{"line":161,"column":0},"end":{"line":161,"column":84}},"161":{"start":{"line":162,"column":0},"end":{"line":162,"column":7}},"162":{"start":{"line":163,"column":0},"end":{"line":163,"column":3}},"164":{"start":{"line":165,"column":0},"end":{"line":165,"column":25}},"165":{"start":{"line":166,"column":0},"end":{"line":166,"column":31}},"166":{"start":{"line":167,"column":0},"end":{"line":167,"column":16}},"167":{"start":{"line":168,"column":0},"end":{"line":168,"column":24}},"168":{"start":{"line":169,"column":0},"end":{"line":169,"column":29}},"169":{"start":{"line":170,"column":0},"end":{"line":170,"column":45}},"170":{"start":{"line":171,"column":0},"end":{"line":171,"column":29}},"171":{"start":{"line":172,"column":0},"end":{"line":172,"column":38}},"172":{"start":{"line":173,"column":0},"end":{"line":173,"column":7}},"173":{"start":{"line":174,"column":0},"end":{"line":174,"column":3}},"175":{"start":{"line":176,"column":0},"end":{"line":176,"column":20}},"176":{"start":{"line":177,"column":0},"end":{"line":177,"column":16}},"177":{"start":{"line":178,"column":0},"end":{"line":178,"column":13}},"178":{"start":{"line":179,"column":0},"end":{"line":179,"column":19}},"179":{"start":{"line":180,"column":0},"end":{"line":180,"column":10}},"180":{"start":{"line":181,"column":0},"end":{"line":181,"column":21}},"181":{"start":{"line":182,"column":0},"end":{"line":182,"column":16}},"182":{"start":{"line":183,"column":0},"end":{"line":183,"column":29}},"183":{"start":{"line":184,"column":0},"end":{"line":184,"column":81}},"184":{"start":{"line":185,"column":0},"end":{"line":185,"column":10}},"185":{"start":{"line":186,"column":0},"end":{"line":186,"column":8}},"186":{"start":{"line":187,"column":0},"end":{"line":187,"column":6}},"187":{"start":{"line":188,"column":0},"end":{"line":188,"column":3}},"189":{"start":{"line":190,"column":0},"end":{"line":190,"column":23}},"190":{"start":{"line":191,"column":0},"end":{"line":191,"column":16}},"191":{"start":{"line":192,"column":0},"end":{"line":192,"column":13}},"192":{"start":{"line":193,"column":0},"end":{"line":193,"column":19}},"193":{"start":{"line":194,"column":0},"end":{"line":194,"column":10}},"194":{"start":{"line":195,"column":0},"end":{"line":195,"column":21}},"195":{"start":{"line":196,"column":0},"end":{"line":196,"column":16}},"196":{"start":{"line":197,"column":0},"end":{"line":197,"column":29}},"197":{"start":{"line":198,"column":0},"end":{"line":198,"column":77}},"198":{"start":{"line":199,"column":0},"end":{"line":199,"column":10}},"199":{"start":{"line":200,"column":0},"end":{"line":200,"column":8}},"200":{"start":{"line":201,"column":0},"end":{"line":201,"column":6}},"201":{"start":{"line":202,"column":0},"end":{"line":202,"column":3}},"203":{"start":{"line":204,"column":0},"end":{"line":204,"column":10}},"204":{"start":{"line":205,"column":0},"end":{"line":205,"column":9}},"205":{"start":{"line":206,"column":0},"end":{"line":206,"column":71}},"207":{"start":{"line":208,"column":0},"end":{"line":208,"column":32}},"209":{"start":{"line":210,"column":0},"end":{"line":210,"column":30}},"210":{"start":{"line":211,"column":0},"end":{"line":211,"column":74}},"211":{"start":{"line":212,"column":0},"end":{"line":212,"column":76}},"212":{"start":{"line":213,"column":0},"end":{"line":213,"column":68}},"213":{"start":{"line":214,"column":0},"end":{"line":214,"column":14}},"214":{"start":{"line":215,"column":0},"end":{"line":215,"column":114}},"215":{"start":{"line":216,"column":0},"end":{"line":216,"column":107}},"216":{"start":{"line":217,"column":0},"end":{"line":217,"column":109}},"217":{"start":{"line":218,"column":0},"end":{"line":218,"column":15}},"218":{"start":{"line":219,"column":0},"end":{"line":219,"column":14}},"220":{"start":{"line":221,"column":0},"end":{"line":221,"column":30}},"221":{"start":{"line":222,"column":0},"end":{"line":222,"column":56}},"222":{"start":{"line":223,"column":0},"end":{"line":223,"column":55}},"223":{"start":{"line":224,"column":0},"end":{"line":224,"column":20}},"224":{"start":{"line":225,"column":0},"end":{"line":225,"column":43}},"225":{"start":{"line":226,"column":0},"end":{"line":226,"column":60}},"226":{"start":{"line":227,"column":0},"end":{"line":227,"column":20}},"227":{"start":{"line":228,"column":0},"end":{"line":228,"column":14}},"229":{"start":{"line":230,"column":0},"end":{"line":230,"column":43}},"230":{"start":{"line":231,"column":0},"end":{"line":231,"column":52}},"231":{"start":{"line":232,"column":0},"end":{"line":232,"column":10}},"233":{"start":{"line":234,"column":0},"end":{"line":234,"column":1}},"235":{"start":{"line":236,"column":0},"end":{"line":236,"column":23}}},"s":{"0":1,"1":1,"5":1,"6":1,"7":1,"8":1,"9":1,"10":1,"16":1,"18":1,"19":1,"20":1,"21":1,"23":1,"24":1,"25":1,"26":1,"27":1,"29":1,"30":36,"32":1,"33":12,"34":12,"35":12,"36":12,"37":12,"40":1,"41":4,"42":4,"43":4,"44":4,"45":4,"46":4,"47":4,"48":4,"49":4,"50":4,"51":4,"52":4,"53":4,"54":4,"55":4,"56":4,"59":1,"60":4,"61":4,"62":4,"63":4,"64":4,"65":4,"66":4,"67":4,"68":4,"69":4,"70":4,"71":4,"72":4,"73":4,"74":4,"75":4,"76":4,"77":4,"78":4,"79":4,"80":4,"81":4,"82":4,"83":4,"84":4,"85":4,"86":4,"87":4,"88":4,"89":4,"90":4,"91":4,"92":4,"93":4,"96":1,"97":1,"98":1,"99":1,"100":1,"101":1,"103":1,"104":4,"105":4,"106":4,"107":4,"108":4,"109":4,"110":4,"111":4,"112":4,"113":4,"114":4,"115":4,"116":4,"117":4,"118":4,"119":4,"120":4,"121":4,"122":4,"123":4,"124":4,"125":4,"126":4,"127":4,"128":4,"129":4,"130":4,"131":4,"132":4,"135":1,"136":7,"138":7,"140":7,"141":7,"142":7,"143":1,"144":1,"145":1,"146":1,"147":1,"149":1,"151":4,"153":4,"154":4,"155":4,"156":4,"157":4,"158":4,"159":4,"160":4,"161":4,"162":4,"164":4,"165":4,"166":4,"167":4,"168":4,"169":4,"170":4,"171":4,"172":4,"173":4,"175":4,"176":4,"177":4,"178":4,"179":4,"180":4,"181":4,"182":4,"183":4,"184":4,"185":4,"186":4,"187":4,"189":4,"190":4,"191":4,"192":4,"193":4,"194":4,"195":4,"196":4,"197":4,"198":4,"199":4,"200":4,"201":4,"203":4,"204":4,"205":4,"207":4,"209":4,"210":4,"211":4,"212":4,"213":4,"214":4,"215":4,"216":4,"217":4,"218":4,"220":4,"221":4,"222":4,"223":4,"224":4,"225":4,"226":4,"227":4,"229":4,"230":4,"231":4,"233":4,"235":1},"branchMap":{"0":{"type":"branch","line":30,"loc":{"start":{"line":30,"column":15},"end":{"line":31,"column":88}},"locations":[{"start":{"line":30,"column":15},"end":{"line":31,"column":88}}]},"1":{"type":"branch","line":31,"loc":{"start":{"line":31,"column":10},"end":{"line":31,"column":33}},"locations":[{"start":{"line":31,"column":10},"end":{"line":31,"column":33}}]},"2":{"type":"branch","line":31,"loc":{"start":{"line":31,"column":17},"end":{"line":31,"column":88}},"locations":[{"start":{"line":31,"column":17},"end":{"line":31,"column":88}}]},"3":{"type":"branch","line":31,"loc":{"start":{"line":31,"column":50},"end":{"line":31,"column":88}},"locations":[{"start":{"line":31,"column":50},"end":{"line":31,"column":88}}]},"4":{"type":"branch","line":33,"loc":{"start":{"line":33,"column":19},"end":{"line":38,"column":9}},"locations":[{"start":{"line":33,"column":19},"end":{"line":38,"column":9}}]},"5":{"type":"branch","line":41,"loc":{"start":{"line":41,"column":19},"end":{"line":57,"column":8}},"locations":[{"start":{"line":41,"column":19},"end":{"line":57,"column":8}}]},"6":{"type":"branch","line":60,"loc":{"start":{"line":60,"column":22},"end":{"line":94,"column":8}},"locations":[{"start":{"line":60,"column":22},"end":{"line":94,"column":8}}]},"7":{"type":"branch","line":76,"loc":{"start":{"line":76,"column":22},"end":{"line":90,"column":15}},"locations":[{"start":{"line":76,"column":22},"end":{"line":90,"column":15}}]},"8":{"type":"branch","line":104,"loc":{"start":{"line":104,"column":21},"end":{"line":133,"column":8}},"locations":[{"start":{"line":104,"column":21},"end":{"line":133,"column":8}}]},"9":{"type":"branch","line":119,"loc":{"start":{"line":119,"column":27},"end":{"line":129,"column":15}},"locations":[{"start":{"line":119,"column":27},"end":{"line":129,"column":15}}]},"10":{"type":"branch","line":136,"loc":{"start":{"line":136,"column":17},"end":{"line":234,"column":1}},"locations":[{"start":{"line":136,"column":17},"end":{"line":234,"column":1}}]},"11":{"type":"branch","line":141,"loc":{"start":{"line":141,"column":15},"end":{"line":141,"column":38}},"locations":[{"start":{"line":141,"column":15},"end":{"line":141,"column":38}}]},"12":{"type":"branch","line":141,"loc":{"start":{"line":141,"column":36},"end":{"line":142,"column":15}},"locations":[{"start":{"line":141,"column":36},"end":{"line":142,"column":15}}]},"13":{"type":"branch","line":142,"loc":{"start":{"line":142,"column":6},"end":{"line":142,"column":22}},"locations":[{"start":{"line":142,"column":6},"end":{"line":142,"column":22}}]},"14":{"type":"branch","line":142,"loc":{"start":{"line":142,"column":22},"end":{"line":142,"column":73}},"locations":[{"start":{"line":142,"column":22},"end":{"line":142,"column":73}}]},"15":{"type":"branch","line":142,"loc":{"start":{"line":142,"column":71},"end":{"line":143,"column":23}},"locations":[{"start":{"line":142,"column":71},"end":{"line":143,"column":23}}]},"16":{"type":"branch","line":143,"loc":{"start":{"line":143,"column":23},"end":{"line":150,"column":3}},"locations":[{"start":{"line":143,"column":23},"end":{"line":150,"column":3}}]},"17":{"type":"branch","line":150,"loc":{"start":{"line":150,"column":2},"end":{"line":234,"column":1}},"locations":[{"start":{"line":150,"column":2},"end":{"line":234,"column":1}}]}},"b":{"0":[36],"1":[12],"2":[24],"3":[0],"4":[12],"5":[4],"6":[4],"7":[4],"8":[4],"9":[4],"10":[7],"11":[1],"12":[6],"13":[5],"14":[1],"15":[5],"16":[1],"17":[4]},"fnMap":{"0":{"name":"dirCls","decl":{"start":{"line":30,"column":15},"end":{"line":31,"column":88}},"loc":{"start":{"line":30,"column":15},"end":{"line":31,"column":88}},"line":30},"1":{"name":"ChangeCard","decl":{"start":{"line":33,"column":19},"end":{"line":38,"column":9}},"loc":{"start":{"line":33,"column":19},"end":{"line":38,"column":9}},"line":33},"2":{"name":"SummaryBar","decl":{"start":{"line":41,"column":19},"end":{"line":57,"column":8}},"loc":{"start":{"line":41,"column":19},"end":{"line":57,"column":8}},"line":41},"3":{"name":"HoldingsTable","decl":{"start":{"line":60,"column":22},"end":{"line":94,"column":8}},"loc":{"start":{"line":60,"column":22},"end":{"line":94,"column":8}},"line":60},"4":{"name":"ContribTable","decl":{"start":{"line":104,"column":21},"end":{"line":133,"column":8}},"loc":{"start":{"line":104,"column":21},"end":{"line":133,"column":8}},"line":104},"5":{"name":"Fidelity","decl":{"start":{"line":136,"column":17},"end":{"line":234,"column":1}},"loc":{"start":{"line":136,"column":17},"end":{"line":234,"column":1}},"line":136},"6":{"name":"callback","decl":{"start":{"line":184,"column":20},"end":{"line":184,"column":81}},"loc":{"start":{"line":184,"column":20},"end":{"line":184,"column":81}},"line":184},"7":{"name":"callback","decl":{"start":{"line":198,"column":20},"end":{"line":198,"column":77}},"loc":{"start":{"line":198,"column":20},"end":{"line":198,"column":77}},"line":198}},"f":{"0":36,"1":12,"2":4,"3":4,"4":4,"5":7,"6":0,"7":0}}
,"/Users/jason/workspace/apex-dashboard/frontend/src/pages/International.tsx": {"path":"/Users/jason/workspace/apex-dashboard/frontend/src/pages/International.tsx","all":false,"statementMap":{"0":{"start":{"line":1,"column":0},"end":{"line":1,"column":51}},"1":{"start":{"line":2,"column":0},"end":{"line":2,"column":57}},"2":{"start":{"line":3,"column":0},"end":{"line":3,"column":53}},"3":{"start":{"line":4,"column":0},"end":{"line":4,"column":101}},"5":{"start":{"line":6,"column":0},"end":{"line":6,"column":29}},"6":{"start":{"line":7,"column":0},"end":{"line":7,"column":54}},"8":{"start":{"line":9,"column":0},"end":{"line":9,"column":38}},"9":{"start":{"line":10,"column":0},"end":{"line":10,"column":73}},"11":{"start":{"line":12,"column":0},"end":{"line":12,"column":30}},"13":{"start":{"line":14,"column":0},"end":{"line":14,"column":10}},"14":{"start":{"line":15,"column":0},"end":{"line":15,"column":9}},"15":{"start":{"line":16,"column":0},"end":{"line":16,"column":79}},"17":{"start":{"line":18,"column":0},"end":{"line":18,"column":70}},"18":{"start":{"line":19,"column":0},"end":{"line":19,"column":13}},"19":{"start":{"line":20,"column":0},"end":{"line":20,"column":17}},"20":{"start":{"line":21,"column":0},"end":{"line":21,"column":19}},"21":{"start":{"line":22,"column":0},"end":{"line":22,"column":89}},"22":{"start":{"line":23,"column":0},"end":{"line":23,"column":20}},"23":{"start":{"line":24,"column":0},"end":{"line":24,"column":19}},"24":{"start":{"line":25,"column":0},"end":{"line":25,"column":39}},"25":{"start":{"line":26,"column":0},"end":{"line":26,"column":78}},"26":{"start":{"line":27,"column":0},"end":{"line":27,"column":55}},"27":{"start":{"line":28,"column":0},"end":{"line":28,"column":39}},"28":{"start":{"line":29,"column":0},"end":{"line":29,"column":69}},"29":{"start":{"line":30,"column":0},"end":{"line":30,"column":39}},"30":{"start":{"line":31,"column":0},"end":{"line":31,"column":21}},"31":{"start":{"line":32,"column":0},"end":{"line":32,"column":17}},"32":{"start":{"line":33,"column":0},"end":{"line":33,"column":20}},"33":{"start":{"line":34,"column":0},"end":{"line":34,"column":18}},"34":{"start":{"line":35,"column":0},"end":{"line":35,"column":14}},"35":{"start":{"line":36,"column":0},"end":{"line":36,"column":18}},"37":{"start":{"line":38,"column":0},"end":{"line":38,"column":13}},"38":{"start":{"line":39,"column":0},"end":{"line":39,"column":61}},"39":{"start":{"line":40,"column":0},"end":{"line":40,"column":81}},"40":{"start":{"line":41,"column":0},"end":{"line":41,"column":76}},"43":{"start":{"line":44,"column":0},"end":{"line":44,"column":14}},"44":{"start":{"line":45,"column":0},"end":{"line":45,"column":15}},"45":{"start":{"line":46,"column":0},"end":{"line":46,"column":61}},"46":{"start":{"line":47,"column":0},"end":{"line":47,"column":85}},"47":{"start":{"line":48,"column":0},"end":{"line":48,"column":76}},"50":{"start":{"line":51,"column":0},"end":{"line":51,"column":14}},"51":{"start":{"line":52,"column":0},"end":{"line":52,"column":15}},"52":{"start":{"line":53,"column":0},"end":{"line":53,"column":14}},"53":{"start":{"line":54,"column":0},"end":{"line":54,"column":10}},"55":{"start":{"line":56,"column":0},"end":{"line":56,"column":1}},"57":{"start":{"line":58,"column":0},"end":{"line":58,"column":28}}},"s":{"0":1,"1":1,"2":1,"3":1,"5":1,"6":3,"8":3,"9":3,"11":1,"13":1,"14":1,"15":1,"17":1,"18":1,"19":1,"20":1,"21":1,"22":1,"23":1,"24":1,"25":2,"26":2,"27":2,"28":2,"29":2,"30":2,"31":1,"32":1,"33":1,"34":1,"35":1,"37":1,"38":1,"39":1,"40":1,"43":1,"44":1,"45":1,"46":1,"47":1,"50":1,"51":1,"52":1,"53":1,"55":1,"57":1},"branchMap":{"0":{"type":"branch","line":6,"loc":{"start":{"line":6,"column":22},"end":{"line":56,"column":1}},"locations":[{"start":{"line":6,"column":22},"end":{"line":56,"column":1}}]},"1":{"type":"branch","line":9,"loc":{"start":{"line":9,"column":15},"end":{"line":9,"column":38}},"locations":[{"start":{"line":9,"column":15},"end":{"line":9,"column":38}}]},"2":{"type":"branch","line":9,"loc":{"start":{"line":9,"column":36},"end":{"line":10,"column":15}},"locations":[{"start":{"line":9,"column":36},"end":{"line":10,"column":15}}]},"3":{"type":"branch","line":10,"loc":{"start":{"line":10,"column":6},"end":{"line":10,"column":22}},"locations":[{"start":{"line":10,"column":6},"end":{"line":10,"column":22}}]},"4":{"type":"branch","line":10,"loc":{"start":{"line":10,"column":22},"end":{"line":56,"column":1}},"locations":[{"start":{"line":10,"column":22},"end":{"line":56,"column":1}}]},"5":{"type":"branch","line":25,"loc":{"start":{"line":25,"column":31},"end":{"line":31,"column":21}},"locations":[{"start":{"line":25,"column":31},"end":{"line":31,"column":21}}]}},"b":{"0":[3],"1":[1],"2":[2],"3":[1],"4":[1],"5":[2]},"fnMap":{"0":{"name":"International","decl":{"start":{"line":6,"column":22},"end":{"line":56,"column":1}},"loc":{"start":{"line":6,"column":22},"end":{"line":56,"column":1}},"line":6}},"f":{"0":3}}
,"/Users/jason/workspace/apex-dashboard/frontend/src/pages/MorganStanley.tsx": {"path":"/Users/jason/workspace/apex-dashboard/frontend/src/pages/MorganStanley.tsx","all":false,"statementMap":{"0":{"start":{"line":1,"column":0},"end":{"line":1,"column":43}},"1":{"start":{"line":2,"column":0},"end":{"line":2,"column":8}},"5":{"start":{"line":6,"column":0},"end":{"line":6,"column":35}},"6":{"start":{"line":7,"column":0},"end":{"line":7,"column":57}},"7":{"start":{"line":8,"column":0},"end":{"line":8,"column":57}},"8":{"start":{"line":9,"column":0},"end":{"line":9,"column":53}},"9":{"start":{"line":10,"column":0},"end":{"line":10,"column":57}},"10":{"start":{"line":11,"column":0},"end":{"line":11,"column":8}},"16":{"start":{"line":17,"column":0},"end":{"line":17,"column":100}},"18":{"start":{"line":19,"column":0},"end":{"line":19,"column":19}},"19":{"start":{"line":20,"column":0},"end":{"line":20,"column":44}},"20":{"start":{"line":21,"column":0},"end":{"line":21,"column":82}},"21":{"start":{"line":22,"column":0},"end":{"line":22,"column":1}},"23":{"start":{"line":24,"column":0},"end":{"line":24,"column":18}},"24":{"start":{"line":25,"column":0},"end":{"line":25,"column":19}},"25":{"start":{"line":26,"column":0},"end":{"line":26,"column":29}},"26":{"start":{"line":27,"column":0},"end":{"line":27,"column":42}},"27":{"start":{"line":28,"column":0},"end":{"line":28,"column":10}},"29":{"start":{"line":30,"column":0},"end":{"line":30,"column":31}},"30":{"start":{"line":31,"column":0},"end":{"line":31,"column":88}},"32":{"start":{"line":33,"column":0},"end":{"line":33,"column":84}},"33":{"start":{"line":34,"column":0},"end":{"line":34,"column":8}},"34":{"start":{"line":35,"column":0},"end":{"line":35,"column":103}},"35":{"start":{"line":36,"column":0},"end":{"line":36,"column":84}},"36":{"start":{"line":37,"column":0},"end":{"line":37,"column":88}},"37":{"start":{"line":38,"column":0},"end":{"line":38,"column":9}},"40":{"start":{"line":41,"column":0},"end":{"line":41,"column":56}},"41":{"start":{"line":42,"column":0},"end":{"line":42,"column":94}},"42":{"start":{"line":43,"column":0},"end":{"line":43,"column":70}},"43":{"start":{"line":44,"column":0},"end":{"line":44,"column":11}},"44":{"start":{"line":45,"column":0},"end":{"line":45,"column":128}},"45":{"start":{"line":46,"column":0},"end":{"line":46,"column":86}},"46":{"start":{"line":47,"column":0},"end":{"line":47,"column":84}},"47":{"start":{"line":48,"column":0},"end":{"line":48,"column":12}},"48":{"start":{"line":49,"column":0},"end":{"line":49,"column":34}},"49":{"start":{"line":50,"column":0},"end":{"line":50,"column":86}},"50":{"start":{"line":51,"column":0},"end":{"line":51,"column":94}},"51":{"start":{"line":52,"column":0},"end":{"line":52,"column":73}},"52":{"start":{"line":53,"column":0},"end":{"line":53,"column":47}},"53":{"start":{"line":54,"column":0},"end":{"line":54,"column":12}},"54":{"start":{"line":55,"column":0},"end":{"line":55,"column":12}},"55":{"start":{"line":56,"column":0},"end":{"line":56,"column":10}},"56":{"start":{"line":57,"column":0},"end":{"line":57,"column":8}},"59":{"start":{"line":60,"column":0},"end":{"line":60,"column":75}},"60":{"start":{"line":61,"column":0},"end":{"line":61,"column":106}},"61":{"start":{"line":62,"column":0},"end":{"line":62,"column":30}},"62":{"start":{"line":63,"column":0},"end":{"line":63,"column":108}},"63":{"start":{"line":64,"column":0},"end":{"line":64,"column":10}},"64":{"start":{"line":65,"column":0},"end":{"line":65,"column":11}},"65":{"start":{"line":66,"column":0},"end":{"line":66,"column":13}},"66":{"start":{"line":67,"column":0},"end":{"line":67,"column":12}},"67":{"start":{"line":68,"column":0},"end":{"line":68,"column":25}},"68":{"start":{"line":69,"column":0},"end":{"line":69,"column":23}},"69":{"start":{"line":70,"column":0},"end":{"line":70,"column":24}},"70":{"start":{"line":71,"column":0},"end":{"line":71,"column":29}},"71":{"start":{"line":72,"column":0},"end":{"line":72,"column":30}},"72":{"start":{"line":73,"column":0},"end":{"line":73,"column":13}},"73":{"start":{"line":74,"column":0},"end":{"line":74,"column":14}},"74":{"start":{"line":75,"column":0},"end":{"line":75,"column":13}},"75":{"start":{"line":76,"column":0},"end":{"line":76,"column":28}},"76":{"start":{"line":77,"column":0},"end":{"line":77,"column":81}},"77":{"start":{"line":78,"column":0},"end":{"line":78,"column":47}},"78":{"start":{"line":79,"column":0},"end":{"line":79,"column":64}},"79":{"start":{"line":80,"column":0},"end":{"line":80,"column":52}},"80":{"start":{"line":81,"column":0},"end":{"line":81,"column":16}},"81":{"start":{"line":82,"column":0},"end":{"line":82,"column":55}},"82":{"start":{"line":83,"column":0},"end":{"line":83,"column":74}},"83":{"start":{"line":84,"column":0},"end":{"line":84,"column":22}},"84":{"start":{"line":85,"column":0},"end":{"line":85,"column":65}},"85":{"start":{"line":86,"column":0},"end":{"line":86,"column":51}},"86":{"start":{"line":87,"column":0},"end":{"line":87,"column":20}},"87":{"start":{"line":88,"column":0},"end":{"line":88,"column":22}},"88":{"start":{"line":89,"column":0},"end":{"line":89,"column":77}},"89":{"start":{"line":90,"column":0},"end":{"line":90,"column":20}},"90":{"start":{"line":91,"column":0},"end":{"line":91,"column":17}},"91":{"start":{"line":92,"column":0},"end":{"line":92,"column":76}},"92":{"start":{"line":93,"column":0},"end":{"line":93,"column":15}},"93":{"start":{"line":94,"column":0},"end":{"line":94,"column":11}},"94":{"start":{"line":95,"column":0},"end":{"line":95,"column":14}},"95":{"start":{"line":96,"column":0},"end":{"line":96,"column":12}},"96":{"start":{"line":97,"column":0},"end":{"line":97,"column":8}},"99":{"start":{"line":100,"column":0},"end":{"line":100,"column":64}},"100":{"start":{"line":101,"column":0},"end":{"line":101,"column":34}},"101":{"start":{"line":102,"column":0},"end":{"line":102,"column":23}},"102":{"start":{"line":103,"column":0},"end":{"line":103,"column":23}},"103":{"start":{"line":104,"column":0},"end":{"line":104,"column":21}},"104":{"start":{"line":105,"column":0},"end":{"line":105,"column":1}},"106":{"start":{"line":107,"column":0},"end":{"line":107,"column":80}},"107":{"start":{"line":108,"column":0},"end":{"line":108,"column":106}},"108":{"start":{"line":109,"column":0},"end":{"line":109,"column":30}},"109":{"start":{"line":110,"column":0},"end":{"line":110,"column":130}},"110":{"start":{"line":111,"column":0},"end":{"line":111,"column":10}},"111":{"start":{"line":112,"column":0},"end":{"line":112,"column":11}},"112":{"start":{"line":113,"column":0},"end":{"line":113,"column":13}},"113":{"start":{"line":114,"column":0},"end":{"line":114,"column":12}},"114":{"start":{"line":115,"column":0},"end":{"line":115,"column":23}},"115":{"start":{"line":116,"column":0},"end":{"line":116,"column":25}},"116":{"start":{"line":117,"column":0},"end":{"line":117,"column":23}},"117":{"start":{"line":118,"column":0},"end":{"line":118,"column":23}},"118":{"start":{"line":119,"column":0},"end":{"line":119,"column":13}},"119":{"start":{"line":120,"column":0},"end":{"line":120,"column":14}},"120":{"start":{"line":121,"column":0},"end":{"line":121,"column":13}},"121":{"start":{"line":122,"column":0},"end":{"line":122,"column":38}},"122":{"start":{"line":123,"column":0},"end":{"line":123,"column":74}},"123":{"start":{"line":124,"column":0},"end":{"line":124,"column":70}},"124":{"start":{"line":125,"column":0},"end":{"line":125,"column":83}},"125":{"start":{"line":126,"column":0},"end":{"line":126,"column":16}},"126":{"start":{"line":127,"column":0},"end":{"line":127,"column":164}},"127":{"start":{"line":128,"column":0},"end":{"line":128,"column":42}},"128":{"start":{"line":129,"column":0},"end":{"line":129,"column":21}},"129":{"start":{"line":130,"column":0},"end":{"line":130,"column":17}},"130":{"start":{"line":131,"column":0},"end":{"line":131,"column":64}},"131":{"start":{"line":132,"column":0},"end":{"line":132,"column":15}},"132":{"start":{"line":133,"column":0},"end":{"line":133,"column":11}},"133":{"start":{"line":134,"column":0},"end":{"line":134,"column":14}},"134":{"start":{"line":135,"column":0},"end":{"line":135,"column":12}},"135":{"start":{"line":136,"column":0},"end":{"line":136,"column":8}},"138":{"start":{"line":139,"column":0},"end":{"line":139,"column":29}},"139":{"
[...]
olumn":0},"end":{"line":13,"column":9}},"13":{"start":{"line":14,"column":0},"end":{"line":14,"column":8}},"21":{"start":{"line":22,"column":0},"end":{"line":22,"column":71}},"22":{"start":{"line":23,"column":0},"end":{"line":23,"column":106}},"23":{"start":{"line":24,"column":0},"end":{"line":24,"column":14}},"24":{"start":{"line":25,"column":0},"end":{"line":25,"column":8}},"27":{"start":{"line":28,"column":0},"end":{"line":28,"column":71}},"28":{"start":{"line":29,"column":0},"end":{"line":29,"column":106}},"29":{"start":{"line":30,"column":0},"end":{"line":30,"column":14}},"30":{"start":{"line":31,"column":0},"end":{"line":31,"column":8}},"33":{"start":{"line":34,"column":0},"end":{"line":34,"column":71}},"34":{"start":{"line":35,"column":0},"end":{"line":35,"column":81}},"35":{"start":{"line":36,"column":0},"end":{"line":36,"column":14}},"36":{"start":{"line":37,"column":0},"end":{"line":37,"column":8}},"45":{"start":{"line":46,"column":0},"end":{"line":46,"column":73}},"46":{"start":{"line":47,"column":0},"end":{"line":47,"column":6}},"47":{"start":{"line":48,"column":0},"end":{"line":48,"column":17}},"48":{"start":{"line":49,"column":0},"end":{"line":49,"column":176}},"50":{"start":{"line":51,"column":0},"end":{"line":51,"column":14}},"51":{"start":{"line":52,"column":0},"end":{"line":52,"column":8}},"62":{"start":{"line":63,"column":0},"end":{"line":63,"column":114}},"63":{"start":{"line":64,"column":0},"end":{"line":64,"column":89}},"64":{"start":{"line":65,"column":0},"end":{"line":65,"column":62}},"65":{"start":{"line":66,"column":0},"end":{"line":66,"column":100}},"66":{"start":{"line":67,"column":0},"end":{"line":67,"column":13}},"67":{"start":{"line":68,"column":0},"end":{"line":68,"column":10}},"68":{"start":{"line":69,"column":0},"end":{"line":69,"column":77}},"69":{"start":{"line":70,"column":0},"end":{"line":70,"column":8}},"76":{"start":{"line":77,"column":0},"end":{"line":77,"column":52}},"77":{"start":{"line":78,"column":0},"end":{"line":78,"column":62}},"80":{"start":{"line":81,"column":0},"end":{"line":81,"column":62}},"81":{"start":{"line":82,"column":0},"end":{"line":82,"column":139}},"82":{"start":{"line":83,"column":0},"end":{"line":83,"column":14}},"83":{"start":{"line":84,"column":0},"end":{"line":84,"column":7}},"91":{"start":{"line":92,"column":0},"end":{"line":92,"column":62}},"92":{"start":{"line":93,"column":0},"end":{"line":93,"column":101}},"95":{"start":{"line":96,"column":0},"end":{"line":96,"column":70}},"96":{"start":{"line":97,"column":0},"end":{"line":97,"column":107}},"97":{"start":{"line":98,"column":0},"end":{"line":98,"column":14}},"98":{"start":{"line":99,"column":0},"end":{"line":99,"column":7}},"101":{"start":{"line":102,"column":0},"end":{"line":102,"column":40}},"102":{"start":{"line":103,"column":0},"end":{"line":103,"column":77}}},"s":{"7":1,"8":44,"9":44,"10":44,"11":44,"12":44,"13":44,"21":1,"22":21,"23":21,"24":21,"27":1,"28":20,"29":20,"30":20,"33":1,"34":21,"35":21,"36":21,"45":1,"46":87,"47":87,"48":87,"50":87,"51":87,"62":1,"63":46,"64":46,"65":46,"66":46,"67":46,"68":46,"69":46,"76":1,"77":37,"80":1,"81":174,"82":174,"83":174,"91":1,"92":155,"95":1,"96":24,"97":24,"98":24,"101":1,"102":31},"branchMap":{"0":{"type":"branch","line":8,"loc":{"start":{"line":8,"column":29},"end":{"line":14,"column":8}},"locations":[{"start":{"line":8,"column":29},"end":{"line":14,"column":8}}]},"1":{"type":"branch","line":12,"loc":{"start":{"line":12,"column":7},"end":{"line":12,"column":94}},"locations":[{"start":{"line":12,"column":7},"end":{"line":12,"column":94}}]},"2":{"type":"branch","line":22,"loc":{"start":{"line":22,"column":21},"end":{"line":25,"column":8}},"locations":[{"start":{"line":22,"column":21},"end":{"line":25,"column":8}}]},"3":{"type":"branch","line":28,"loc":{"start":{"line":28,"column":21},"end":{"line":31,"column":8}},"locations":[{"start":{"line":28,"column":21},"end":{"line":31,"column":8}}]},"4":{"type":"branch","line":34,"loc":{"start":{"line":34,"column":21},"end":{"line":37,"column":8}},"locations":[{"start":{"line":34,"column":21},"end":{"line":37,"column":8}}]},"5":{"type":"branch","line":46,"loc":{"start":{"line":46,"column":20},"end":{"line":52,"column":8}},"locations":[{"start":{"line":46,"column":20},"end":{"line":52,"column":8}}]},"6":{"type":"branch","line":63,"loc":{"start":{"line":63,"column":25},"end":{"line":70,"column":8}},"locations":[{"start":{"line":63,"column":25},"end":{"line":70,"column":8}}]},"7":{"type":"branch","line":69,"loc":{"start":{"line":69,"column":20},"end":{"line":69,"column":57}},"locations":[{"start":{"line":69,"column":20},"end":{"line":69,"column":57}}]},"8":{"type":"branch","line":69,"loc":{"start":{"line":69,"column":34},"end":{"line":69,"column":62}},"locations":[{"start":{"line":69,"column":34},"end":{"line":69,"column":62}}]},"9":{"type":"branch","line":77,"loc":{"start":{"line":77,"column":21},"end":{"line":78,"column":62}},"locations":[{"start":{"line":77,"column":21},"end":{"line":78,"column":62}}]},"10":{"type":"branch","line":81,"loc":{"start":{"line":81,"column":18},"end":{"line":84,"column":7}},"locations":[{"start":{"line":81,"column":18},"end":{"line":84,"column":7}}]},"11":{"type":"branch","line":92,"loc":{"start":{"line":92,"column":18},"end":{"line":93,"column":101}},"locations":[{"start":{"line":92,"column":18},"end":{"line":93,"column":101}}]},"12":{"type":"branch","line":96,"loc":{"start":{"line":96,"column":26},"end":{"line":99,"column":7}},"locations":[{"start":{"line":96,"column":26},"end":{"line":99,"column":7}}]},"13":{"type":"branch","line":102,"loc":{"start":{"line":102,"column":24},"end":{"line":103,"column":77}},"locations":[{"start":{"line":102,"column":24},"end":{"line":103,"column":77}}]},"14":{"type":"branch","line":103,"loc":{"start":{"line":103,"column":10},"end":{"line":103,"column":33}},"locations":[{"start":{"line":103,"column":10},"end":{"line":103,"column":33}}]},"15":{"type":"branch","line":103,"loc":{"start":{"line":103,"column":17},"end":{"line":103,"column":77}},"locations":[{"start":{"line":103,"column":17},"end":{"line":103,"column":77}}]},"16":{"type":"branch","line":103,"loc":{"start":{"line":103,"column":41},"end":{"line":103,"column":66}},"locations":[{"start":{"line":103,"column":41},"end":{"line":103,"column":66}}]},"17":{"type":"branch","line":103,"loc":{"start":{"line":103,"column":50},"end":{"line":103,"column":77}},"locations":[{"start":{"line":103,"column":50},"end":{"line":103,"column":77}}]}},"b":{"0":[44],"1":[42],"2":[21],"3":[20],"4":[21],"5":[87],"6":[46],"7":[43],"8":[3],"9":[37],"10":[174],"11":[155],"12":[24],"13":[31],"14":[25],"15":[6],"16":[5],"17":[1]},"fnMap":{"0":{"name":"SectionHeader","decl":{"start":{"line":8,"column":29},"end":{"line":14,"column":8}},"loc":{"start":{"line":8,"column":29},"end":{"line":14,"column":8}},"line":8},"1":{"name":"Grid4","decl":{"start":{"line":22,"column":21},"end":{"line":25,"column":8}},"loc":{"start":{"line":22,"column":21},"end":{"line":25,"column":8}},"line":22},"2":{"name":"Grid3","decl":{"start":{"line":28,"column":21},"end":{"line":31,"column":8}},"loc":{"start":{"line":28,"column":21},"end":{"line":31,"column":8}},"line":28},"3":{"name":"Grid2","decl":{"start":{"line":34,"column":21},"end":{"line":37,"column":8}},"loc":{"start":{"line":34,"column":21},"end":{"line":37,"column":8}},"line":34},"4":{"name":"Card","decl":{"start":{"line":46,"column":20},"end":{"line":52,"column":8}},"loc":{"start":{"line":46,"column":20},"end":{"line":52,"column":8}},"line":46},"5":{"name":"ChartCard","decl":{"start":{"line":63,"column":25},"end":{"line":70,"column":8}},"loc":{"start":{"line":63,"column":25},"end":{"line":70,"column":8}},"line":63},"6":{"name":"Table","decl":{"start":{"line":77,"column":21},"end":{"line":78,"column":62}},"loc":{"start":{"line":77,"column":21},"end":{"line":78,"column":62}},"line":77},"7":{"name":"Th","decl":{"start":{"line":81,"column":18},"end":{"line":84,"column":7}},"loc":{"start":{"line":81,"column":18},"end":{"line":84,"column":7}},"line":81},"8":{"name":"Td","decl":{"start":{"line":92,"column":18},"end":{"line":93,"column":101}},"loc":{"start":{"line":92,"column":18},"end":{"line":93,"column":101}},"line":92},"9":{"name":"TickerCell","decl":{"start":{"line":96,"column":26},"end":{"line":99,"column":7}},"loc":{"start":{"line":96,"column":26},"end":{"line":99,"column":7}},"line":96},"10":{"name":"dirClass","decl":{"start":{"line":102,"column":24},"end":{"line":103,"column":77}},"loc":{"start":{"line":102,"column":24},"end":{"line":103,"column":77}},"line":102}},"f":{"0":44,"1":21,"2":20,"3":21,"4":87,"5":46,"6":37,"7":174,"8":155,"9":24,"10":31}}
,"/Users/jason/workspace/apex-dashboard/frontend/src/services/market.ts": {"path":"/Users/jason/workspace/apex-dashboard/frontend/src/services/market.ts","all":false,"statementMap":{"10":{"start":{"line":11,"column":0},"end":{"line":11,"column":54}},"11":{"start":{"line":12,"column":0},"end":{"line":12,"column":43}},"12":{"start":{"line":13,"column":0},"end":{"line":13,"column":66}},"13":{"start":{"line":14,"column":0},"end":{"line":14,"column":52}},"14":{"start":{"line":15,"column":0},"end":{"line":15,"column":13}},"15":{"start":{"line":16,"column":0},"end":{"line":16,"column":1}},"17":{"start":{"line":18,"column":0},"end":{"line":18,"column":68}},"18":{"start":{"line":19,"column":0},"end":{"line":19,"column":45}},"19":{"start":{"line":20,"column":0},"end":{"line":20,"column":19}},"20":{"start":{"line":21,"column":0},"end":{"line":21,"column":52}},"21":{"start":{"line":22,"column":0},"end":{"line":22,"column":31}},"22":{"start":{"line":23,"column":0},"end":{"line":23,"column":4}},"23":{"start":{"line":24,"column":0},"end":{"line":24,"column":66}},"24":{"start":{"line":25,"column":0},"end":{"line":25,"column":52}},"25":{"start":{"line":26,"column":0},"end":{"line":26,"column":13}},"26":{"start":{"line":27,"column":0},"end":{"line":27,"column":1}},"28":{"start":{"line":29,"column":0},"end":{"line":29,"column":30}},"29":{"start":{"line":30,"column":0},"end":{"line":30,"column":67}},"30":{"start":{"line":31,"column":0},"end":{"line":31,"column":64}},"31":{"start":{"line":32,"column":0},"end":{"line":32,"column":61}},"32":{"start":{"line":33,"column":0},"end":{"line":33,"column":88}},"33":{"start":{"line":34,"column":0},"end":{"line":34,"column":80}},"34":{"start":{"line":35,"column":0},"end":{"line":35,"column":89}},"35":{"start":{"line":36,"column":0},"end":{"line":36,"column":78}},"36":{"start":{"line":37,"column":0},"end":{"line":37,"column":70}},"38":{"start":{"line":39,"column":0},"end":{"line":39,"column":69}},"39":{"start":{"line":40,"column":0},"end":{"line":40,"column":67}},"40":{"start":{"line":41,"column":0},"end":{"line":41,"column":43}},"41":{"start":{"line":42,"column":0},"end":{"line":42,"column":86}},"42":{"start":{"line":43,"column":0},"end":{"line":43,"column":54}},"44":{"start":{"line":45,"column":0},"end":{"line":45,"column":72}},"45":{"start":{"line":46,"column":0},"end":{"line":46,"column":62}},"46":{"start":{"line":47,"column":0},"end":{"line":47,"column":71}},"47":{"start":{"line":48,"column":0},"end":{"line":48,"column":102}},"48":{"start":{"line":49,"column":0},"end":{"line":49,"column":61}},"49":{"start":{"line":50,"column":0},"end":{"line":50,"column":55}},"50":{"start":{"line":51,"column":0},"end":{"line":51,"column":37}},"51":{"start":{"line":52,"column":0},"end":{"line":52,"column":1}}},"s":{"10":12,"11":12,"12":12,"13":11,"14":11,"15":11,"17":5,"18":5,"19":5,"20":5,"21":5,"22":5,"23":5,"24":4,"25":4,"26":4,"28":1,"29":1,"30":1,"31":1,"32":1,"33":1,"34":1,"35":1,"36":1,"38":1,"39":1,"40":2,"41":1,"42":1,"44":1,"45":1,"46":1,"47":1,"48":1,"49":1,"50":1,"51":1},"branchMap":{"0":{"type":"branch","line":11,"loc":{"start":{"line":11,"column":0},"end":{"line":16,"column":1}},"locations":[{"start":{"line":11,"column":0},"end":{"line":16,"column":1}}]},"1":{"type":"branch","line":13,"loc":{"start":{"line":13,"column":15},"end":{"line":13,"column":66}},"locations":[{"start":{"line":13,"column":15},"end":{"line":13,"column":66}}]},"2":{"type":"branch","line":13,"loc":{"start":{"line":13,"column":65},"end":{"line":16,"column":1}},"locations":[{"start":{"line":13,"column":65},"end":{"line":16,"column":1}}]},"3":{"type":"branch","line":18,"loc":{"start":{"line":18,"column":0},"end":{"line":27,"column":1}},"locations":[{"start":{"line":18,"column":0},"end":{"line":27,"column":1}}]},"4":{"type":"branch","line":24,"loc":{"start":{"line":24,"column":15},"end":{"line":24,"column":66}},"locations":[{"start":{"line":24,"column":15},"end":{"line":24,"column":66}}]},"5":{"type":"branch","line":24,"loc":{"start":{"line":24,"column":65},"end":{"line":27,"column":1}},"locations":[{"start":{"line":24,"column":65},"end":{"line":27,"column":1}}]},"6":{"type":"branch","line":30,"loc":{"start":{"line":30,"column":12},"end":{"line":30,"column":67}},"locations":[{"start":{"line":30,"column":12},"end":{"line":30,"column":67}}]},"7":{"type":"branch","line":31,"loc":{"start":{"line":31,"column":11},"end":{"line":31,"column":64}},"locations":[{"start":{"line":31,"column":11},"end":{"line":31,"column":64}}]},"8":{"type":"branch","line":32,"loc":{"start":{"line":32,"column":10},"end":{"line":32,"column":61}},"locations":[{"start":{"line":32,"column":10},"end":{"line":32,"column":61}}]},"9":{"type":"branch","line":33,"loc":{"start":{"line":33,"column":19},"end":{"line":33,"column":88}},"locations":[{"start":{"line":33,"column":19},"end":{"line":33,"column":88}}]},"10":{"type":"branch","line":34,"loc":{"start":{"line":34,"column":13},"end":{"line":34,"column":80}},"locations":[{"start":{"line":34,"column":13},"end":{"line":34,"column":80}}]},"11":{"type":"branch","line":35,"loc":{"start":{"line":35,"column":17},"end":{"line":35,"column":89}},"locations":[{"start":{"line":35,"column":17},"end":{"line":35,"column":89}}]},"12":{"type":"branch","line":36,"loc":{"start":{"line":36,"column":12},"end":{"line":36,"column":78}},"locations":[{"start":{"line":36,"column":12},"end":{"line":36,"column":78}}]},"13":{"type":"branch","line":37,"loc":{"start":{"line":37,"column":8},"end":{"line":37,"column":70}},"locations":[{"start":{"line":37,"column":8},"end":{"line":37,"column":70}}]},"14":{"type":"branch","line":39,"loc":{"start":{"line":39,"column":15},"end":{"line":39,"column":69}},"locations":[{"start":{"line":39,"column":15},"end":{"line":39,"column":69}}]},"15":{"type":"branch","line":40,"loc":{"start":{"line":40,"column":18},"end":{"line":41,"column":43}},"locations":[{"start":{"line":40,"column":18},"end":{"line":41,"column":43}}]},"16":{"type":"branch","line":42,"loc":{"start":{"line":42,"column":17},"end":{"line":43,"column":54}},"locations":[{"start":{"line":42,"column":17},"end":{"line":43,"column":54}}]},"17":{"type":"branch","line":45,"loc":{"start":{"line":45,"column":14},"end":{"line":45,"column":72}},"locations":[{"start":{"line":45,"column":14},"end":{"line":45,"column":72}}]},"18":{"type":"branch","line":46,"loc":{"start":{"line":46,"column":19},"end":{"line":47,"column":71}},"locations":[{"start":{"line":46,"column":19},"end":{"line":47,"column":71}}]},"19":{"type":"branch","line":48,"loc":{"start":{"line":48,"column":19},"end":{"line":49,"column":61}},"locations":[{"start":{"line":48,"column":19},"end":{"line":49,"column":61}}]},"20":{"type":"branch","line":50,"loc":{"start":{"line":50,"column":19},"end":{"line":51,"column":37}},"locations":[{"start":{"line":50,"column":19},"end":{"line":51,"column":37}}]}},"b":{"0":[12],"1":[1],"2":[11],"3":[5],"4":[1],"5":[4],"6":[2],"7":[1],"8":[1],"9":[1],"10":[1],"11":[1],"12":[1],"13":[1],"14":[1],"15":[2],"16":[1],"17":[1],"18":[1],"19":[1],"20":[1]},"fnMap":{"0":{"name":"apiFetch","decl":{"start":{"line":11,"column":0},"end":{"line":16,"column":1}},"loc":{"start":{"line":11,"column":0},"end":{"line":16,"column":1}},"line":11},"1":{"name":"apiPost","decl":{"start":{"line":18,"column":0},"end":{"line":27,"column":1}},"loc":{"start":{"line":18,"column":0},"end":{"line":27,"column":1}},"line":18},"2":{"name":"overview","decl":{"start":{"line":30,"column":12},"end":{"line":30,"column":67}},"loc":{"start":{"line":30,"column":12},"end":{"line":30,"column":67}},"line":30},"3":{"name":"markets","decl":{"start":{"line":31,"column":11},"end":{"line":31,"column":64}},"loc":{"start":{"line":31,"column":11},"end":{"line":31,"column":64}},"line":31},"4":{"name":"crypto","decl":{"start":{"line":32,"column":10},"end":{"line":32,"column":61}},"loc":{"start":{"line":32,"column":10},"end":{"line":32,"column":61}},"line":32},"5":{"name":"recommendations","decl":{"start":{"line":33,"column":19},"end":{"line":33,"column":88}},"loc":{"start":{"line":33,"column":19},"end":{"line":33,"column":88}},"line":33},"6":{"name":"principal","decl":{"start":{"line":34,"column":13},"end":{"line":34,"column":80}},"loc":{"start":{"line":34,"column":13},"end":{"line":34,"column":80}},"line":34},"7":{"name":"morganStanley","decl":{"start":{"line":35,"column":17},"end":{"line":35,"column":89}},"loc":{"start":{"line":35,"column":17},"end":{"line":35,"column":89}},"line":35},"8":{"name":"fidelity","decl":{"start":{"line":36,"column":12},"end":{"line":36,"column":78}},"loc":{"start":{"line":36,"column":12},"end":{"line":36,"column":78}},"line":36},"9":{"name":"soFi","decl":{"start":{"line":37,"column":8},"end":{"line":37,"column":70}},"loc":{"start":{"line":37,"column":8},"end":{"line":37,"column":70}},"line":37},"10":{"name":"plaidStatus","decl":{"start":{"line":39,"column":15},"end":{"line":39,"column":69}},"loc":{"start":{"line":39,"column":15},"end":{"line":39,"column":69}},"line":39},"11":{"name":"plaidLinkToken","decl":{"start":{"line":40,"column":18},"end":{"line":41,"column":43}},"loc":{"start":{"line":40,"column":18},"end":{"line":41,"column":43}},"line":40},"12":{"name":"plaidExchange","decl":{"start":{"line":42,"column":17},"end":{"line":43,"column":54}},"loc":{"start":{"line":42,"column":17},"end":{"line":43,"column":54}},"line":42},"13":{"name":"simulation","decl":{"start":{"line":45,"column":14},"end":{"line":45,"column":72}},"loc":{"start":{"line":45,"column":14},"end":{"line":45,"column":72}},"line":45},"14":{"name":"simulationQuote","decl":{"start":{"line":46,"column":19},"end":{"line":47,"column":71}},"loc":{"start":{"line":46,"column":19},"end":{"line":47,"column":71}},"line":46},"15":{"name":"simulationTrade","decl":{"start":{"line":48,"column":19},"end":{"line":49,"column":61}},"loc":{"start":{"line":48,"column":19},"end":{"line":49,"column":61}},"line":48},"16":{"name":"simulationReset","decl":{"start":{"line":50,"column":19},"end":{"line":51,"column":37}},"loc":{"start":{"line":50,"column":19},"end":{"line":51,"column":37}},"line":50}},"f":{"0":12,"1":5,"2":2,"3":1,"4":1,"5":1,"6":1,"7":1,"8":1,"9":1,"10":1,"11":2,"12":1,"13":1,"14":1,"15":1,"16":1}}
,"/Users/jason/workspace/apex-dashboard/frontend/src/types/market.ts": {"path":"/Users/jason/workspace/apex-dashboard/frontend/src/types/market.ts","all":true,"statementMap":{},"s":{},"branchMap":{"0":{"type":"branch","line":1,"loc":{"start":{"line":1,"column":3444},"end":{"line":190,"column":1}},"locations":[{"start":{"line":1,"column":3444},"end":{"line":190,"column":1}}]}},"b":{"0":[1]},"fnMap":{"0":{"name":"(empty-report)","decl":{"start":{"line":1,"column":3444},"end":{"line":190,"column":1}},"loc":{"start":{"line":1,"column":3444},"end":{"line":190,"column":1}},"line":1}},"f":{"0":1}}
,"/Users/jason/workspace/apex-dashboard/frontend/src/types/simulation.ts": {"path":"/Users/jason/workspace/apex-dashboard/frontend/src/types/simulation.ts","all":true,"statementMap":{},"s":{},"branchMap":{"0":{"type":"branch","line":1,"loc":{"start":{"line":1,"column":919},"end":{"line":48,"column":1}},"locations":[{"start":{"line":1,"column":919},"end":{"line":48,"column":1}}]}},"b":{"0":[1]},"fnMap":{"0":{"name":"(empty-report)","decl":{"start":{"line":1,"column":919},"end":{"line":48,"column":1}},"loc":{"start":{"line":1,"column":919},"end":{"line":48,"column":1}},"line":1}},"f":{"0":1}}
}
