{"total": {"lines":{"total":1901,"covered":1768,"skipped":0,"pct":93},"statements":{"total":1901,"covered":1768,"skipped":0,"pct":93},"functions":{"total":114,"covered":91,"skipped":0,"pct":79.82},"branches":{"total":278,"covered":239,"skipped":0,"pct":85.97},"branchesTrue":{"total":0,"covered":0,"skipped":0,"pct":100}}
,"/Users/jason/workspace/apex-dashboard/frontend/src/App.tsx": {"lines":{"total":52,"covered":0,"skipped":0,"pct":0},"functions":{"total":1,"covered":0,"skipped":0,"pct":0},"statements":{"total":52,"covered":0,"skipped":0,"pct":0},"branches":{"total":1,"covered":0,"skipped":0,"pct":0}}
,"/Users/jason/workspace/apex-dashboard/frontend/src/components/ErrorState.tsx": {"lines":{"total":13,"covered":13,"skipped":0,"pct":100},"functions":{"total":1,"covered":1,"skipped":0,"pct":100},"statements":{"total":13,"covered":13,"skipped":0,"pct":100},"branches":{"total":4,"covered":4,"skipped":0,"pct":100}}
,"/Users/jason/workspace/apex-dashboard/frontend/src/components/Header.tsx": {"lines":{"total":22,"covered":22,"skipped":0,"pct":100},"functions":{"total":1,"covered":1,"skipped":0,"pct":100},"statements":{"total":22,"covered":22,"skipped":0,"pct":100},"branches":{"total":3,"covered":3,"skipped":0,"pct":100}}
,"/Users/jason/workspace/apex-dashboard/frontend/src/components/LoadingState.tsx": {"lines":{"total":10,"covered":10,"skipped":0,"pct":100},"functions":{"total":1,"covered":1,"skipped":0,"pct":100},"statements":{"total":10,"covered":10,"skipped":0,"pct":100},"branches":{"total":2,"covered":2,"skipped":0,"pct":100}}
,"/Users/jason/workspace/apex-dashboard/frontend/src/components/PlaidConnect.tsx": {"lines":{"total":71,"covered":55,"skipped":0,"pct":77.46},"functions":{"total":3,"covered":2,"skipped":0,"pct":66.66},"statements":{"total":71,"covered":55,"skipped":0,"pct":77.46},"branches":{"total":11,"covered":9,"skipped":0,"pct":81.81}}
,"/Users/jason/workspace/apex-dashboard/frontend/src/components/Sidebar.tsx": {"lines":{"total":77,"covered":77,"skipped":0,"pct":100},"functions":{"total":8,"covered":7,"skipped":0,"pct":87.5},"statements":{"total":77,"covered":77,"skipped":0,"pct":100},"branches":{"total":22,"covered":21,"skipped":0,"pct":95.45}}
,"/Users/jason/workspace/apex-dashboard/frontend/src/hooks/useMarketData.ts": {"lines":{"total":35,"covered":35,"skipped":0,"pct":100},"functions":{"total":10,"covered":10,"skipped":0,"pct":100},"statements":{"total":35,"covered":35,"skipped":0,"pct":100},"branches":{"total":15,"covered":15,"skipped":0,"pct":100}}
,"/Users/jason/workspace/apex-dashboard/frontend/src/pages/Crypto.tsx": {"lines":{"total":75,"covered":75,"skipped":0,"pct":100},"functions":{"total":2,"covered":1,"skipped":0,"pct":50},"statements":{"total":75,"covered":75,"skipped":0,"pct":100},"branches":{"total":10,"covered":8,"skipped":0,"pct":80}}
,"/Users/jason/workspace/apex-dashboard/frontend/src/pages/Fidelity.tsx": {"lines":{"total":200,"covered":200,"skipped":0,"pct":100},"functions":{"total":8,"covered":6,"skipped":0,"pct":75},"statements":{"total":200,"covered":200,"skipped":0,"pct":100},"branches":{"total":18,"covered":17,"skipped":0,"pct":94.44}}
,"/Users/jason/workspace/apex-dashboard/frontend/src/pages/International.tsx": {"lines":{"total":46,"covered":46,"skipped":0,"pct":100},"functions":{"total":1,"covered":1,"skipped":0,"pct":100},"statements":{"total":46,"covered":46,"skipped":0,"pct":100},"branches":{"total":6,"covered":6,"skipped":0,"pct":100}}
,"/Users/jason/workspace/apex-dashboard/frontend/src/pages/MorganStanley.tsx": {"lines":{"total":203,"covered":203,"skipped":0,"pct":100},"functions":{"total":8,"covered":6,"skipped":0,"pct":75},"statements":{"total":203,"covered":203,"skipped":0,"pct":100},"branches":{"total":18,"covered":17,"skipped":0,"pct":94.44}}
,"/Users/jason/workspace/apex-dashboard/frontend/src/pages/Overview.tsx": {"lines":{"total":92,"covered":92,"skipped":0,"pct":100},"functions":{"total":4,"covered":1,"skipped":0,"pct":25},"statements":{"total":92,"covered":92,"skipped":0,"pct":100},"branches":{"total":16,"covered":10,"skipped":0,"pct":62.5}}
,"/Users/jason/workspace/apex-dashboard/frontend/src/pages/Principal.tsx": {"lines":{"total":203,"covered":203,"skipped":0,"pct":100},"functions":{"total":8,"covered":6,"skipped":0,"pct":75},"statements":{"total":203,"covered":203,"skipped":0,"pct":100},"branches":{"total":18,"covered":17,"skipped":0,"pct":94.44}}
,"/Users/jason/workspace/apex-dashboard/frontend/src/pages/Recommendations.tsx": {"lines":{"total":64,"covered":64,"skipped":0,"pct":100},"functions":{"total":3,"covered":3,"skipped":0,"pct":100},"statements":{"total":64,"covered":64,"skipped":0,"pct":100},"branches":{"total":10,"covered":10,"skipped":0,"pct":100}}
,"/Users/jason/workspace/apex-dashboard/frontend/src/pages/Sectors.tsx": {"lines":{"total":64,"covered":64,"skipped":0,"pct":100},"functions":{"total":1,"covered":1,"skipped":0,"pct":100},"statements":{"total":64,"covered":64,"skipped":0,"pct":100},"branches":{"total":8,"covered":8,"skipped":0,"pct":100}}
,"/Users/jason/workspace/apex-dashboard/frontend/src/pages/Simulation.tsx": {"lines":{"total":338,"covered":273,"skipped":0,"pct":80.76},"functions":{"total":15,"covered":7,"skipped":0,"pct":46.66},"statements":{"total":338,"covered":273,"skipped":0,"pct":80.76},"branches":{"total":50,"covered":27,"skipped":0,"pct":54}}
,"/Users/jason/workspace/apex-dashboard/frontend/src/pages/SoFi.tsx": {"lines":{"total":200,"covered":200,"skipped":0,"pct":100},"functions":{"total":8,"covered":6,"skipped":0,"pct":75},"statements":{"total":200,"covered":200,"skipped":0,"pct":100},"branches":{"total":18,"covered":17,"skipped":0,"pct":94.44}}
,"/Users/jason/workspace/apex-dashboard/frontend/src/pages/USMarkets.tsx": {"lines":{"total":51,"covered":51,"skipped":0,"pct":100},"functions":{"total":1,"covered":1,"skipped":0,"pct":100},"statements":{"total":51,"covered":51,"skipped":0,"pct":100},"branches":{"total":7,"covered":7,"skipped":0,"pct":100}}
,"/Users/jason/workspace/apex-dashboard/frontend/src/pages/shared.tsx": {"lines":{"total":47,"covered":47,"skipped":0,"pct":100},"functions":{"total":11,"covered":11,"skipped":0,"pct":100},"statements":{"total":47,"covered":47,"skipped":0,"pct":100},"branches":{"total":18,"covered":18,"skipped":0,"pct":100}}
,"/Users/jason/workspace/apex-dashboard/frontend/src/services/market.ts": {"lines":{"total":38,"covered":38,"skipped":0,"pct":100},"functions":{"total":17,"covered":17,"skipped":0,"pct":100},"statements":{"total":38,"covered":38,"skipped":0,"pct":100},"branches":{"total":21,"covered":21,"skipped":0,"pct":100}}
,"/Users/jason/workspace/apex-dashboard/frontend/src/types/market.ts": {"lines":{"total":0,"covered":0,"skipped":0,"pct":100},"functions":{"total":1,"covered":1,"skipped":0,"pct":100},"statements":{"total":0,"covered":0,"skipped":0,"pct":100},"branches":{"total":1,"covered":1,"skipped":0,"pct":100}}
,"/Users/jason/workspace/apex-dashboard/frontend/src/types/simulation.ts": {"lines":{"total":0,"covered":0,"skipped":0,"pct":100},"functions":{"total":1,"covered":1,"skipped":0,"pct":100},"statements":{"total":0,"covered":0,"skipped":0,"pct":100},"branches":{"total":1,"covered":1,"skipped":0,"pct":100}}
}
