{"total": {"lines":{"total":1133,"covered":1071,"skipped":0,"pct":94.52},"statements":{"total":1133,"covered":1071,"skipped":0,"pct":94.52},"functions":{"total":72,"covered":61,"skipped":0,"pct":84.72},"branches":{"total":179,"covered":165,"skipped":0,"pct":92.17},"branchesTrue":{"total":0,"covered":0,"skipped":0,"pct":100}}
,"/Users/jason/workspace/apex-dashboard/frontend/src/App.tsx": {"lines":{"total":46,"covered":0,"skipped":0,"pct":0},"functions":{"total":1,"covered":0,"skipped":0,"pct":0},"statements":{"total":46,"covered":0,"skipped":0,"pct":0},"branches":{"total":1,"covered":0,"skipped":0,"pct":0}}
,"/Users/jason/workspace/apex-dashboard/frontend/src/components/ErrorState.tsx": {"lines":{"total":13,"covered":13,"skipped":0,"pct":100},"functions":{"total":1,"covered":1,"skipped":0,"pct":100},"statements":{"total":13,"covered":13,"skipped":0,"pct":100},"branches":{"total":4,"covered":4,"skipped":0,"pct":100}}
,"/Users/jason/workspace/apex-dashboard/frontend/src/components/Header.tsx": {"lines":{"total":22,"covered":22,"skipped":0,"pct":100},"functions":{"total":1,"covered":1,"skipped":0,"pct":100},"statements":{"total":22,"covered":22,"skipped":0,"pct":100},"branches":{"total":3,"covered":3,"skipped":0,"pct":100}}
,"/Users/jason/workspace/apex-dashboard/frontend/src/components/LoadingState.tsx": {"lines":{"total":10,"covered":10,"skipped":0,"pct":100},"functions":{"total":1,"covered":1,"skipped":0,"pct":100},"statements":{"total":10,"covered":10,"skipped":0,"pct":100},"branches":{"total":2,"covered":2,"skipped":0,"pct":100}}
,"/Users/jason/workspace/apex-dashboard/frontend/src/components/PlaidConnect.tsx": {"lines":{"total":71,"covered":55,"skipped":0,"pct":77.46},"functions":{"total":3,"covered":2,"skipped":0,"pct":66.66},"statements":{"total":71,"covered":55,"skipped":0,"pct":77.46},"branches":{"total":11,"covered":9,"skipped":0,"pct":81.81}}
,"/Users/jason/workspace/apex-dashboard/frontend/src/components/Sidebar.tsx": {"lines":{"total":68,"covered":68,"skipped":0,"pct":100},"functions":{"total":7,"covered":6,"skipped":0,"pct":85.71},"statements":{"total":68,"covered":68,"skipped":0,"pct":100},"branches":{"total":19,"covered":18,"skipped":0,"pct":94.73}}
,"/Users/jason/workspace/apex-dashboard/frontend/src/hooks/useMarketData.ts": {"lines":{"total":29,"covered":29,"skipped":0,"pct":100},"functions":{"total":7,"covered":7,"skipped":0,"pct":100},"statements":{"total":29,"covered":29,"skipped":0,"pct":100},"branches":{"total":12,"covered":12,"skipped":0,"pct":100}}
,"/Users/jason/workspace/apex-dashboard/frontend/src/pages/Crypto.tsx": {"lines":{"total":75,"covered":75,"skipped":0,"pct":100},"functions":{"total":2,"covered":1,"skipped":0,"pct":50},"statements":{"total":75,"covered":75,"skipped":0,"pct":100},"branches":{"total":10,"covered":8,"skipped":0,"pct":80}}
,"/Users/jason/workspace/apex-dashboard/frontend/src/pages/International.tsx": {"lines":{"total":46,"covered":46,"skipped":0,"pct":100},"functions":{"total":1,"covered":1,"skipped":0,"pct":100},"statements":{"total":46,"covered":46,"skipped":0,"pct":100},"branches":{"total":6,"covered":6,"skipped":0,"pct":100}}
,"/Users/jason/workspace/apex-dashboard/frontend/src/pages/MorganStanley.tsx": {"lines":{"total":203,"covered":203,"skipped":0,"pct":100},"functions":{"total":8,"covered":6,"skipped":0,"pct":75},"statements":{"total":203,"covered":203,"skipped":0,"pct":100},"branches":{"total":18,"covered":17,"skipped":0,"pct":94.44}}
,"/Users/jason/workspace/apex-dashboard/frontend/src/pages/Overview.tsx": {"lines":{"total":92,"covered":92,"skipped":0,"pct":100},"functions":{"total":4,"covered":1,"skipped":0,"pct":25},"statements":{"total":92,"covered":92,"skipped":0,"pct":100},"branches":{"total":16,"covered":10,"skipped":0,"pct":62.5}}
,"/Users/jason/workspace/apex-dashboard/frontend/src/pages/Principal.tsx": {"lines":{"total":203,"covered":203,"skipped":0,"pct":100},"functions":{"total":8,"covered":6,"skipped":0,"pct":75},"statements":{"total":203,"covered":203,"skipped":0,"pct":100},"branches":{"total":18,"covered":17,"skipped":0,"pct":94.44}}
,"/Users/jason/workspace/apex-dashboard/frontend/src/pages/Recommendations.tsx": {"lines":{"total":64,"covered":64,"skipped":0,"pct":100},"functions":{"total":3,"covered":3,"skipped":0,"pct":100},"statements":{"total":64,"covered":64,"skipped":0,"pct":100},"branches":{"total":10,"covered":10,"skipped":0,"pct":100}}
,"/Users/jason/workspace/apex-dashboard/frontend/src/pages/Sectors.tsx": {"lines":{"total":64,"covered":64,"skipped":0,"pct":100},"functions":{"total":1,"covered":1,"skipped":0,"pct":100},"statements":{"total":64,"covered":64,"skipped":0,"pct":100},"branches":{"total":8,"covered":8,"skipped":0,"pct":100}}
,"/Users/jason/workspace/apex-dashboard/frontend/src/pages/USMarkets.tsx": {"lines":{"total":51,"covered":51,"skipped":0,"pct":100},"functions":{"total":1,"covered":1,"skipped":0,"pct":100},"statements":{"total":51,"covered":51,"skipped":0,"pct":100},"branches":{"total":7,"covered":7,"skipped":0,"pct":100}}
,"/Users/jason/workspace/apex-dashboard/frontend/src/pages/shared.tsx": {"lines":{"total":47,"covered":47,"skipped":0,"pct":100},"functions":{"total":11,"covered":11,"skipped":0,"pct":100},"statements":{"total":47,"covered":47,"skipped":0,"pct":100},"branches":{"total":18,"covered":18,"skipped":0,"pct":100}}
,"/Users/jason/workspace/apex-dashboard/frontend/src/services/market.ts": {"lines":{"total":29,"covered":29,"skipped":0,"pct":100},"functions":{"total":11,"covered":11,"skipped":0,"pct":100},"statements":{"total":29,"covered":29,"skipped":0,"pct":100},"branches":{"total":15,"covered":15,"skipped":0,"pct":100}}
,"/Users/jason/workspace/apex-dashboard/frontend/src/types/market.ts": {"lines":{"total":0,"covered":0,"skipped":0,"pct":100},"functions":{"total":1,"covered":1,"skipped":0,"pct":100},"statements":{"total":0,"covered":0,"skipped":0,"pct":100},"branches":{"total":1,"covered":1,"skipped":0,"pct":100}}
}
