{"/Users/jason/workspace/apex-dashboard/frontend/src/App.tsx": {"path":"/Users/jason/workspace/apex-dashboard/frontend/src/App.tsx","all":true,"statementMap":{"0":{"start":{"line":1,"column":0},"end":{"line":1,"column":48}},"1":{"start":{"line":2,"column":0},"end":{"line":2,"column":44}},"2":{"start":{"line":3,"column":0},"end":{"line":3,"column":58}},"3":{"start":{"line":4,"column":0},"end":{"line":4,"column":56}},"4":{"start":{"line":5,"column":0},"end":{"line":5,"column":51}},"6":{"start":{"line":7,"column":0},"end":{"line":7,"column":55}},"7":{"start":{"line":8,"column":0},"end":{"line":8,"column":57}},"8":{"start":{"line":9,"column":0},"end":{"line":9,"column":65}},"9":{"start":{"line":10,"column":0},"end":{"line":10,"column":51}},"10":{"start":{"line":11,"column":0},"end":{"line":11,"column":69}},"11":{"start":{"line":12,"column":0},"end":{"line":12,"column":53}},"12":{"start":{"line":13,"column":0},"end":{"line":13,"column":57}},"13":{"start":{"line":14,"column":0},"end":{"line":14,"column":65}},"15":{"start":{"line":16,"column":0},"end":{"line":16,"column":81}},"16":{"start":{"line":17,"column":0},"end":{"line":17,"column":21}},"17":{"start":{"line":18,"column":0},"end":{"line":18,"column":16}},"18":{"start":{"line":19,"column":0},"end":{"line":19,"column":22}},"19":{"start":{"line":20,"column":0},"end":{"line":20,"column":17}},"20":{"start":{"line":21,"column":0},"end":{"line":21,"column":24}},"21":{"start":{"line":22,"column":0},"end":{"line":22,"column":19}},"22":{"start":{"line":23,"column":0},"end":{"line":23,"column":23}},"23":{"start":{"line":24,"column":0},"end":{"line":24,"column":31}},"24":{"start":{"line":25,"column":0},"end":{"line":25,"column":1}},"26":{"start":{"line":27,"column":0},"end":{"line":27,"column":19}},"27":{"start":{"line":28,"column":0},"end":{"line":28,"column":63}},"28":{"start":{"line":29,"column":0},"end":{"line":29,"column":46}},"29":{"start":{"line":30,"column":0},"end":{"line":30,"column":38}},"31":{"start":{"line":32,"column":0},"end":{"line":32,"column":10}},"32":{"start":{"line":33,"column":0},"end":{"line":33,"column":119}},"33":{"start":{"line":34,"column":0},"end":{"line":34,"column":13}},"34":{"start":{"line":35,"column":0},"end":{"line":35,"column":51}},"35":{"start":{"line":36,"column":0},"end":{"line":36,"column":57}},"36":{"start":{"line":37,"column":0},"end":{"line":37,"column":8}},"37":{"start":{"line":38,"column":0},"end":{"line":38,"column":14}},"38":{"start":{"line":39,"column":0},"end":{"line":39,"column":29}},"39":{"start":{"line":40,"column":0},"end":{"line":40,"column":34}},"40":{"start":{"line":41,"column":0},"end":{"line":41,"column":45}},"41":{"start":{"line":42,"column":0},"end":{"line":42,"column":8}},"42":{"start":{"line":43,"column":0},"end":{"line":43,"column":69}},"43":{"start":{"line":44,"column":0},"end":{"line":44,"column":46}},"44":{"start":{"line":45,"column":0},"end":{"line":45,"column":26}},"45":{"start":{"line":46,"column":0},"end":{"line":46,"column":19}},"46":{"start":{"line":47,"column":0},"end":{"line":47,"column":13}},"47":{"start":{"line":48,"column":0},"end":{"line":48,"column":10}},"49":{"start":{"line":50,"column":0},"end":{"line":50,"column":1}},"51":{"start":{"line":52,"column":0},"end":{"line":52,"column":18}}},"s":{"0":0,"1":0,"2":0,"3":0,"4":0,"6":0,"7":0,"8":0,"9":0,"10":0,"11":0,"12":0,"13":0,"15":0,"16":0,"17":0,"18":0,"19":0,"20":0,"21":0,"22":0,"23":0,"24":0,"26":0,"27":0,"28":0,"29":0,"31":0,"32":0,"33":0,"34":0,"35":0,"36":0,"37":0,"38":0,"39":0,"40":0,"41":0,"42":0,"43":0,"44":0,"45":0,"46":0,"47":0,"49":0,"51":0},"branchMap":{"0":{"type":"branch","line":1,"loc":{"start":{"line":1,"column":1794},"end":{"line":52,"column":18}},"locations":[{"start":{"line":1,"column":1794},"end":{"line":52,"column":18}}]}},"b":{"0":[0]},"fnMap":{"0":{"name":"(empty-report)","decl":{"start":{"line":1,"column":1794},"end":{"line":52,"column":18}},"loc":{"start":{"line":1,"column":1794},"end":{"line":52,"column":18}},"line":1}},"f":{"0":0}}
,"/Users/jason/workspace/apex-dashboard/frontend/src/components/ErrorState.tsx": {"path":"/Users/jason/workspace/apex-dashboard/frontend/src/components/ErrorState.tsx","all":false,"statementMap":{"5":{"start":{"line":6,"column":0},"end":{"line":6,"column":68}},"6":{"start":{"line":7,"column":0},"end":{"line":7,"column":107}},"7":{"start":{"line":8,"column":0},"end":{"line":8,"column":83}},"8":{"start":{"line":9,"column":0},"end":{"line":9,"column":65}},"9":{"start":{"line":10,"column":0},"end":{"line":10,"column":41}},"10":{"start":{"line":11,"column":0},"end":{"line":11,"column":8}},"11":{"start":{"line":12,"column":0},"end":{"line":12,"column":17}},"12":{"start":{"line":13,"column":0},"end":{"line":13,"column":13}},"13":{"start":{"line":14,"column":0},"end":{"line":14,"column":25}},"14":{"start":{"line":15,"column":0},"end":{"line":15,"column":151}},"15":{"start":{"line":16,"column":0},"end":{"line":16,"column":7}},"17":{"start":{"line":18,"column":0},"end":{"line":18,"column":15}},"19":{"start":{"line":20,"column":0},"end":{"line":20,"column":8}}},"s":{"5":1,"6":15,"7":15,"8":15,"9":15,"10":15,"11":15,"12":11,"13":11,"14":11,"15":11,"17":11,"19":15},"branchMap":{"0":{"type":"branch","line":6,"loc":{"start":{"line":6,"column":26},"end":{"line":20,"column":8}},"locations":[{"start":{"line":6,"column":26},"end":{"line":20,"column":8}}]},"1":{"type":"branch","line":10,"loc":{"start":{"line":10,"column":7},"end":{"line":10,"column":25}},"locations":[{"start":{"line":10,"column":7},"end":{"line":10,"column":25}}]},"2":{"type":"branch","line":10,"loc":{"start":{"line":10,"column":14},"end":{"line":10,"column":41}},"locations":[{"start":{"line":10,"column":14},"end":{"line":10,"column":41}}]},"3":{"type":"branch","line":12,"loc":{"start":{"line":12,"column":5},"end":{"line":18,"column":15}},"locations":[{"start":{"line":12,"column":5},"end":{"line":18,"column":15}}]}},"b":{"0":[15],"1":[9],"2":[6],"3":[11]},"fnMap":{"0":{"name":"ErrorState","decl":{"start":{"line":6,"column":26},"end":{"line":20,"column":8}},"loc":{"start":{"line":6,"column":26},"end":{"line":20,"column":8}},"line":6}},"f":{"0":15}}
,"/Users/jason/workspace/apex-dashboard/frontend/src/components/Header.tsx": {"path":"/Users/jason/workspace/apex-dashboard/frontend/src/components/Header.tsx","all":false,"statementMap":{"5":{"start":{"line":6,"column":0},"end":{"line":6,"column":69}},"6":{"start":{"line":7,"column":0},"end":{"line":7,"column":160}},"7":{"start":{"line":8,"column":0},"end":{"line":8,"column":45}},"8":{"start":{"line":9,"column":0},"end":{"line":9,"column":147}},"10":{"start":{"line":11,"column":0},"end":{"line":11,"column":12}},"11":{"start":{"line":12,"column":0},"end":{"line":12,"column":11}},"12":{"start":{"line":13,"column":0},"end":{"line":13,"column":92}},"13":{"start":{"line":14,"column":0},"end":{"line":14,"column":78}},"15":{"start":{"line":16,"column":0},"end":{"line":16,"column":14}},"16":{"start":{"line":17,"column":0},"end":{"line":17,"column":12}},"17":{"start":{"line":18,"column":0},"end":{"line":18,"column":10}},"19":{"start":{"line":20,"column":0},"end":{"line":20,"column":45}},"20":{"start":{"line":21,"column":0},"end":{"line":21,"column":21}},"21":{"start":{"line":22,"column":0},"end":{"line":22,"column":118}},"22":{"start":{"line":23,"column":0},"end":{"line":23,"column":21}},"23":{"start":{"line":24,"column":0},"end":{"line":24,"column":14}},"25":{"start":{"line":26,"column":0},"end":{"line":26,"column":88}},"26":{"start":{"line":27,"column":0},"end":{"line":27,"column":73}},"27":{"start":{"line":28,"column":0},"end":{"line":28,"column":29}},"28":{"start":{"line":29,"column":0},"end":{"line":29,"column":12}},"29":{"start":{"line":30,"column":0},"end":{"line":30,"column":10}},"30":{"start":{"line":31,"column":0},"end":{"line":31,"column":11}}},"s":{"5":1,"6":6,"7":6,"8":6,"10":6,"11":6,"12":6,"13":6,"15":6,"16":6,"17":6,"19":6,"20":6,"21":1,"22":1,"23":1,"25":6,"26":6,"27":6,"28":6,"29":6,"30":6},"branchMap":{"0":{"type":"branch","line":6,"loc":{"start":{"line":6,"column":22},"end":{"line":31,"column":11}},"locations":[{"start":{"line":6,"column":22},"end":{"line":31,"column":11}}]},"1":{"type":"branch","line":21,"loc":{"start":{"line":21,"column":7},"end":{"line":24,"column":14}},"locations":[{"start":{"line":21,"column":7},"end":{"line":24,"column":14}}]},"2":{"type":"branch","line":28,"loc":{"start":{"line":28,"column":9},"end":{"line":28,"column":29}},"locations":[{"start":{"line":28,"column":9},"end":{"line":28,"column":29}}]}},"b":{"0":[6],"1":[1],"2":[5]},"fnMap":{"0":{"name":"Header","decl":{"start":{"line":6,"column":22},"end":{"line":31,"column":11}},"loc":{"start":{"line":6,"column":22},"end":{"line":31,"column":11}},"line":6}},"f":{"0":6}}
,"/Users/jason/workspace/apex-dashboard/frontend/src/components/LoadingState.tsx": {"path":"/Users/jason/workspace/apex-dashboard/frontend/src/components/LoadingState.tsx","all":false,"statementMap":{"0":{"start":{"line":1,"column":0},"end":{"line":1,"column":35}},"1":{"start":{"line":2,"column":0},"end":{"line":2,"column":47}},"2":{"start":{"line":3,"column":0},"end":{"line":3,"column":46}},"3":{"start":{"line":4,"column":0},"end":{"line":4,"column":10}},"4":{"start":{"line":5,"column":0},"end":{"line":5,"column":15}},"5":{"start":{"line":6,"column":0},"end":{"line":6,"column":91}},"6":{"start":{"line":7,"column":0},"end":{"line":7,"column":49}},"7":{"start":{"line":8,"column":0},"end":{"line":8,"column":8}},"8":{"start":{"line":9,"column":0},"end":{"line":9,"column":7}},"9":{"start":{"line":10,"column":0},"end":{"line":10,"column":8}}},"s":{"0":1,"1":10,"2":10,"3":60,"4":60,"5":60,"6":60,"7":60,"8":60,"9":10},"branchMap":{"0":{"type":"branch","line":1,"loc":{"start":{"line":1,"column":28},"end":{"line":10,"column":8}},"locations":[{"start":{"line":1,"column":28},"end":{"line":10,"column":8}}]},"1":{"type":"branch","line":3,"loc":{"start":{"line":3,"column":35},"end":{"line":9,"column":7}},"locations":[{"start":{"line":3,"column":35},"end":{"line":9,"column":7}}]}},"b":{"0":[10],"1":[60]},"fnMap":{"0":{"name":"LoadingState","decl":{"start":{"line":1,"column":28},"end":{"line":10,"column":8}},"loc":{"start":{"line":1,"column":28},"end":{"line":10,"column":8}},"line":1}},"f":{"0":10}}
,"/Users/jason/workspace/apex-dashboard/frontend/src/components/PlaidConnect.tsx": {"path":"/Users/jason/workspace/apex-dashboard/frontend/src/components/PlaidConnect.tsx","all":false,"statementMap":{"0":{"start":{"line":1,"column":0},"end":{"line":1,"column":64}},"1":{"start":{"line":2,"column":0},"end":{"line":2,"column":47}},"2":{"start":{"line":3,"column":0},"end":{"line":3,"column":50}},"10":{"start":{"line":11,"column":0},"end":{"line":11,"column":92}},"11":{"start":{"line":12,"column":0},"end":{"line":12,"column":65}},"12":{"start":{"line":13,"column":0},"end":{"line":13,"column":47}},"13":{"start":{"line":14,"column":0},"end":{"line":14,"column":57}},"15":{"start":{"line":16,"column":0},"end":{"line":16,"column":32}},"16":{"start":{"line":17,"column":0},"end":{"line":17,"column":36}},"17":{"start":{"line":18,"column":0},"end":{"line":18,"column":11}},"18":{"start":{"line":19,"column":0},"end":{"line":19,"column":24}},"19":{"start":{"line":20,"column":0},"end":{"line":20,"column":60}},"20":{"start":{"line":21,"column":0},"end":{"line":21,"column":21}},"21":{"start":{"line":22,"column":0},"end":{"line":22,"column":15}},"22":{"start":{"line":23,"column":0},"end":{"line":23,"column":64}},"23":{"start":{"line":24,"column":0},"end":{"line":24,"column":25}},"24":{"start":{"line":25,"column":0},"end":{"line":25,"column":7}},"25":{"start":{"line":26,"column":0},"end":{"line":26,"column":6}},"26":{"start":{"line":27,"column":0},"end":{"line":27,"column":24}},"27":{"start":{"line":28,"column":0},"end":{"line":28,"column":3}},"29":{"start":{"line":30,"column":0},"end":{"line":30,"column":30}},"31":{"start":{"line":32,"column":0},"end":{"line":32,"column":40}},"32":{"start":{"line":33,"column":0},"end":{"line":33,"column":27}},"33":{"start":{"line":34,"column":0},"end":{"line":34,"column":14}},"34":{"start":{"line":35,"column":0},"end":{"line":35,"column":19}},"35":{"start":{"line":36,"column":0},"end":{"line":36,"column":23}},"36":{"start":{"line":37,"column":0},"end":{"line":37,"column":24}},"37":{"start":{"line":38,"column":0},"end":{"line":38,"column":28}},"38":{"start":{"line":39,"column":0},"end":{"line":39,"column":6}},"39":{"start":{"line":40,"column":0},"end":{"line":40,"column":4}},"42":{"start":{"line":43,"column":0},"end":{"line":43,"column":19}},"43":{"start":{"line":44,"column":0},"end":{"line":44,"column":48}},"44":{"start":{"line":45,"column":0},"end":{"line":45,"column":27}},"45":{"start":{"line":46,"column":0},"end":{"line":46,"column":12}},"46":{"start":{"line":47,"column":0},"end":{"line":47,"column":5}},"47":{"start":{"line":48,"column":0},"end":{"line":48,"column":30}},"49":{"start":{"line":50,"column":0},"end":{"line":50,"column":37}},"50":{"start":{"line":51,"column":0},"end":{"line":51,"column":9}},"51":{"start":{"line":52,"column":0},"end":{"line":52,"column":22}},"52":{"start":{"line":53,"column":0},"end":{"line":53,"column":20}},"53":{"start":{"line":54,"column":0},"end":{"line":54,"column":28}},"54":{"start":{"line":55,"column":0},"end":{"line":55,"column":75}},"55":{"start":{"line":56,"column":0},"end":{"line":56,"column":25}},"56":{"start":{"line":57,"column":0},"end":{"line":57,"column":13}},"57":{"start":{"line":58,"column":0},"end":{"line":58,"column":66}},"58":{"start":{"line":59,"column":0},"end":{"line":59,"column":23}},"59":{"start":{"line":60,"column":0},"end":{"line":60,"column":5}},"60":{"start":{"line":61,"column":0},"end":{"line":61,"column":3}},"62":{"start":{"line":63,"column":0},"end":{"line":63,"column":10}},"63":{"start":{"line":64,"column":0},"end":{"line":64,"column":88}},"64":{"start":{"line":65,"column":0},"end":{"line":65,"column":32}},"65":{"start":{"line":66,"column":0},"end":{"line":66,"column":50}},"66":{"start":{"line":67,"column":0},"end":{"line":67,"column":81}},"67":{"start":{"line":68,"column":0},"end":{"line":68,"column":79}},"68":{"start":{"line":69,"column":0},"end":{"line":69,"column":95}},"70":{"start":{"line":71,"column":0},"end":{"line":71,"column":12}},"72":{"start":{"line":73,"column":0},"end":{"line":73,"column":19}},"73":{"start":{"line":74,"column":0},"end":{"line":74,"column":108}},"74":{"start":{"line":75,"column":0},"end":{"line":75,"column":19}},"75":{"start":{"line":76,"column":0},"end":{"line":76,"column":16}},"78":{"start":{"line":79,"column":0},"end":{"line":79,"column":15}},"79":{"start":{"line":80,"column":0},"end":{"line":80,"column":33}},"80":{"start":{"line":81,"column":0},"end":{"line":81,"column":28}},"81":{"start":{"line":82,"column":0},"end":{"line":82,"column":181}},"83":{"start":{"line":84,"column":0},"end":{"line":84,"column":61}},"84":{"start":{"line":85,"column":0},"end":{"line":85,"column":17}},"86":{"start":{"line":87,"column":0},"end":{"line":87,"column":75}},"89":{"start":{"line":90,"column":0},"end":{"line":90,"column":12}},"90":{"start":{"line":91,"column":0},"end":{"line":91,"column":12}},"91":{"start":{"line":92,"column":0},"end":{"line":92,"column":10}},"93":{"start":{"line":94,"column":0},"end":{"line":94,"column":1}}},"s":{"0":1,"1":1,"2":1,"10":1,"11":13,"12":13,"13":13,"15":13,"16":13,"17":0,"18":0,"19":0,"20":0,"21":0,"22":0,"23":0,"24":0,"25":0,"26":13,"27":13,"29":13,"31":13,"32":13,"33":13,"34":13,"35":0,"36":0,"37":0,"38":0,"39":13,"42":13,"43":13,"44":0,"45":0,"46":0,"47":13,"49":13,"50":3,"51":3,"52":3,"53":3,"54":3,"55":1,"56":1,"57":1,"58":1,"59":1,"60":3,"62":13,"63":13,"64":13,"65":13,"66":13,"67":13,"68":13,"70":13,"72":13,"73":1,"74":1,"75":1,"78":13,"79":13,"80":13,"81":13,"83":13,"84":13,"86":13,"89":13,"90":13,"91":13,"93":13},"branchMap":{"0":{"type":"branch","line":11,"loc":{"start":{"line":11,"column":28},"end":{"line":94,"column":1}},"locations":[{"start":{"line":11,"column":28},"end":{"line":94,"column":1}}]},"1":{"type":"branch","line":33,"loc":{"start":{"line":33,"column":11},"end":{"line":33,"column":27}},"locations":[{"start":{"line":33,"column":11},"end":{"line":33,"column":27}}]},"2":{"type":"branch","line":73,"loc":{"start":{"line":73,"column":9},"end":{"line":76,"column":16}},"locations":[{"start":{"line":73,"column":9},"end":{"line":76,"column":16}}]},"3":{"type":"branch","line":84,"loc":{"start":{"line":84,"column":11},"end":{"line":84,"column":40}},"locations":[{"start":{"line":84,"column":11},"end":{"line":84,"column":40}}]},"4":{"type":"branch","line":84,"loc":{"start":{"line":84,"column":21},"end":{"line":84,"column":61}},"locations":[{"start":{"line":84,"column":21},"end":{"line":84,"column":61}}]},"5":{"type":"branch","line":43,"loc":{"start":{"line":43,"column":12},"end":{"line":48,"column":5}},"locations":[{"start":{"line":43,"column":12},"end":{"line":48,"column":5}}]},"6":{"type":"branch","line":44,"loc":{"start":{"line":44,"column":8},"end":{"line":44,"column":30}},"locations":[{"start":{"line":44,"column":8},"end":{"line":44,"column":30}}]},"7":{"type":"branch","line":44,"loc":{"start":{"line":44,"column":21},"end":{"line":44,"column":47}},"locations":[{"start":{"line":44,"column":21},"end":{"line":44,"column":47}}]},"8":{"type":"branch","line":44,"loc":{"start":{"line":44,"column":47},"end":{"line":47,"column":5}},"locations":[{"start":{"line":44,"column":47},"end":{"line":47,"column":5}}]},"9":{"type":"branch","line":50,"loc":{"start":{"line":50,"column":24},"end":{"line":61,"column":3}},"locations":[{"start":{"line":50,"column":24},"end":{"line":61,"column":3}}]},"10":{"type":"branch","line":55,"loc":{"start":{"line":55,"column":74},"end":{"line":60,"column":5}},"locations":[{"start":{"line":55,"column":74},"end":{"line":60,"column":5}}]}},"b":{"0":[13],"1":[12],"2":[1],"3":[4],"4":[9],"5":[13],"6":[1],"7":[0],"8":[0],"9":[3],"10":[1]},"fnMap":{"0":{"name":"PlaidConnect","decl":{"start":{"line":11,"column":28},"end":{"line":94,"column":1}},"loc":{"start":{"line":11,"column":28},"end":{"line":94,"column":1}},"line":11},"1":{"name":"onExit","decl":{"start":{"line":35,"column":12},"end":{"line":39,"column":6}},"loc":{"start":{"line":35,"column":12},"end":{"line":39,"column":6}},"line":35},"2":{"name":"handleConnect","decl":{"start":{"line":50,"column":24},"end":{"line":61,"column":3}},"loc":{"start":{"line":50,"column":24},"end":{"line":61,"column":3}},"line":50}},"f":{"0":13,"1":0,"2":3}}
,"/Users/jason/workspace/apex-dashboard/frontend/src/components/Sidebar.tsx": {"path":"/Users/jason/workspace/apex-dashboard/frontend/src/components/Sidebar.tsx","all":false,"statementMap":{"2":{"start":{"line":3,"column":0},"end":{"line":3,"column":18}},"3":{"start":{"line":4,"column":0},"end":{"line":4,"column":71}},"4":{"start":{"line":5,"column":0},"end":{"line":5,"column":67}},"5":{"start":{"line":6,"column":0},"end":{"line":6,"column":72}},"6":{"start":{"line":7,"column":0},"end":{"line":7,"column":67}},"7":{"start":{"line":8,"column":0},"end":{"line":8,"column":75}},"8":{"start":{"line":9,"column":0},"end":{"line":9,"column":78}},"9":{"start":{"line":10,"column":0},"end":{"line":10,"column":82}},"10":{"start":{"line":11,"column":0},"end":{"line":11,"column":84}},"11":{"start":{"line":12,"column":0},"end":{"line":12,"column":10}},"21":{"start":{"line":22,"column":0},"end":{"line":22,"column":50}},"22":{"start":{"line":23,"column":0},"end":{"line":23,"column":86}},"24":{"start":{"line":25,"column":0},"end":{"line":25,"column":82}},"25":{"start":{"line":26,"column":0},"end":{"line":26,"column":63}},"26":{"start":{"line":27,"column":0},"end":{"line":27,"column":65}},"27":{"start":{"line":28,"column":0},"end":{"line":28,"column":67}},"29":{"start":{"line":30,"column":0},"end":{"line":30,"column":10}},"30":{"start":{"line":31,"column":0},"end":{"line":31,"column":82}},"31":{"start":{"line":32,"column":0},"end":{"line":32,"column":34}},"32":{"start":{"line":33,"column":0},"end":{"line":33,"column":30}},"33":{"start":{"line":34,"column":0},"end":{"line":34,"column":115}},"34":{"start":{"line":35,"column":0},"end":{"line":35,"column":11}},"35":{"start":{"line":36,"column":0},"end":{"line":36,"column":19}},"37":{"start":{"line":38,"column":0},"end":{"line":38,"column":35}},"38":{"start":{"line":39,"column":0},"end":{"line":39,"column":31}},"39":{"start":{"line":40,"column":0},"end":{"line":40,"column":115}},"40":{"start":{"line":41,"column":0},"end":{"line":41,"column":11}},"41":{"start":{"line":42,"column":0},"end":{"line":42,"column":19}},"43":{"start":{"line":44,"column":0},"end":{"line":44,"column":36}},"44":{"start":{"line":45,"column":0},"end":{"line":45,"column":32}},"45":{"start":{"line":46,"column":0},"end":{"line":46,"column":115}},"46":{"start":{"line":47,"column":0},"end":{"line":47,"column":11}},"47":{"start":{"line":48,"column":0},"end":{"line":48,"column":19}},"49":{"start":{"line":50,"column":0},"end":{"line":50,"column":38}},"50":{"start":{"line":51,"column":0},"end":{"line":51,"column":35}},"51":{"start":{"line":52,"column":0},"end":{"line":52,"column":36}},"52":{"start":{"line":53,"column":0},"end":{"line":53,"column":51}},"53":{"start":{"line":54,"column":0},"end":{"line":54,"column":95}},"54":{"start":{"line":55,"column":0},"end":{"line":55,"column":102}},"55":{"start":{"line":56,"column":0},"end":{"line":56,"column":103}},"56":{"start":{"line":57,"column":0},"end":{"line":57,"column":18}},"57":{"start":{"line":58,"column":0},"end":{"line":58,"column":13}},"58":{"start":{"line":59,"column":0},"end":{"line":59,"column":14}},"59":{"start":{"line":60,"column":0},"end":{"line":60,"column":19}},"60":{"start":{"line":61,"column":0},"end":{"line":61,"column":10}},"62":{"start":{"line":63,"column":0},"end":{"line":63,"column":1}},"64":{"start":{"line":65,"column":0},"end":{"line":65,"column":91}},"65":{"start":{"line":66,"column":0},"end":{"line":66,"column":29}},"66":{"start":{"line":67,"column":0},"end":{"line":67,"column":128}},"67":{"start":{"line":68,"column":0},"end":{"line":68,"column":13}},"68":{"start":{"line":69,"column":0},"end":{"line":69,"column":10}},"69":{"start":{"line":70,"column":0},"end":{"line":70,"column":14}},"70":{"start":{"line":71,"column":0},"end":{"line":71,"column":8}},"73":{"start":{"line":74,"column":0},"end":{"line":74,"column":18}},"74":{"start":{"line":75,"column":0},"end":{"line":75,"column":7}},"75":{"start":{"line":76,"column":0},"end":{"line":76,"column":9}},"76":{"start":{"line":77,"column":0},"end":{"line":77,"column":10}},"77":{"start":{"line":78,"column":0},"end":{"line":78,"column":4}},"82":{"start":{"line":83,"column":0},"end":{"line":83,"column":6}},"83":{"start":{"line":84,"column":0},"end":{"line":84,"column":21}},"84":{"start":{"line":85,"column":0},"end":{"line":85,"column":129}},"85":{"start":{"line":86,"column":0},"end":{"line":86,"column":12}},"86":{"start":{"line":87,"column":0},"end":{"line":87,"column":40}},"87":{"start":{"line":88,"column":0},"end":{"line":88,"column":83}},"88":{"start":{"line":89,"column":0},"end":{"line":89,"column":7}},"90":{"start":{"line":91,"column":0},"end":{"line":91,"column":66}},"91":{"start":{"line":92,"column":0},"end":{"line":92,"column":16}},"92":{"start":{"line":93,"column":0},"end":{"line":93,"column":8}}},"s":{"2":1,"3":1,"4":1,"5":1,"6":1,"7":1,"8":1,"9":1,"10":1,"11":1,"21":1,"22":4,"24":1,"25":10,"26":10,"27":10,"29":10,"30":10,"31":10,"32":10,"33":40,"34":10,"35":10,"37":10,"38":10,"39":20,"40":10,"41":10,"43":10,"44":10,"45":20,"46":10,"47":10,"49":10,"50":10,"51":10,"52":2,"53":2,"54":2,"55":2,"56":2,"57":10,"58":10,"59":10,"60":10,"62":10,"64":1,"65":40,"66":40,"67":40,"68":40,"69":40,"70":40,"73":1,"74":80,"75":80,"76":80,"77":80,"82":80,"83":80,"84":80,"85":80,"86":10,"87":70,"88":80,"90":80,"91":80,"92":80},"branchMap":{"0":{"type":"branch","line":22,"loc":{"start":{"line":22,"column":18},"end":{"line":23,"column":86}},"locations":[{"start":{"line":22,"column":18},"end":{"line":23,"column":86}}]},"1":{"type":"branch","line":23,"loc":{"start":{"line":23,"column":10},"end":{"line":23,"column":31}},"locations":[{"start":{"line":23,"column":10},"end":{"line":23,"column":31}}]},"2":{"type":"branch","line":23,"loc":{"start":{"line":23,"column":17},"end":{"line":23,"column":86}},"locations":[{"start":{"line":23,"column":17},"end":{"line":23,"column":86}}]},"3":{"type":"branch","line":23,"loc":{"start":{"line":23,"column":48},"end":{"line":23,"column":86}},"locations":[{"start":{"line":23,"column":48},"end":{"line":23,"column":86}}]},"4":{"type":"branch","line":25,"loc":{"start":{"line":25,"column":23},"end":{"line":63,"column":1}},"locations":[{"start":{"line":25,"column":23},"end":{"line":63,"column":1}}]},"5":{"type":"branch","line":52,"loc":{"start":{"line":52,"column":11},"end":{"line":52,"column":27}},"locations":[{"start":{"line":52,"column":11},"end":{"line":52,"column":27}}]},"6":{"type":"branch","line":26,"loc":{"start":{"line":26,"column":34},"end":{"line":26,"column":62}},"locations":[{"start":{"line":26,"column":34},"end":{"line":26,"column":62}}]},"7":{"type":"branch","line":27,"loc":{"start":{"line":27,"column":35},"end":{"line":27,"column":64}},"locations":[{"start":{"line":27,"column":35},"end":{"line":27,"column":64}}]},"8":{"type":"branch","line":28,"loc":{"start":{"line":28,"column":36},"end":{"line":28,"column":66}},"locations":[{"start":{"line":28,"column":36},"end":{"line":28,"column":66}}]},"9":{"type":"branch","line":33,"loc":{"start":{"line":33,"column":21},"end":{"line":34,"column":115}},"locations":[{"start":{"line":33,"column":21},"end":{"line":34,"column":115}}]},"10":{"type":"branch","line":34,"loc":{"start":{"line":34,"column":85},"end":{"line":34,"column":113}},"locations":[{"start":{"line":34,"column":85},"end":{"line":34,"column":113}}]},"11":{"type":"branch","line":39,"loc":{"start":{"line":39,"column":22},"end":{"line":40,"column":115}},"locations":[{"start":{"line":39,"column":22},"end":{"line":40,"column":115}}]},"12":{"type":"branch","line":45,"loc":{"start":{"line":45,"column":23},"end":{"line":46,"column":115}},"locations":[{"start":{"line":45,"column":23},"end":{"line":46,"column":115}}]},"13":{"type":"branch","line":46,"loc":{"start":{"line":46,"column":85},"end":{"line":46,"column":113}},"locations":[{"start":{"line":46,"column":85},"end":{"line":46,"column":113}}]},"14":{"type":"branch","line":52,"loc":{"start":{"line":52,"column":27},"end":{"line":57,"column":18}},"locations":[{"start":{"line":52,"column":27},"end":{"line":57,"column":18}}]},"15":{"type":"branch","line":65,"loc":{"start":{"line":65,"column":19},"end":{"line":71,"column":8}},"locations":[{"start":{"line":65,"column":19},"end":{"line":71,"column":8}}]},"16":{"type":"branch","line":74,"loc":{"start":{"line":74,"column":16},"end":{"line":93,"column":8}},"locations":[{"start":{"line":74,"column":16},"end":{"line":93,"column":8}}]},"17":{"type":"branch","line":86,"loc":{"start":{"line":86,"column":6},"end":{"line":87,"column":40}},"locations":[{"start":{"line":86,"column":6},"end":{"line":87,"column":40}}]},"18":{"type":"branch","line":87,"loc":{"start":{"line":87,"column":10},"end":{"line":88,"column":83}},"locations":[{"start":{"line":87,"column":10},"end":{"line":88,"column":83}}]}},"b":{"0":[4],"1":[2],"2":[2],"3":[0],"4":[10],"5":[1],"6":[80],"7":[80],"8":[80],"9":[40],"10":[4],"11":[20],"12":[20],"13":[2],"14":[2],"15":[40],"16":[80],"17":[10],"18":[70]},"fnMap":{"0":{"name":"statColor","decl":{"start":{"line":22,"column":18},"end":{"line":23,"column":86}},"loc":{"start":{"line":22,"column":18},"end":{"line":23,"column":86}},"line":22},"1":{"name":"Sidebar","decl":{"start":{"line":25,"column":23},"end":{"line":63,"column":1}},"loc":{"start":{"line":25,"column":23},"end":{"line":63,"column":1}},"line":25},"2":{"name":"onClick","decl":{"start":{"line":34,"column":85},"end":{"line":34,"column":113}},"loc":{"start":{"line":34,"column":85},"end":{"line":34,"column":113}},"line":34},"3":{"name":"onClick","decl":{"start":{"line":40,"column":85},"end":{"line":40,"column":113}},"loc":{"start":{"line":40,"column":85},"end":{"line":40,"column":113}},"line":40},"4":{"name":"onClick","decl":{"start":{"line":46,"column":85},"end":{"line":46,"column":113}},"loc":{"start":{"line":46,"column":85},"end":{"line":46,"column":113}},"line":46},"5":{"name":"NavSection","decl":{"start":{"line":65,"column":19},"end":{"line":71,"column":8}},"loc":{"start":{"line":65,"column":19},"end":{"line":71,"column":8}},"line":65},"6":{"name":"NavItem","decl":{"start":{"line":74,"column":16},"end":{"line":93,"column":8}},"loc":{"start":{"line":74,"column":16},"end":{"line":93,"column":8}},"line":74}},"f":{"0":4,"1":10,"2":4,"3":0,"4":2,"5":40,"6":80}}
,"/Users/jason/workspace/apex-dashboard/frontend/src/hooks/useMarketData.ts": {"path":"/Users/jason/workspace/apex-dashboard/frontend/src/hooks/useMarketData.ts","all":false,"statementMap":{"0":{"start":{"line":1,"column":0},"end":{"line":1,"column":56}},"1":{"start":{"line":2,"column":0},"end":{"line":2,"column":50}},"17":{"start":{"line":18,"column":0},"end":{"line":18,"column":64}},"18":{"start":{"line":19,"column":0},"end":{"line":19,"column":50}},"19":{"start":{"line":20,"column":0},"end":{"line":20,"column":46}},"20":{"start":{"line":21,"column":0},"end":{"line":21,"column":56}},"22":{"start":{"line":23,"column":0},"end":{"line":23,"column":34}},"23":{"start":{"line":24,"column":0},"end":{"line":24,"column":20}},"24":{"start":{"line":25,"column":0},"end":{"line":25,"column":18}},"25":{"start":{"line":26,"column":0},"end":{"line":26,"column":13}},"26":{"start":{"line":27,"column":0},"end":{"line":27,"column":20}},"27":{"start":{"line":28,"column":0},"end":{"line":28,"column":93}},"28":{"start":{"line":29,"column":0},"end":{"line":29,"column":39}},"29":{"start":{"line":30,"column":0},"end":{"line":30,"column":15}},"31":{"start":{"line":32,"column":0},"end":{"line":32,"column":25}},"33":{"start":{"line":34,"column":0},"end":{"line":34,"column":46}},"34":{"start":{"line":35,"column":0},"end":{"line":35,"column":1}},"36":{"start":{"line":37,"column":0},"end":{"line":37,"column":60}},"37":{"start":{"line":38,"column":0},"end":{"line":38,"column":36}},"39":{"start":{"line":40,"column":0},"end":{"line":40,"column":58}},"40":{"start":{"line":41,"column":0},"end":{"line":41,"column":35}},"42":{"start":{"line":43,"column":0},"end":{"line":43,"column":56}},"43":{"start":{"line":44,"column":0},"end":{"line":44,"column":34}},"45":{"start":{"line":46,"column":0},"end":{"line":46,"column":74}},"46":{"start":{"line":47,"column":0},"end":{"line":47,"column":43}},"48":{"start":{"line":49,"column":0},"end":{"line":49,"column":62}},"49":{"start":{"line":50,"column":0},"end":{"line":50,"column":37}},"51":{"start":{"line":52,"column":0},"end":{"line":52,"column":66}},"52":{"start":{"line":53,"column":0},"end":{"line":53,"column":41}}},"s":{"0":1,"1":1,"17":19,"18":19,"19":19,"20":19,"22":19,"23":10,"24":10,"25":10,"26":10,"27":10,"28":10,"29":19,"31":19,"33":19,"34":19,"36":1,"37":9,"39":1,"40":2,"42":1,"43":2,"45":1,"46":2,"48":1,"49":2,"51":1,"52":2},"branchMap":{"0":{"type":"branch","line":18,"loc":{"start":{"line":18,"column":0},"end":{"line":35,"column":1}},"locations":[{"start":{"line":18,"column":0},"end":{"line":35,"column":1}}]},"1":{"type":"branch","line":23,"loc":{"start":{"line":23,"column":27},"end":{"line":30,"column":5}},"locations":[{"start":{"line":23,"column":27},"end":{"line":30,"column":5}}]},"2":{"type":"branch","line":28,"loc":{"start":{"line":28,"column":13},"end":{"line":28,"column":92}},"locations":[{"start":{"line":28,"column":13},"end":{"line":28,"column":92}}]},"3":{"type":"branch","line":28,"loc":{"start":{"line":28,"column":55},"end":{"line":28,"column":69}},"locations":[{"start":{"line":28,"column":55},"end":{"line":28,"column":69}}]},"4":{"type":"branch","line":28,"loc":{"start":{"line":28,"column":63},"end":{"line":28,"column":91}},"locations":[{"start":{"line":28,"column":63},"end":{"line":28,"column":91}}]},"5":{"type":"branch","line":29,"loc":{"start":{"line":29,"column":15},"end":{"line":29,"column":38}},"locations":[{"start":{"line":29,"column":15},"end":{"line":29,"column":38}}]},"6":{"type":"branch","line":37,"loc":{"start":{"line":37,"column":27},"end":{"line":38,"column":36}},"locations":[{"start":{"line":37,"column":27},"end":{"line":38,"column":36}}]},"7":{"type":"branch","line":40,"loc":{"start":{"line":40,"column":26},"end":{"line":41,"column":35}},"locations":[{"start":{"line":40,"column":26},"end":{"line":41,"column":35}}]},"8":{"type":"branch","line":43,"loc":{"start":{"line":43,"column":25},"end":{"line":44,"column":34}},"locations":[{"start":{"line":43,"column":25},"end":{"line":44,"column":34}}]},"9":{"type":"branch","line":46,"loc":{"start":{"line":46,"column":34},"end":{"line":47,"column":43}},"locations":[{"start":{"line":46,"column":34},"end":{"line":47,"column":43}}]},"10":{"type":"branch","line":49,"loc":{"start":{"line":49,"column":28},"end":{"line":50,"column":37}},"locations":[{"start":{"line":49,"column":28},"end":{"line":50,"column":37}}]},"11":{"type":"branch","line":52,"loc":{"start":{"line":52,"column":32},"end":{"line":53,"column":41}},"locations":[{"start":{"line":52,"column":32},"end":{"line":53,"column":41}}]}},"b":{"0":[19],"1":[10],"2":[2],"3":[1],"4":[1],"5":[10],"6":[9],"7":[2],"8":[2],"9":[2],"10":[2],"11":[2]},"fnMap":{"0":{"name":"useApiCall","decl":{"start":{"line":18,"column":0},"end":{"line":35,"column":1}},"loc":{"start":{"line":18,"column":0},"end":{"line":35,"column":1}},"line":18},"1":{"name":"useOverview","decl":{"start":{"line":37,"column":27},"end":{"line":38,"column":36}},"loc":{"start":{"line":37,"column":27},"end":{"line":38,"column":36}},"line":37},"2":{"name":"useMarkets","decl":{"start":{"line":40,"column":26},"end":{"line":41,"column":35}},"loc":{"start":{"line":40,"column":26},"end":{"line":41,"column":35}},"line":40},"3":{"name":"useCrypto","decl":{"start":{"line":43,"column":25},"end":{"line":44,"column":34}},"loc":{"start":{"line":43,"column":25},"end":{"line":44,"column":34}},"line":43},"4":{"name":"useRecommendations","decl":{"start":{"line":46,"column":34},"end":{"line":47,"column":43}},"loc":{"start":{"line":46,"column":34},"end":{"line":47,"column":43}},"line":46},"5":{"name":"usePrincipal","decl":{"start":{"line":49,"column":28},"end":{"line":50,"column":37}},"loc":{"start":{"line":49,"column":28},"end":{"line":50,"column":37}},"line":49},"6":{"name":"useMorganStanley","decl":{"start":{"line":52,"column":32},"end":{"line":53,"column":41}},"loc":{"start":{"line":52,"column":32},"end":{"line":53,"column":41}},"line":52}},"f":{"0":19,"1":9,"2":2,"3":2,"4":2,"5":2,"6":2}}
,"/Users/jason/workspace/apex-dashboard/frontend/src/pages/Crypto.tsx": {"path":"/Users/jason/workspace/apex-dashboard/frontend/src/pages/Crypto.tsx","all":false,"statementMap":{"0":{"start":{"line":1,"column":0},"end":{"line":1,"column":38}},"1":{"start":{"line":2,"column":0},"end":{"line":2,"column":115}},"2":{"start":{"line":3,"column":0},"end":{"line":3,"column":50}},"3":{"start":{"line":4,"column":0},"end":{"line":4,"column":57}},"4":{"start":{"line":5,"column":0},"end":{"line":5,"column":53}},"5":{"start":{"line":6,"column":0},"end":{"line":6,"column":81}},"7":{"start":{"line":8,"column":0},"end":{"line":8,"column":88}},"9":{"start":{"line":10,"column":0},"end":{"line":10,"column":19}},"10":{"start":{"line":11,"column":0},"end":{"line":11,"column":44}},"11":{"start":{"line":12,"column":0},"end":{"line":12,"column":82}},"12":{"start":{"line":13,"column":0},"end":{"line":13,"column":1}},"14":{"start":{"line":15,"column":0},"end":{"line":15,"column":22}},"15":{"start":{"line":16,"column":0},"end":{"line":16,"column":53}},"17":{"start":{"line":18,"column":0},"end":{"line":18,"column":38}},"18":{"start":{"line":19,"column":0},"end":{"line":19,"column":73}},"20":{"start":{"line":21,"column":0},"end":{"line":21,"column":75}},"22":{"start":{"line":23,"column":0},"end":{"line":23,"column":21}},"23":{"start":{"line":24,"column":0},"end":{"line":24,"column":34}},"24":{"start":{"line":25,"column":0},"end":{"line":25,"column":16}},"25":{"start":{"line":26,"column":0},"end":{"line":26,"column":52}},"26":{"start":{"line":27,"column":0},"end":{"line":27,"column":71}},"27":{"start":{"line":28,"column":0},"end":{"line":28,"column":84}},"28":{"start":{"line":29,"column":0},"end":{"line":29,"column":38}},"29":{"start":{"line":30,"column":0},"end":{"line":30,"column":7}},"30":{"start":{"line":31,"column":0},"end":{"line":31,"column":3}},"32":{"start":{"line":33,"column":0},"end":{"line":33,"column":10}},"33":{"start":{"line":34,"column":0},"end":{"line":34,"column":9}},"34":{"start":{"line":35,"column":0},"end":{"line":35,"column":89}},"36":{"start":{"line":37,"column":0},"end":{"line":37,"column":13}},"37":{"start":{"line":38,"column":0},"end":{"line":38,"column":36}},"38":{"start":{"line":39,"column":0},"end":{"line":39,"column":35}},"39":{"start":{"line":40,"column":0},"end":{"line":40,"column":60}},"40":{"start":{"line":41,"column":0},"end":{"line":41,"column":18}},"41":{"start":{"line":42,"column":0},"end":{"line":42,"column":118}},"42":{"start":{"line":43,"column":0},"end":{"line":43,"column":68}},"44":{"start":{"line":45,"column":0},"end":{"line":45,"column":30}},"45":{"start":{"line":46,"column":0},"end":{"line":46,"column":20}},"46":{"start":{"line":47,"column":0},"end":{"line":47,"column":113}},"47":{"start":{"line":48,"column":0},"end":{"line":48,"column":18}},"48":{"start":{"line":49,"column":0},"end":{"line":49,"column":66}},"49":{"start":{"line":50,"column":0},"end":{"line":50,"column":79}},"50":{"start":{"line":51,"column":0},"end":{"line":51,"column":69}},"51":{"start":{"line":52,"column":0},"end":{"line":52,"column":16}},"52":{"start":{"line":53,"column":0},"end":{"line":53,"column":95}},"53":{"start":{"line":54,"column":0},"end":{"line":54,"column":17}},"54":{"start":{"line":55,"column":0},"end":{"line":55,"column":11}},"55":{"start":{"line":56,"column":0},"end":{"line":56,"column":14}},"57":{"start":{"line":58,"column":0},"end":{"line":58,"column":13}},"58":{"start":{"line":59,"column":0},"end":{"line":59,"column":31}},"59":{"start":{"line":60,"column":0},"end":{"line":60,"column":31}},"60":{"start":{"line":61,"column":0},"end":{"line":61,"column":109}},"61":{"start":{"line":62,"column":0},"end":{"line":62,"column":67}},"62":{"start":{"line":63,"column":0},"end":{"line":63,"column":75}},"63":{"start":{"line":64,"column":0},"end":{"line":64,"column":55}},"64":{"start":{"line":65,"column":0},"end":{"line":65,"column":16}},"65":{"start":{"line":66,"column":0},"end":{"line":66,"column":17}},"66":{"start":{"line":67,"column":0},"end":{"line":67,"column":11}},"67":{"start":{"line":68,"column":0},"end":{"line":68,"column":14}},"69":{"start":{"line":70,"column":0},"end":{"line":70,"column":58}},"70":{"start":{"line":71,"column":0},"end":{"line":71,"column":41}},"71":{"start":{"line":72,"column":0},"end":{"line":72,"column":55}},"72":{"start":{"line":73,"column":0},"end":{"line":73,"column":50}},"73":{"start":{"line":74,"column":0},"end":{"line":74,"column":19}},"74":{"start":{"line":75,"column":0},"end":{"line":75,"column":58}},"75":{"start":{"line":76,"column":0},"end":{"line":76,"column":135}},"76":{"start":{"line":77,"column":0},"end":{"line":77,"column":12}},"77":{"start":{"line":78,"column":0},"end":{"line":78,"column":13}},"78":{"start":{"line":79,"column":0},"end":{"line":79,"column":18}},"80":{"start":{"line":81,"column":0},"end":{"line":81,"column":53}},"81":{"start":{"line":82,"column":0},"end":{"line":82,"column":81}},"82":{"start":{"line":83,"column":0},"end":{"line":83,"column":93}},"83":{"start":{"line":84,"column":0},"end":{"line":84,"column":13}},"84":{"start":{"line":85,"column":0},"end":{"line":85,"column":10}},"86":{"start":{"line":87,"column":0},"end":{"line":87,"column":1}},"88":{"start":{"line":89,"column":0},"end":{"line":89,"column":21}}},"s":{"0":1,"1":1,"2":1,"3":1,"4":1,"5":1,"7":1,"9":1,"10":1,"11":1,"12":1,"14":1,"15":5,"17":5,"18":5,"20":3,"22":3,"23":3,"24":3,"25":3,"26":3,"27":3,"28":3,"29":3,"30":3,"32":3,"33":3,"34":3,"36":3,"37":3,"38":3,"39":3,"40":3,"41":3,"42":3,"44":3,"45":3,"46":3,"47":3,"48":3,"49":3,"50":3,"51":3,"52":3,"53":3,"54":3,"55":3,"57":3,"58":3,"59":3,"60":3,"61":3,"62":3,"63":3,"64":3,"65":3,"66":3,"67":3,"69":3,"70":3,"71":3,"72":3,"73":3,"74":3,"75":3,"76":3,"77":3,"78":3,"80":3,"81":3,"82":3,"83":3,"84":3,"86":3,"88":1},"branchMap":{"0":{"type":"branch","line":15,"loc":{"start":{"line":15,"column":15},"end":{"line":87,"column":1}},"locations":[{"start":{"line":15,"column":15},"end":{"line":87,"column":1}}]},"1":{"type":"branch","line":18,"loc":{"start":{"line":18,"column":15},"end":{"line":18,"column":38}},"locations":[{"start":{"line":18,"column":15},"end":{"line":18,"column":38}}]},"2":{"type":"branch","line":18,"loc":{"start":{"line":18,"column":36},"end":{"line":19,"column":15}},"locations":[{"start":{"line":18,"column":36},"end":{"line":19,"column":15}}]},"3":{"type":"branch","line":19,"loc":{"start":{"line":19,"column":6},"end":{"line":19,"column":22}},"locations":[{"start":{"line":19,"column":6},"end":{"line":19,"column":22}}]},"4":{"type":"branch","line":19,"loc":{"start":{"line":19,"column":22},"end":{"line":19,"column":73}},"locations":[{"start":{"line":19,"column":22},"end":{"line":19,"column":73}}]},"5":{"type":"branch","line":19,"loc":{"start":{"line":19,"column":71},"end":{"line":87,"column":1}},"locations":[{"start":{"line":19,"column":71},"end":{"line":87,"column":1}}]},"6":{"type":"branch","line":38,"loc":{"start":{"line":38,"column":26},"end":{"line":54,"column":17}},"locations":[{"start":{"line":38,"column":26},"end":{"line":54,"column":17}}]},"7":{"type":"branch","line":51,"loc":{"start":{"line":51,"column":38},"end":{"line":51,"column":48}},"locations":[{"start":{"line":51,"column":38},"end":{"line":51,"column":48}}]},"8":{"type":"branch","line":59,"loc":{"start":{"line":59,"column":25},"end":{"line":66,"column":17}},"locations":[{"start":{"line":59,"column":25},"end":{"line":66,"column":17}}]},"9":{"type":"branch","line":64,"loc":{"start":{"line":64,"column":25},"end":{"line":64,"column":40}},"locations":[{"start":{"line":64,"column":25},"end":{"line":64,"column":40}}]}},"b":{"0":[5],"1":[1],"2":[4],"3":[3],"4":[1],"5":[3],"6":[3],"7":[0],"8":[3],"9":[0]},"fnMap":{"0":{"name":"Crypto","decl":{"start":{"line":15,"column":15},"end":{"line":87,"column":1}},"loc":{"start":{"line":15,"column":15},"end":{"line":87,"column":1}},"line":15},"1":{"name":"callback","decl":{"start":{"line":76,"column":70},"end":{"line":76,"column":131}},"loc":{"start":{"line":76,"column":70},"end":{"line":76,"column":131}},"line":76}},"f":{"0":5,"1":0}}
,"/Users/jason/workspace/apex-dashboard/frontend/src/pages/International.tsx": {"path":"/Users/jason/workspace/apex-dashboard/frontend/src/pages/International.tsx","all":false,"statementMap":{"0":{"start":{"line":1,"column":0},"end":{"line":1,"column":51}},"1":{"start":{"line":2,"column":0},"end":{"line":2,"column":57}},"2":{"start":{"line":3,"column":0},"end":{"line":3,"column":53}},"3":{"start":{"line":4,"column":0},"end":{"line":4,"column":101}},"5":{"start":{"line":6,"column":0},"end":{"line":6,"column":29}},"6":{"start":{"line":7,"column":0},"end":{"line":7,"column":54}},"8":{"start":{"line":9,"column":0},"end":{"line":9,"column":38}},"9":{"start":{"line":10,"column":0},"end":{"line":10,"column":73}},"11":{"start":{"line":12,"column":0},"end":{"line":12,"column":30}},"13":{"start":{"line":14,"column":0},"end":{"line":14,"column":10}},"14":{"start":{"line":15,"column":0},"end":{"line":15,"column":9}},"15":{"start":{"line":16,"column":0},"end":{"line":16,"column":79}},"17":{"start":{"line":18,"column":0},"end":{"line":18,"column":70}},"18":{"start":{"line":19,"column":0},"end":{"line":19,"column":13}},"19":{"start":{"line":20,"column":0},"end":{"line":20,"column":17}},"20":{"start":{"line":21,"column":0},"end":{"line":21,"column":19}},"21":{"start":{"line":22,"column":0},"end":{"line":22,"column":89}},"22":{"start":{"line":23,"column":0},"end":{"line":23,"column":20}},"23":{"start":{"line":24,"column":0},"end":{"line":24,"column":19}},"24":{"start":{"line":25,"column":0},"end":{"line":25,"column":39}},"25":{"start":{"line":26,"column":0},"end":{"line":26,"column":78}},"26":{"start":{"line":27,"column":0},"end":{"line":27,"column":55}},"27":{"start":{"line":28,"column":0},"end":{"line":28,"column":39}},"28":{"start":{"line":29,"column":0},"end":{"line":29,"column":69}},"29":{"start":{"line":30,"column":0},"end":{"line":30,"column":39}},"30":{"start":{"line":31,"column":0},"end":{"line":31,"column":21}},"31":{"start":{"line":32,"column":0},"end":{"line":32,"column":17}},"32":{"start":{"line":33,"column":0},"end":{"line":33,"column":20}},"33":{"start":{"line":34,"column":0},"end":{"line":34,"column":18}},"34":{"start":{"line":35,"column":0},"end":{"line":35,"column":14}},"35":{"start":{"line":36,"column":0},"end":{"line":36,"column":18}},"37":{"start":{"line":38,"column":0},"end":{"line":38,"column":13}},"38":{"start":{"line":39,"column":0},"end":{"line":39,"column":61}},"39":{"start":{"line":40,"column":0},"end":{"line":40,"column":81}},"40":{"start":{"line":41,"column":0},"end":{"line":41,"column":76}},"43":{"start":{"line":44,"column":0},"end":{"line":44,"column":14}},"44":{"start":{"line":45,"column":0},"end":{"line":45,"column":15}},"45":{"start":{"line":46,"column":0},"end":{"line":46,"column":61}},"46":{"start":{"line":47,"column":0},"end":{"line":47,"column":85}},"47":{"start":{"line":48,"column":0},"end":{"line":48,"column":76}},"50":{"start":{"line":51,"column":0},"end":{"line":51,"column":14}},"51":{"start":{"line":52,"column":0},"end":{"line":52,"column":15}},"52":{"start":{"line":53,"column":0},"end":{"line":53,"column":14}},"53":{"start":{"line":54,"column":0},"end":{"line":54,"column":10}},"55":{"start":{"line":56,"column":0},"end":{"line":56,"column":1}},"57":{"start":{"line":58,"column":0},"end":{"line":58,"column":28}}},"s":{"0":1,"1":1,"2":1,"3":1,"5":1,"6":3,"8":3,"9":3,"11":1,"13":1,"14":1,"15":1,"17":1,"18":1,"19":1,"20":1,"21":1,"22":1,"23":1,"24":1,"25":2,"26":2,"27":2,"28":2,"29":2,"30":2,"31":1,"32":1,"33":1,"34":1,"35":1,"37":1,"38":1,"39":1,"40":1,"43":1,"44":1,"45":1,"46":1,"47":1,"50":1,"51":1,"52":1,"53":1,"55":1,"57":1},"branchMap":{"0":{"type":"branch","line":6,"loc":{"start":{"line":6,"column":22},"end":{"line":56,"column":1}},"locations":[{"start":{"line":6,"column":22},"end":{"line":56,"column":1}}]},"1":{"type":"branch","line":9,"loc":{"start":{"line":9,"column":15},"end":{"line":9,"column":38}},"locations":[{"start":{"line":9,"column":15},"end":{"line":9,"column":38}}]},"2":{"type":"branch","line":9,"loc":{"start":{"line":9,"column":36},"end":{"line":10,"column":15}},"locations":[{"start":{"line":9,"column":36},"end":{"line":10,"column":15}}]},"3":{"type":"branch","line":10,"loc":{"start":{"line":10,"column":6},"end":{"line":10,"column":22}},"locations":[{"start":{"line":10,"column":6},"end":{"line":10,"column":22}}]},"4":{"type":"branch","line":10,"loc":{"start":{"line":10,"column":22},"end":{"line":56,"column":1}},"locations":[{"start":{"line":10,"column":22},"end":{"line":56,"column":1}}]},"5":{"type":"branch","line":25,"loc":{"start":{"line":25,"column":31},"end":{"line":31,"column":21}},"locations":[{"start":{"line":25,"column":31},"end":{"line":31,"column":21}}]}},"b":{"0":[3],"1":[1],"2":[2],"3":[1],"4":[1],"5":[2]},"fnMap":{"0":{"name":"International","decl":{"start":{"line":6,"column":22},"end":{"line":56,"column":1}},"loc":{"start":{"line":6,"column":22},"end":{"line":56,"column":1}},"line":6}},"f":{"0":3}}
,"/Users/jason/workspace/apex-dashboard/frontend/src/pages/MorganStanley.tsx": {"path":"/Users/jason/workspace/apex-dashboard/frontend/src/pages/MorganStanley.tsx","all":false,"statementMap":{"0":{"start":{"line":1,"column":0},"end":{"line":1,"column":43}},"1":{"start":{"line":2,"column":0},"end":{"line":2,"column":8}},"5":{"start":{"line":6,"column":0},"end":{"line":6,"column":35}},"6":{"start":{"line":7,"column":0},"end":{"line":7,"column":57}},"7":{"start":{"line":8,"column":0},"end":{"line":8,"column":57}},"8":{"start":{"line":9,"column":0},"end":{"line":9,"column":53}},"9":{"start":{"line":10,"column":0},"end":{"line":10,"column":57}},"10":{"start":{"line":11,"column":0},"end":{"line":11,"column":8}},"16":{"start":{"line":17,"column":0},"end":{"line":17,"column":100}},"18":{"start":{"line":19,"column":0},"end":{"line":19,"column":19}},"19":{"start":{"line":20,"column":0},"end":{"line":20,"column":44}},"20":{"start":{"line":21,"column":0},"end":{"line":21,"column":82}},"21":{"start":{"line":22,"column":0},"end":{"line":22,"column":1}},"23":{"start":{"line":24,"column":0},"end":{"line":24,"column":18}},"24":{"start":{"line":25,"column":0},"end":{"line":25,"column":19}},"25":{"start":{"line":26,"column":0},"end":{"line":26,"column":29}},"26":{"start":{"line":27,"column":0},"end":{"line":27,"column":42}},"27":{"start":{"line":28,"column":0},"end":{"line":28,"column":10}},"29":{"start":{"line":30,"column":0},"end":{"line":30,"column":31}},"30":{"start":{"line":31,"column":0},"end":{"line":31,"column":88}},"32":{"start":{"line":33,"column":0},"end":{"line":33,"column":84}},"33":{"start":{"line":34,"column":0},"end":{"line":34,"column":8}},"34":{"start":{"line":35,"column":0},"end":{"line":35,"column":103}},"35":{"start":{"line":36,"column":0},"end":{"line":36,"column":84}},"36":{"start":{"line":37,"column":0},"end":{"line":37,"column":88}},"37":{"start":{"line":38,"column":0},"end":{"line":38,"column":9}},"40":{"start":{"line":41,"column":0},"end":{"line":41,"column":56}},"41":{"start":{"line":42,"column":0},"end":{"line":42,"column":94}},"42":{"start":{"line":43,"column":0},"end":{"line":43,"column":70}},"43":{"start":{"line":44,"column":0},"end":{"line":44,"column":11}},"44":{"start":{"line":45,"column":0},"end":{"line":45,"column":128}},"45":{"start":{"line":46,"column":0},"end":{"line":46,"column":86}},"46":{"start":{"line":47,"column":0},"end":{"line":47,"column":84}},"47":{"start":{"line":48,"column":0},"end":{"line":48,"column":12}},"48":{"start":{"line":49,"column":0},"end":{"line":49,"column":34}},"49":{"start":{"line":50,"column":0},"end":{"line":50,"column":86}},"50":{"start":{"line":51,"column":0},"end":{"line":51,"column":94}},"51":{"start":{"line":52,"column":0},"end":{"line":52,"column":73}},"52":{"start":{"line":53,"column":0},"end":{"line":53,"column":47}},"53":{"start":{"line":54,"column":0},"end":{"line":54,"column":12}},"54":{"start":{"line":55,"column":0},"end":{"line":55,"column":12}},"55":{"start":{"line":56,"column":0},"end":{"line":56,"column":10}},"56":{"start":{"line":57,"column":0},"end":{"line":57,"column":8}},"59":{"start":{"line":60,"column":0},"end":{"line":60,"column":75}},"60":{"start":{"line":61,"column":0},"end":{"line":61,"column":106}},"61":{"start":{"line":62,"column":0},"end":{"line":62,"column":30}},"62":{"start":{"line":63,"column":0},"end":{"line":63,"column":108}},"63":{"start":{"line":64,"column":0},"end":{"line":64,"column":10}},"64":{"start":{"line":65,"column":0},"end":{"line":65,"column":11}},"65":{"start":{"line":66,"column":0},"end":{"line":66,"column":13}},"66":{"start":{"line":67,"column":0},"end":{"line":67,"column":12}},"67":{"start":{"line":68,"column":0},"end":{"line":68,"column":25}},"68":{"start":{"line":69,"column":0},"end":{"line":69,"column":23}},"69":{"start":{"line":70,"column":0},"end":{"line":70,"column":24}},"70":{"start":{"line":71,"column":0},"end":{"line":71,"column":29}},"71":{"start":{"line":72,"column":0},"end":{"line":72,"column":30}},"72":{"start":{"line":73,"column":0},"end":{"line":73,"column":13}},"73":{"start":{"line":74,"column":0},"end":{"line":74,"column":14}},"74":{"start":{"line":75,"column":0},"end":{"line":75,"column":13}},"75":{"start":{"line":76,"column":0},"end":{"line":76,"column":28}},"76":{"start":{"line":77,"column":0},"end":{"line":77,"column":81}},"77":{"start":{"line":78,"column":0},"end":{"line":78,"column":47}},"78":{"start":{"line":79,"column":0},"end":{"line":79,"column":64}},"79":{"start":{"line":80,"column":0},"end":{"line":80,"column":52}},"80":{"start":{"line":81,"column":0},"end":{"line":81,"column":16}},"81":{"start":{"line":82,"column":0},"end":{"line":82,"column":55}},"82":{"start":{"line":83,"column":0},"end":{"line":83,"column":74}},"83":{"start":{"line":84,"column":0},"end":{"line":84,"column":22}},"84":{"start":{"line":85,"column":0},"end":{"line":85,"column":65}},"85":{"start":{"line":86,"column":0},"end":{"line":86,"column":51}},"86":{"start":{"line":87,"column":0},"end":{"line":87,"column":20}},"87":{"start":{"line":88,"column":0},"end":{"line":88,"column":22}},"88":{"start":{"line":89,"column":0},"end":{"line":89,"column":77}},"89":{"start":{"line":90,"column":0},"end":{"line":90,"column":20}},"90":{"start":{"line":91,"column":0},"end":{"line":91,"column":17}},"91":{"start":{"line":92,"column":0},"end":{"line":92,"column":76}},"92":{"start":{"line":93,"column":0},"end":{"line":93,"column":15}},"93":{"start":{"line":94,"column":0},"end":{"line":94,"column":11}},"94":{"start":{"line":95,"column":0},"end":{"line":95,"column":14}},"95":{"start":{"line":96,"column":0},"end":{"line":96,"column":12}},"96":{"start":{"line":97,"column":0},"end":{"line":97,"column":8}},"99":{"start":{"line":100,"column":0},"end":{"line":100,"column":64}},"100":{"start":{"line":101,"column":0},"end":{"line":101,"column":34}},"101":{"start":{"line":102,"column":0},"end":{"line":102,"column":23}},"102":{"start":{"line":103,"column":0},"end":{"line":103,"column":23}},"103":{"start":{"line":104,"column":0},"end":{"line":104,"column":21}},"104":{"start":{"line":105,"column":0},"end":{"line":105,"column":1}},"106":{"start":{"line":107,"column":0},"end":{"line":107,"column":80}},"107":{"start":{"line":108,"column":0},"end":{"line":108,"column":106}},"108":{"start":{"line":109,"column":0},"end":{"line":109,"column":30}},"109":{"start":{"line":110,"column":0},"end":{"line":110,"column":130}},"110":{"start":{"line":111,"column":0},"end":{"line":111,"column":10}},"111":{"start":{"line":112,"column":0},"end":{"line":112,"column":11}},"112":{"start":{"line":113,"column":0},"end":{"line":113,"column":13}},"113":{"start":{"line":114,"column":0},"end":{"line":114,"column":12}},"114":{"start":{"line":115,"column":0},"end":{"line":115,"column":23}},"115":{"start":{"line":116,"column":0},"end":{"line":116,"column":25}},"116":{"start":{"line":117,"column":0},"end":{"line":117,"column":23}},"117":{"start":{"line":118,"column":0},"end":{"line":118,"column":23}},"118":{"start":{"line":119,"column":0},"end":{"line":119,"column":13}},"119":{"start":{"line":120,"column":0},"end":{"line":120,"column":14}},"120":{"start":{"line":121,"column":0},"end":{"line":121,"column":13}},"121":{"start":{"line":122,"column":0},"end":{"line":122,"column":38}},"122":{"start":{"line":123,"column":0},"end":{"line":123,"column":74}},"123":{"start":{"line":124,"column":0},"end":{"line":124,"column":70}},"124":{"start":{"line":125,"column":0},"end":{"line":125,"column":83}},"125":{"start":{"line":126,"column":0},"end":{"line":126,"column":16}},"126":{"start":{"line":127,"column":0},"end":{"line":127,"column":164}},"127":{"start":{"line":128,"column":0},"end":{"line":128,"column":42}},"128":{"start":{"line":129,"column":0},"end":{"line":129,"column":21}},"129":{"start":{"line":130,"column":0},"end":{"line":130,"column":17}},"130":{"start":{"line":131,"column":0},"end":{"line":131,"column":64}},"131":{"start":{"line":132,"column":0},"end":{"line":132,"column":15}},"132":{"start":{"line":133,"column":0},"end":{"line":133,"column":11}},"133":{"start":{"line":134,"column":0},"end":{"line":134,"column":14}},"134":{"start":{"line":135,"column":0},"end":{"line":135,"column":12}},"135":{"start":{"line":136,"column":0},"end":{"line":136,"column":8}},"138":{"start":{"line":139,"column":0},"end":{"line":139,"column":29}},"139":{"start":{"line":140,"column":0},"end":{"line":140,"column":60}},"141":{"start":{"line":142,"column":0},"end":{"line":142,"column":61}},"143":{"start":{"line":144,"column":0},"end":{"line":144,"column":38}},"144":{"start":{"line":145,"column":0},"end":{"line":145,"column":73}},"145":{"start":{"line":146,"column":0},"end":{"line":146,"column":24}},"146":{"start":{"line":147,"column":0},"end":{"line":147,"column":12}},"147":{"start":{"line":148,"column":0},"end":{"line":148,"column":11}},"148":{"start":{"line":149,"column":0},"end":{"line":149,"column":82}},"149":{"start":{"line":150,"column":0},"end":{"line":150,"column":108}},"150":{"start":{"line":151,"column":0},"end":{"line":151,"column":12}},"152":{"start":{"line":153,"column":0},"end":{"line":153,"column":3}},"154":{"start":{"line":155,"column":0},"end":{"line":155,"column":81}},"156":{"start":{"line":157,"column":0},"end":{"line":157,"column":22}},"157":{"start":{"line":158,"column":0},"end":{"line":158,"column":35}},"158":{"start":{"line":159,"column":0},"end":{"line":159,"column":16}},"159":{"start":{"line":160,"column":0},"end":{"line":160,"column":23}},"160":{"start":{"line":161,"column":0},"end":{"line":161,"column":33}},"161":{"start":{"line":162,"column":0},"end":{"line":162,"column":29}},"162":{"start":{"line":163,"column":0},"end":{"line":163,"column":47}},"163":{"start":{"line":164,"column":0},"end":{"line":164,"column":84}},"164":{"start":{"line":165,"column":0},"end":{"line":165,"column":7}},"165":{"start":{"line":166,"column":0},"end":{"line":166,"column":3}},"167":{"start":{"line":168,"column":0},"end":{"line":168,"column":25}},"168":{"start":{"line":169,"column":0},"end":{"line":169,"column":31}},"169":{"start":{"line":170,"column":0},"end":{"line":170,"column":16}},"170":{"start":{"line":171,"column":0},"end":{"line":171,"column":24}},"171":{"start":{"line":172,"column":0},"end":{"line":172,"column":29}},"172":{"start":{"line":173,"column":0},"end":{"line":173,"column":46}},"173":{"start":{"line":174,"column":0},"end":{"line":174,"column":29}},"174":{"start":{"line":175,"column":0},"end":{"line":175,"column":38}},"175":{"start":{"line":176,"column":0},"end":{"line":176,"column":7}},"176":{"start":{"line":177,"column":0},"end":{"line":177,"column":3}},"178":{"start":{"line":179,"column":0},"end":{"line":179,"column":20}},"179":{"start":{"line":180,"column":0},"end":{"line":180,"column":16}},"180":{"start":{"line":181,"column":0},"end":{"line":181,"column":13}},"181":{"start":{"line":182,"column":0},"end":{"line":182,"column":19}},"182":{"start":{"line":183,"column":0},"end":{"line":183,"column":10}},"183":{"start":{"line":184,"column":0},"end":{"line":184,"column":21}},"184":{"start":{"line":185,"column":0},"end":{"line":185,"column":16}},"185":{"start":{"line":186,"column":0},"end":{"line":186,"column":29}},"186":{"start":{"line":187,"column":0},"end":{"line":187,"column":81}},"187":{"start":{"line":188,"column":0},"end":{"line":188,"column":10}},"188":{"start":{"line":189,"column":0},"end":{"line":189,"column":8}},"189":{"start":{"line":190,"column":0},"end":{"line":190,"column":6}},"190":{"start":{"line":191,"column":0},"end":{"line":191,"column":3}},"192":{"start":{"line":193,"column":0},"end":{"line":193,"column":23}},"193":{"start":{"line":194,"column":0},"end":{"line":194,"column":16}},"194":{"start":{"line":195,"column":0},"end":{"line":195,"column":13}},"195":{"start":{"line":196,"column":0},"end":{"line":196,"column":19}},"196":{"start":{"line":197,"column":0},"end":{"line":197,"column":10}},"197":{"start":{"line":198,"column":0},"end":{"line":198,"column":21}},"198":{"start":{"line":199,"column":0},"end":{"line":199,"column":16}},"199":{"start":{"line":200,"column":0},"end":{"line":200,"column":29}},"200":{"start":{"line":201,"column":0},"end":{"line":201,"column":77}},"201":{"start":{"line":202,"column":0},"end":{"line":202,"column":10}},"202":{"start":{"line":203,"column":0},"end":{"line":203,"column":8}},"203":{"start":{"line":204,"column":0},"end":{"line":204,"column":6}},"204":{"start":{"line":205,"column":0},"end":{"line":205,"column":3}},"206":{"start":{"line":207,"column":0},"end":{"line":207,"column":10}},"207":{"start":{"line":208,"column":0},"end":{"line":208,"column":9}},"208":{"start":{"line":209,"column":0},"end":{"line":209,"column":80}},"210":{"start":{"line":211,"column":0},"end":{"line":211,"column":32}},"212":{"start":{"line":213,"column":0},"end":{"line":213,"column":30}},"213":{"start":{"line":214,"column":0},"end":{"line":214,"column":74}},"214":{"start":{"line":215,"column":0},"end":{"line":215,"column":76}},"215":{"start":{"line":216,"column":0},"end":{"line":216,"column":68}},"216":{"start":{"line":217,"column":0},"end":{"line":217,"column":14}},"217":{"start":{"line":218,"column":0},"end":{"line":218,"column":114}},"218":{"start":{"line":219,"column":0},"end":{"line":219,"column":107}},"219":{"start":{"line":220,"column":0},"end":{"line":220,"column":109}},"220":{"start":{"line":221,"column":0},"end":{"line":221,"column":15}},"221":{"start":{"line":222,"column":0},"end":{"line":222,"column":14}},"223":{"start":{"line":224,"column":0},"end":{"line":224,"column":30}},"224":{"start":{"line":225,"column":0},"end":{"line":225,"column":56}},"225":{"start":{"line":226,"column":0},"end":{"line":226,"column":55}},"226":{"start":{"line":227,"column":0},"end":{"line":227,"column":20}},"227":{"start":{"line":228,"column":0},"end":{"line":228,"column":43}},"228":{"start":{"line":229,"column":0},"end":{"line":229,"column":60}},"229":{"start":{"line":230,"column":0},"end":{"line":230,"column":20}},"230":{"start":{"line":231,"column":0},"end":{"line":231,"column":14}},"232":{"start":{"line":233,"column":0},"end":{"line":233,"column":43}},"233":{"start":{"line":234,"column":0},"end":{"line":234,"column":52}},"234":{"start":{"line":235,"column":0},"end":{"line":235,"column":10}},"236":{"start":{"line":237,"column":0},"end":{"line":237,"column":1}},"238":{"start":{"line":239,"column":0},"end":{"line":239,"column":28}}},"s":{"0":1,"1":1,"5":1,"6":1,"7":1,"8":1,"9":1,"10":1,"16":1,"18":1,"19":1,"20":1,"21":1,"23":1,"24":1,"25":1,"26":1,"27":1,"29":1,"30":27,"32":1,"33":9,"34":9,"35":9,"36":9,"37":9,"40":1,"41":3,"42":3,"43":3,"44":3,"45":3,"46":3,"47":3,"48":3,"49":3,"50":3,"51":3,"52":3,"53":3,"54":3,"55":3,"56":3,"59":1,"60":3,"61":3,"62":3,"63":3,"64":3,"65":3,"66":3,"67":3,"68":3,"69":3,"70":3,"71":3,"72":3,"73":3,"74":3,"75":3,"76":3,"77":3,"78":3,"79":3,"80":3,"81":3,"82":3,"83":3,"84":3,"85":3,"86":3,"87":3,"88":3,"89":3,"90":3,"91":3,"92":3,"93":3,"94":3,"95":3,"96":3,"99":1,"100":1,"101":1,"102":1,"103":1,"104":1,"106":1,"107":3,"108":3,"109":3,"110":3,"111":3,"112":3,"113":3,"114":3,"115":3,"116":3,"117":3,"118":3,"119":3,"120":3,"121":3,"122":3,"123":3,"124":3,"125":3,"126":3,"127":3,"128":3,"129":3,"130":3,"131":3,"132":3,"133":3,"134":3,"135":3,"138":1,"139":6,"141":6,"143":6,"144":6,"145":6,"146":1,"147":1,"148":1,"149":1,"150":1,"152":1,"154":3,"156":3,"157":3,"158":3,"159":3,"160":3,"161":3,"162":3,"163":3,"164":3,"165":3,"167":3,"168":3,"169":3,"170":3,"171":3,"172":3,"173":3,"174":3,"175":3,"176":3,"178":3,"179":3,"180":3,"181":3,"182":3,"183":3,"184":3,"185":3,"186":3,"187":3,"188":3,"189":3,"190":3,"192":3,"193":3,"194":3,"195":3,"196":3,"197":3,"198":3,"199":3,"200":3,"201":3,"202":3,"203":3,"204":3,"206":3,"207":3,"208":3,"210":3,"212":3,"213":3,"214":3,"215":3,"216":3,"217":3,"218":3,"219":3,"220":3,"221":3,"223":3,"224":3,"225":3,"226":3,"227":3,"228":3,"229":3,"230":3,"232":3,"233":3,"234":3,"236":3,"238":1},"branchMap":{"0":{"type":"branch","line":30,"loc":{"start":{"line":30,"column":15},"end":{"line":31,"column":88}},"locations":[{"start":{"line":30,"column":15},"end":{"line":31,"column":88}}]},"1":{"type":"branch","line":31,"loc":{"start":{"line":31,"column":10},"end":{"line":31,"column":33}},"locations":[{"start":{"line":31,"column":10},"end":{"line":31,"column":33}}]},"2":{"type":"branch","line":31,"loc":{"start":{"line":31,"column":17},"end":{"line":31,"column":88}},"locations":[{"start":{"line":31,"column":17},"end":{"line":31,"column":88}}]},"3":{"type":"branch","line":31,"loc":{"start":{"line":31,"column":50},"end":{"line":31,"column":88}},"locations":[{"start":{"line":31,"column":50},"end":{"line":31,"column":88}}]},"4":{"type":"branch","line":33,"loc":{"start":{"line":33,"column":19},"end":{"line":38,"column":9}},"locations":[{"start":{"line":33,"column":19},"end":{"line":38,"column":9}}]},"5":{"type":"branch","line":41,"loc":{"start":{"line":41,"column":19},"end":{"line":57,"column":8}},"locations":[{"start":{"line":41,"column":19},"end":{"line":57,"column":8}}]},"6":{"type":"branch","line":60,"loc":{"start":{"line":60,"column":22},"end":{"line":97,"column":8}},"locations":[{"start":{"line":60,"column":22},"end":{"line":97,"column":8}}]},"7":{"type":"branch","line":76,"loc":{"start":{"line":76,"column":22},"end":{"line":93,"column":15}},"locations":[{"start":{"line":76,"column":22},"end":{"line":93,"column":15}}]},"8":{"type":"branch","line":107,"loc":{"start":{"line":107,"column":21},"end":{"line":136,"column":8}},"locations":[{"start":{"line":107,"column":21},"end":{"line":136,"column":8}}]},"9":{"type":"branch","line":122,"loc":{"start":{"line":122,"column":27},"end":{"line":132,"column":15}},"locations":[{"start":{"line":122,"column":27},"end":{"line":132,"column":15}}]},"10":{"type":"branch","line":139,"loc":{"start":{"line":139,"column":22},"end":{"line":237,"column":1}},"locations":[{"start":{"line":139,"column":22},"end":{"line":237,"column":1}}]},"11":{"type":"branch","line":144,"loc":{"start":{"line":144,"column":15},"end":{"line":144,"column":38}},"locations":[{"start":{"line":144,"column":15},"end":{"line":144,"column":38}}]},"12":{"type":"branch","line":144,"loc":{"start":{"line":144,"column":36},"end":{"line":145,"column":15}},"locations":[{"start":{"line":144,"column":36},"end":{"line":145,"column":15}}]},"13":{"type":"branch","line":145,"loc":{"start":{"line":145,"column":6},"end":{"line":145,"column":22}},"locations":[{"start":{"line":145,"column":6},"end":{"line":145,"column":22}}]},"14":{"type":"branch","line":145,"loc":{"start":{"line":145,"column":22},"end":{"line":145,"column":73}},"locations":[{"start":{"line":145,"column":22},"end":{"line":145,"column":73}}]},"15":{"type":"branch","line":145,"loc":{"start":{"line":145,"column":71},"end":{"line":146,"column":23}},"locations":[{"start":{"line":145,"column":71},"end":{"line":146,"column":23}}]},"16":{"type":"branch","line":146,"loc":{"start":{"line":146,"column":23},"end":{"line":153,"column":3}},"locations":[{"start":{"line":146,"column":23},"end":{"line":153,"column":3}}]},"17":{"type":"branch","line":153,"loc":{"start":{"line":153,"column":2},"end":{"line":237,"column":1}},"locations":[{"start":{"line":153,"column":2},"end":{"line":237,"column":1}}]}},"b":{"0":[27],"1":[15],"2":[12],"3":[0],"4":[9],"5":[3],"6":[3],"7":[3],"8":[3],"9":[3],"10":[6],"11":[1],"12":[5],"13":[4],"14":[1],"15":[4],"16":[1],"17":[3]},"fnMap":{"0":{"name":"dirCls","decl":{"start":{"line":30,"column":15},"end":{"line":31,"column":88}},"loc":{"start":{"line":30,"column":15},"end":{"line":31,"column":88}},"line":30},"1":{"name":"ChangeCard","decl":{"start":{"line":33,"column":19},"end":{"line":38,"column":9}},"loc":{"start":{"line":33,"column":19},"end":{"line":38,"column":9}},"line":33},"2":{"name":"SummaryBar","decl":{"start":{"line":41,"column":19},"end":{"line":57,"column":8}},"loc":{"start":{"line":41,"column":19},"end":{"line":57,"column":8}},"line":41},"3":{"name":"HoldingsTable","decl":{"start":{"line":60,"column":22},"end":{"line":97,"column":8}},"loc":{"start":{"line":60,"column":22},"end":{"line":97,"column":8}},"line":60},"4":{"name":"ContribTable","decl":{"start":{"line":107,"column":21},"end":{"line":136,"column":8}},"loc":{"start":{"line":107,"column":21},"end":{"line":136,"column":8}},"line":107},"5":{"name":"MorganStanley","decl":{"start":{"line":139,"column":22},"end":{"line":237,"column":1}},"loc":{"start":{"line":139,"column":22},"end":{"line":237,"column":1}},"line":139},"6":{"name":"callback","decl":{"start":{"line":187,"column":20},"end":{"line":187,"column":81}},"loc":{"start":{"line":187,"column":20},"end":{"line":187,"column":81}},"line":187},"7":{"name":"callback","decl":{"start":{"line":201,"column":20},"end":{"line":201,"column":77}},"loc":{"start":{"line":201,"column":20},"end":{"line":201,"column":77}},"line":201}},"f":{"0":27,"1":9,"2":3,"3":3,"4":3,"5":6,"6":0,"7":0}}
,"/Users/jason/workspace/apex-dashboard/frontend/src/pages/Overview.tsx": {"path":"/Users/jason/workspace/apex-dashboard/frontend/src/pages/Overview.tsx","all":false,"statementMap":{"0":{"start":{"line":1,"column":0},"end":{"line":1,"column":43}},"1":{"start":{"line":2,"column":0},"end":{"line":2,"column":8}},"5":{"start":{"line":6,"column":0},"end":{"line":6,"column":52}},"6":{"start":{"line":7,"column":0},"end":{"line":7,"column":57}},"7":{"start":{"line":8,"column":0},"end":{"line":8,"column":53}},"8":{"start":{"line":9,"column":0},"end":{"line":9,"column":78}},"10":{"start":{"line":11,"column":0},"end":{"line":11,"column":100}},"12":{"start":{"line":13,"column":0},"end":{"line":13,"column":19}},"13":{"start":{"line":14,"column":0},"end":{"line":14,"column":44}},"14":{"start":{"line":15,"column":0},"end":{"line":15,"column":82}},"15":{"start":{"line":16,"column":0},"end":{"line":16,"column":1}},"17":{"start":{"line":18,"column":0},"end":{"line":18,"column":18}},"18":{"start":{"line":19,"column":0},"end":{"line":19,"column":19}},"19":{"start":{"line":20,"column":0},"end":{"line":20,"column":29}},"20":{"start":{"line":21,"column":0},"end":{"line":21,"column":42}},"21":{"start":{"line":22,"column":0},"end":{"line":22,"column":10}},"23":{"start":{"line":24,"column":0},"end":{"line":24,"column":24}},"24":{"start":{"line":25,"column":0},"end":{"line":25,"column":55}},"26":{"start":{"line":27,"column":0},"end":{"line":27,"column":38}},"27":{"start":{"line":28,"column":0},"end":{"line":28,"column":73}},"29":{"start":{"line":30,"column":0},"end":{"line":30,"column":89}},"31":{"start":{"line":32,"column":0},"end":{"line":32,"column":23}},"32":{"start":{"line":33,"column":0},"end":{"line":33,"column":34}},"33":{"start":{"line":34,"column":0},"end":{"line":34,"column":16}},"34":{"start":{"line":35,"column":0},"end":{"line":35,"column":50}},"35":{"start":{"line":36,"column":0},"end":{"line":36,"column":71}},"36":{"start":{"line":37,"column":0},"end":{"line":37,"column":84}},"37":{"start":{"line":38,"column":0},"end":{"line":38,"column":7}},"38":{"start":{"line":39,"column":0},"end":{"line":39,"column":3}},"40":{"start":{"line":41,"column":0},"end":{"line":41,"column":24}},"41":{"start":{"line":42,"column":0},"end":{"line":42,"column":35}},"42":{"start":{"line":43,"column":0},"end":{"line":43,"column":16}},"43":{"start":{"line":44,"column":0},"end":{"line":44,"column":49}},"44":{"start":{"line":45,"column":0},"end":{"line":45,"column":65}},"45":{"start":{"line":46,"column":0},"end":{"line":46,"column":42}},"46":{"start":{"line":47,"column":0},"end":{"line":47,"column":38}},"47":{"start":{"line":48,"column":0},"end":{"line":48,"column":7}},"48":{"start":{"line":49,"column":0},"end":{"line":49,"column":3}},"50":{"start":{"line":51,"column":0},"end":{"line":51,"column":22}},"51":{"start":{"line":52,"column":0},"end":{"line":52,"column":33}},"52":{"start":{"line":53,"column":0},"end":{"line":53,"column":16}},"53":{"start":{"line":54,"column":0},"end":{"line":54,"column":50}},"54":{"start":{"line":55,"column":0},"end":{"line":55,"column":108}},"55":{"start":{"line":56,"column":0},"end":{"line":56,"column":79}},"56":{"start":{"line":57,"column":0},"end":{"line":57,"column":38}},"57":{"start":{"line":58,"column":0},"end":{"line":58,"column":7}},"58":{"start":{"line":59,"column":0},"end":{"line":59,"column":3}},"60":{"start":{"line":61,"column":0},"end":{"line":61,"column":10}},"61":{"start":{"line":62,"column":0},"end":{"line":62,"column":9}},"62":{"start":{"line":63,"column":0},"end":{"line":63,"column":85}},"64":{"start":{"line":65,"column":0},"end":{"line":65,"column":13}},"65":{"start":{"line":66,"column":0},"end":{"line":66,"column":29}},"66":{"start":{"line":67,"column":0},"end":{"line":67,"column":33}},"67":{"start":{"line":68,"column":0},"end":{"line":68,"column":111}},"68":{"start":{"line":69,"column":0},"end":{"line":69,"column":98}},"69":{"start":{"line":70,"column":0},"end":{"line":70,"column":112}},"70":{"start":{"line":71,"column":0},"end":{"line":71,"column":71}},"71":{"start":{"line":72,"column":0},"end":{"line":72,"column":16}},"72":{"start":{"line":73,"column":0},"end":{"line":73,"column":117}},"73":{"start":{"line":74,"column":0},"end":{"line":74,"column":24}},"74":{"start":{"line":75,"column":0},"end":{"line":75,"column":16}},"75":{"start":{"line":76,"column":0},"end":{"line":76,"column":17}},"76":{"start":{"line":77,"column":0},"end":{"line":77,"column":11}},"77":{"start":{"line":78,"column":0},"end":{"line":78,"column":14}},"79":{"start":{"line":80,"column":0},"end":{"line":80,"column":16}},"80":{"start":{"line":81,"column":0},"end":{"line":81,"column":46}},"81":{"start":{"line":82,"column":0},"end":{"line":82,"column":93}},"83":{"start":{"line":84,"column":0},"end":{"line":84,"column":302}},"84":{"start":{"line":85,"column":0},"end":{"line":85,"column":18}},"86":{"start":{"line":87,"column":0},"end":{"line":87,"column":30}},"87":{"start":{"line":88,"column":0},"end":{"line":88,"column":149}},"88":{"start":{"line":89,"column":0},"end":{"line":89,"column":217}},"89":{"start":{"line":90,"column":0},"end":{"line":90,"column":20}},"90":{"start":{"line":91,"column":0},"end":{"line":91,"column":154}},"91":{"start":{"line":92,"column":0},"end":{"line":92,"column":215}},"92":{"start":{"line":93,"column":0},"end":{"line":93,"column":20}},"93":{"start":{"line":94,"column":0},"end":{"line":94,"column":14}},"95":{"start":{"line":96,"column":0},"end":{"line":96,"column":28}},"96":{"start":{"line":97,"column":0},"end":{"line":97,"column":83}},"97":{"start":{"line":98,"column":0},"end":{"line":98,"column":15}},"98":{"start":{"line":99,"column":0},"end":{"line":99,"column":35}},"99":{"start":{"line":100,"column":0},"end":{"line":100,"column":94}},"100":{"start":{"line":101,"column":0},"end":{"line":101,"column":150}},"101":{"start":{"line":102,"column":0},"end":{"line":102,"column":84}},"102":{"start":{"line":103,"column":0},"end":{"line":103,"column":92}},"103":{"start":{"line":104,"column":0},"end":{"line":104,"column":19}},"104":{"start":{"line":105,"column":0},"end":{"line":105,"column":13}},"105":{"start":{"line":106,"column":0},"end":{"line":106,"column":16}},"106":{"start":{"line":107,"column":0},"end":{"line":107,"column":12}},"107":{"start":{"line":108,"column":0},"end":{"line":108,"column":10}},"109":{"start":{"line":110,"column":0},"end":{"line":110,"column":1}},"111":{"start":{"line":112,"column":0},"end":{"line":112,"column":23}}},"s":{"0":1,"1":1,"5":1,"6":1,"7":1,"8":1,"10":1,"12":1,"13":1,"14":1,"15":1,"17":1,"18":1,"19":1,"20":1,"21":1,"23":1,"24":5,"26":5,"27":5,"29":2,"31":2,"32":2,"33":2,"34":2,"35":2,"36":2,"37":2,"38":2,"40":2,"41":2,"42":2,"43":2,"44":2,"45":2,"46":2,"47":2,"48":2,"50":2,"51":2,"52":2,"53":2,"54":2,"55":2,"56":2,"57":2,"58":2,"60":2,"61":2,"62":2,"64":2,"65":2,"66":2,"67":2,"68":2,"69":2,"70":2,"71":2,"72":2,"73":2,"74":2,"75":2,"76":2,"77":2,"79":2,"80":2,"81":2,"83":2,"84":2,"86":2,"87":2,"88":2,"89":2,"90":2,"91":2,"92":2,"93":2,"95":2,"96":2,"97":2,"98":2,"99":2,"100":2,"101":2,"102":2,"103":2,"104":2,"105":2,"106":2,"107":2,"109":2,"111":1},"branchMap":{"0":{"type":"branch","line":24,"loc":{"start":{"line":24,"column":17},"end":{"line":110,"column":1}},"locations":[{"start":{"line":24,"column":17},"end":{"line":110,"column":1}}]},"1":{"type":"branch","line":27,"loc":{"start":{"line":27,"column":15},"end":{"line":27,"column":38}},"locations":[{"start":{"line":27,"column":15},"end":{"line":27,"column":38}}]},"2":{"type":"branch","line":27,"loc":{"start":{"line":27,"column":36},"end":{"line":28,"column":15}},"locations":[{"start":{"line":27,"column":36},"end":{"line":28,"column":15}}]},"3":{"type":"branch","line":28,"loc":{"start":{"line":28,"column":6},"end":{"line":28,"column":22}},"locations":[{"start":{"line":28,"column":6},"end":{"line":28,"column":22}}]},"4":{"type":"branch","line":28,"loc":{"start":{"line":28,"column":22},"end":{"line":110,"column":1}},"locations":[{"start":{"line":28,"column":22},"end":{"line":110,"column":1}}]},"5":{"type":"branch","line":45,"loc":{"start":{"line":45,"column":50},"end":{"line":45,"column":63}},"locations":[{"start":{"line":45,"column":50},"end":{"line":45,"column":63}}]},"6":{"type":"branch","line":55,"loc":{"start":{"line":55,"column":46},"end":{"line":55,"column":106}},"locations":[{"start":{"line":55,"column":46},"end":{"line":55,"column":106}}]},"7":{"type":"branch","line":55,"loc":{"start":{"line":55,"column":56},"end":{"line":55,"column":84}},"locations":[{"start":{"line":55,"column":56},"end":{"line":55,"column":84}}]},"8":{"type":"branch","line":56,"loc":{"start":{"line":56,"column":42},"end":{"line":56,"column":77}},"locations":[{"start":{"line":56,"column":42},"end":{"line":56,"column":77}}]},"9":{"type":"branch","line":56,"loc":{"start":{"line":56,"column":52},"end":{"line":56,"column":68}},"locations":[{"start":{"line":56,"column":52},"end":{"line":56,"column":68}}]},"10":{"type":"branch","line":66,"loc":{"start":{"line":66,"column":21},"end":{"line":76,"column":17}},"locations":[{"start":{"line":66,"column":21},"end":{"line":76,"column":17}}]},"11":{"type":"branch","line":70,"loc":{"start":{"line":70,"column":70},"end":{"line":70,"column":95}},"locations":[{"start":{"line":70,"column":70},"end":{"line":70,"column":95}}]},"12":{"type":"branch","line":71,"loc":{"start":{"line":71,"column":27},"end":{"line":71,"column":42}},"locations":[{"start":{"line":71,"column":27},"end":{"line":71,"column":42}}]},"13":{"type":"branch","line":73,"loc":{"start":{"line":73,"column":66},"end":{"line":73,"column":93}},"locations":[{"start":{"line":73,"column":66},"end":{"line":73,"column":93}}]},"14":{"type":"branch","line":99,"loc":{"start":{"line":99,"column":29},"end":{"line":104,"column":19}},"locations":[{"start":{"line":99,"column":29},"end":{"line":104,"column":19}}]},"15":{"type":"branch","line":101,"loc":{"start":{"line":101,"column":66},"end":{"line":101,"column":146}},"locations":[{"start":{"line":101,"column":66},"end":{"line":101,"column":146}}]}},"b":{"0":[5],"1":[1],"2":[4],"3":[3],"4":[2],"5":[2],"6":[2],"7":[0],"8":[2],"9":[0],"10":[2],"11":[0],"12":[0],"13":[0],"14":[2],"15":[0]},"fnMap":{"0":{"name":"Overview","decl":{"start":{"line":24,"column":17},"end":{"line":110,"column":1}},"loc":{"start":{"line":24,"column":17},"end":{"line":110,"column":1}},"line":24},"1":{"name":"callback","decl":{"start":{"line":84,"column":240},"end":{"line":84,"column":291}},"loc":{"start":{"line":84,"column":240},"end":{"line":84,"column":291}},"line":84},"2":{"name":"callback","decl":{"start":{"line":89,"column":174},"end":{"line":89,"column":206}},"loc":{"start":{"line":89,"column":174},"end":{"line":89,"column":206}},"line":89},"3":{"name":"callback","decl":{"start":{"line":92,"column":172},"end":{"line":92,"column":204}},"loc":{"start":{"line":92,"column":172},"end":{"line":92,"column":204}},"line":92}},"f":{"0":5,"1":0,"2":0,"3":0}}
[...]
line":41,"column":0},"end":{"line":41,"column":20}},"41":{"start":{"line":42,"column":0},"end":{"line":42,"column":19}},"42":{"start":{"line":43,"column":0},"end":{"line":43,"column":36}},"43":{"start":{"line":44,"column":0},"end":{"line":44,"column":78}},"44":{"start":{"line":45,"column":0},"end":{"line":45,"column":55}},"45":{"start":{"line":46,"column":0},"end":{"line":46,"column":37}},"46":{"start":{"line":47,"column":0},"end":{"line":47,"column":67}},"47":{"start":{"line":48,"column":0},"end":{"line":48,"column":39}},"48":{"start":{"line":49,"column":0},"end":{"line":49,"column":21}},"49":{"start":{"line":50,"column":0},"end":{"line":50,"column":17}},"50":{"start":{"line":51,"column":0},"end":{"line":51,"column":20}},"51":{"start":{"line":52,"column":0},"end":{"line":52,"column":18}},"52":{"start":{"line":53,"column":0},"end":{"line":53,"column":14}},"53":{"start":{"line":54,"column":0},"end":{"line":54,"column":18}},"54":{"start":{"line":55,"column":0},"end":{"line":55,"column":10}},"56":{"start":{"line":57,"column":0},"end":{"line":57,"column":1}},"58":{"start":{"line":59,"column":0},"end":{"line":59,"column":24}}},"s":{"0":1,"1":1,"2":1,"3":1,"5":1,"6":4,"8":4,"9":4,"11":2,"13":2,"14":2,"15":2,"17":2,"18":2,"19":2,"20":2,"21":2,"22":2,"23":2,"24":2,"25":2,"26":2,"27":2,"28":2,"29":2,"30":2,"31":2,"32":2,"33":2,"35":2,"36":2,"37":2,"38":2,"39":2,"40":2,"41":2,"42":2,"43":2,"44":2,"45":2,"46":2,"47":2,"48":2,"49":2,"50":2,"51":2,"52":2,"53":2,"54":2,"56":2,"58":1},"branchMap":{"0":{"type":"branch","line":6,"loc":{"start":{"line":6,"column":18},"end":{"line":57,"column":1}},"locations":[{"start":{"line":6,"column":18},"end":{"line":57,"column":1}}]},"1":{"type":"branch","line":9,"loc":{"start":{"line":9,"column":15},"end":{"line":9,"column":38}},"locations":[{"start":{"line":9,"column":15},"end":{"line":9,"column":38}}]},"2":{"type":"branch","line":9,"loc":{"start":{"line":9,"column":36},"end":{"line":10,"column":15}},"locations":[{"start":{"line":9,"column":36},"end":{"line":10,"column":15}}]},"3":{"type":"branch","line":10,"loc":{"start":{"line":10,"column":6},"end":{"line":10,"column":22}},"locations":[{"start":{"line":10,"column":6},"end":{"line":10,"column":22}}]},"4":{"type":"branch","line":10,"loc":{"start":{"line":10,"column":22},"end":{"line":10,"column":73}},"locations":[{"start":{"line":10,"column":22},"end":{"line":10,"column":73}}]},"5":{"type":"branch","line":10,"loc":{"start":{"line":10,"column":71},"end":{"line":57,"column":1}},"locations":[{"start":{"line":10,"column":71},"end":{"line":57,"column":1}}]},"6":{"type":"branch","line":43,"loc":{"start":{"line":43,"column":28},"end":{"line":49,"column":21}},"locations":[{"start":{"line":43,"column":28},"end":{"line":49,"column":21}}]}},"b":{"0":[4],"1":[1],"2":[3],"3":[2],"4":[1],"5":[2],"6":[2]},"fnMap":{"0":{"name":"USMarkets","decl":{"start":{"line":6,"column":18},"end":{"line":57,"column":1}},"loc":{"start":{"line":6,"column":18},"end":{"line":57,"column":1}},"line":6}},"f":{"0":4}}
,"/Users/jason/workspace/apex-dashboard/frontend/src/pages/shared.tsx": {"path":"/Users/jason/workspace/apex-dashboard/frontend/src/pages/shared.tsx","all":false,"statementMap":{"7":{"start":{"line":8,"column":0},"end":{"line":8,"column":75}},"8":{"start":{"line":9,"column":0},"end":{"line":9,"column":60}},"9":{"start":{"line":10,"column":0},"end":{"line":10,"column":68}},"10":{"start":{"line":11,"column":0},"end":{"line":11,"column":13}},"11":{"start":{"line":12,"column":0},"end":{"line":12,"column":94}},"12":{"start":{"line":13,"column":0},"end":{"line":13,"column":9}},"13":{"start":{"line":14,"column":0},"end":{"line":14,"column":8}},"21":{"start":{"line":22,"column":0},"end":{"line":22,"column":71}},"22":{"start":{"line":23,"column":0},"end":{"line":23,"column":106}},"23":{"start":{"line":24,"column":0},"end":{"line":24,"column":14}},"24":{"start":{"line":25,"column":0},"end":{"line":25,"column":8}},"27":{"start":{"line":28,"column":0},"end":{"line":28,"column":71}},"28":{"start":{"line":29,"column":0},"end":{"line":29,"column":106}},"29":{"start":{"line":30,"column":0},"end":{"line":30,"column":14}},"30":{"start":{"line":31,"column":0},"end":{"line":31,"column":8}},"33":{"start":{"line":34,"column":0},"end":{"line":34,"column":71}},"34":{"start":{"line":35,"column":0},"end":{"line":35,"column":81}},"35":{"start":{"line":36,"column":0},"end":{"line":36,"column":14}},"36":{"start":{"line":37,"column":0},"end":{"line":37,"column":8}},"45":{"start":{"line":46,"column":0},"end":{"line":46,"column":73}},"46":{"start":{"line":47,"column":0},"end":{"line":47,"column":6}},"47":{"start":{"line":48,"column":0},"end":{"line":48,"column":17}},"48":{"start":{"line":49,"column":0},"end":{"line":49,"column":176}},"50":{"start":{"line":51,"column":0},"end":{"line":51,"column":14}},"51":{"start":{"line":52,"column":0},"end":{"line":52,"column":8}},"62":{"start":{"line":63,"column":0},"end":{"line":63,"column":114}},"63":{"start":{"line":64,"column":0},"end":{"line":64,"column":89}},"64":{"start":{"line":65,"column":0},"end":{"line":65,"column":62}},"65":{"start":{"line":66,"column":0},"end":{"line":66,"column":100}},"66":{"start":{"line":67,"column":0},"end":{"line":67,"column":13}},"67":{"start":{"line":68,"column":0},"end":{"line":68,"column":10}},"68":{"start":{"line":69,"column":0},"end":{"line":69,"column":77}},"69":{"start":{"line":70,"column":0},"end":{"line":70,"column":8}},"76":{"start":{"line":77,"column":0},"end":{"line":77,"column":52}},"77":{"start":{"line":78,"column":0},"end":{"line":78,"column":62}},"80":{"start":{"line":81,"column":0},"end":{"line":81,"column":62}},"81":{"start":{"line":82,"column":0},"end":{"line":82,"column":139}},"82":{"start":{"line":83,"column":0},"end":{"line":83,"column":14}},"83":{"start":{"line":84,"column":0},"end":{"line":84,"column":7}},"91":{"start":{"line":92,"column":0},"end":{"line":92,"column":62}},"92":{"start":{"line":93,"column":0},"end":{"line":93,"column":101}},"95":{"start":{"line":96,"column":0},"end":{"line":96,"column":70}},"96":{"start":{"line":97,"column":0},"end":{"line":97,"column":107}},"97":{"start":{"line":98,"column":0},"end":{"line":98,"column":14}},"98":{"start":{"line":99,"column":0},"end":{"line":99,"column":7}},"101":{"start":{"line":102,"column":0},"end":{"line":102,"column":40}},"102":{"start":{"line":103,"column":0},"end":{"line":103,"column":77}}},"s":{"7":1,"8":27,"9":27,"10":27,"11":27,"12":27,"13":27,"21":1,"22":13,"23":13,"24":13,"27":1,"28":20,"29":20,"30":20,"33":1,"34":13,"35":13,"36":13,"45":1,"46":55,"47":55,"48":55,"50":55,"51":55,"62":1,"63":30,"64":30,"65":30,"66":30,"67":30,"68":30,"69":30,"76":1,"77":17,"80":1,"81":76,"82":76,"83":76,"91":1,"92":69,"95":1,"96":12,"97":12,"98":12,"101":1,"102":23},"branchMap":{"0":{"type":"branch","line":8,"loc":{"start":{"line":8,"column":29},"end":{"line":14,"column":8}},"locations":[{"start":{"line":8,"column":29},"end":{"line":14,"column":8}}]},"1":{"type":"branch","line":12,"loc":{"start":{"line":12,"column":7},"end":{"line":12,"column":94}},"locations":[{"start":{"line":12,"column":7},"end":{"line":12,"column":94}}]},"2":{"type":"branch","line":22,"loc":{"start":{"line":22,"column":21},"end":{"line":25,"column":8}},"locations":[{"start":{"line":22,"column":21},"end":{"line":25,"column":8}}]},"3":{"type":"branch","line":28,"loc":{"start":{"line":28,"column":21},"end":{"line":31,"column":8}},"locations":[{"start":{"line":28,"column":21},"end":{"line":31,"column":8}}]},"4":{"type":"branch","line":34,"loc":{"start":{"line":34,"column":21},"end":{"line":37,"column":8}},"locations":[{"start":{"line":34,"column":21},"end":{"line":37,"column":8}}]},"5":{"type":"branch","line":46,"loc":{"start":{"line":46,"column":20},"end":{"line":52,"column":8}},"locations":[{"start":{"line":46,"column":20},"end":{"line":52,"column":8}}]},"6":{"type":"branch","line":63,"loc":{"start":{"line":63,"column":25},"end":{"line":70,"column":8}},"locations":[{"start":{"line":63,"column":25},"end":{"line":70,"column":8}}]},"7":{"type":"branch","line":69,"loc":{"start":{"line":69,"column":20},"end":{"line":69,"column":57}},"locations":[{"start":{"line":69,"column":20},"end":{"line":69,"column":57}}]},"8":{"type":"branch","line":69,"loc":{"start":{"line":69,"column":34},"end":{"line":69,"column":62}},"locations":[{"start":{"line":69,"column":34},"end":{"line":69,"column":62}}]},"9":{"type":"branch","line":77,"loc":{"start":{"line":77,"column":21},"end":{"line":78,"column":62}},"locations":[{"start":{"line":77,"column":21},"end":{"line":78,"column":62}}]},"10":{"type":"branch","line":81,"loc":{"start":{"line":81,"column":18},"end":{"line":84,"column":7}},"locations":[{"start":{"line":81,"column":18},"end":{"line":84,"column":7}}]},"11":{"type":"branch","line":92,"loc":{"start":{"line":92,"column":18},"end":{"line":93,"column":101}},"locations":[{"start":{"line":92,"column":18},"end":{"line":93,"column":101}}]},"12":{"type":"branch","line":96,"loc":{"start":{"line":96,"column":26},"end":{"line":99,"column":7}},"locations":[{"start":{"line":96,"column":26},"end":{"line":99,"column":7}}]},"13":{"type":"branch","line":102,"loc":{"start":{"line":102,"column":24},"end":{"line":103,"column":77}},"locations":[{"start":{"line":102,"column":24},"end":{"line":103,"column":77}}]},"14":{"type":"branch","line":103,"loc":{"start":{"line":103,"column":10},"end":{"line":103,"column":33}},"locations":[{"start":{"line":103,"column":10},"end":{"line":103,"column":33}}]},"15":{"type":"branch","line":103,"loc":{"start":{"line":103,"column":17},"end":{"line":103,"column":77}},"locations":[{"start":{"line":103,"column":17},"end":{"line":103,"column":77}}]},"16":{"type":"branch","line":103,"loc":{"start":{"line":103,"column":41},"end":{"line":103,"column":66}},"locations":[{"start":{"line":103,"column":41},"end":{"line":103,"column":66}}]},"17":{"type":"branch","line":103,"loc":{"start":{"line":103,"column":50},"end":{"line":103,"column":77}},"locations":[{"start":{"line":103,"column":50},"end":{"line":103,"column":77}}]}},"b":{"0":[27],"1":[25],"2":[13],"3":[20],"4":[13],"5":[55],"6":[30],"7":[27],"8":[3],"9":[17],"10":[76],"11":[69],"12":[12],"13":[23],"14":[17],"15":[6],"16":[5],"17":[1]},"fnMap":{"0":{"name":"SectionHeader","decl":{"start":{"line":8,"column":29},"end":{"line":14,"column":8}},"loc":{"start":{"line":8,"column":29},"end":{"line":14,"column":8}},"line":8},"1":{"name":"Grid4","decl":{"start":{"line":22,"column":21},"end":{"line":25,"column":8}},"loc":{"start":{"line":22,"column":21},"end":{"line":25,"column":8}},"line":22},"2":{"name":"Grid3","decl":{"start":{"line":28,"column":21},"end":{"line":31,"column":8}},"loc":{"start":{"line":28,"column":21},"end":{"line":31,"column":8}},"line":28},"3":{"name":"Grid2","decl":{"start":{"line":34,"column":21},"end":{"line":37,"column":8}},"loc":{"start":{"line":34,"column":21},"end":{"line":37,"column":8}},"line":34},"4":{"name":"Card","decl":{"start":{"line":46,"column":20},"end":{"line":52,"column":8}},"loc":{"start":{"line":46,"column":20},"end":{"line":52,"column":8}},"line":46},"5":{"name":"ChartCard","decl":{"start":{"line":63,"column":25},"end":{"line":70,"column":8}},"loc":{"start":{"line":63,"column":25},"end":{"line":70,"column":8}},"line":63},"6":{"name":"Table","decl":{"start":{"line":77,"column":21},"end":{"line":78,"column":62}},"loc":{"start":{"line":77,"column":21},"end":{"line":78,"column":62}},"line":77},"7":{"name":"Th","decl":{"start":{"line":81,"column":18},"end":{"line":84,"column":7}},"loc":{"start":{"line":81,"column":18},"end":{"line":84,"column":7}},"line":81},"8":{"name":"Td","decl":{"start":{"line":92,"column":18},"end":{"line":93,"column":101}},"loc":{"start":{"line":92,"column":18},"end":{"line":93,"column":101}},"line":92},"9":{"name":"TickerCell","decl":{"start":{"line":96,"column":26},"end":{"line":99,"column":7}},"loc":{"start":{"line":96,"column":26},"end":{"line":99,"column":7}},"line":96},"10":{"name":"dirClass","decl":{"start":{"line":102,"column":24},"end":{"line":103,"column":77}},"loc":{"start":{"line":102,"column":24},"end":{"line":103,"column":77}},"line":102}},"f":{"0":27,"1":13,"2":20,"3":13,"4":55,"5":30,"6":17,"7":76,"8":69,"9":12,"10":23}}
,"/Users/jason/workspace/apex-dashboard/frontend/src/services/market.ts": {"path":"/Users/jason/workspace/apex-dashboard/frontend/src/services/market.ts","all":false,"statementMap":{"9":{"start":{"line":10,"column":0},"end":{"line":10,"column":54}},"10":{"start":{"line":11,"column":0},"end":{"line":11,"column":43}},"11":{"start":{"line":12,"column":0},"end":{"line":12,"column":66}},"12":{"start":{"line":13,"column":0},"end":{"line":13,"column":52}},"13":{"start":{"line":14,"column":0},"end":{"line":14,"column":13}},"14":{"start":{"line":15,"column":0},"end":{"line":15,"column":1}},"16":{"start":{"line":17,"column":0},"end":{"line":17,"column":68}},"17":{"start":{"line":18,"column":0},"end":{"line":18,"column":45}},"18":{"start":{"line":19,"column":0},"end":{"line":19,"column":19}},"19":{"start":{"line":20,"column":0},"end":{"line":20,"column":52}},"20":{"start":{"line":21,"column":0},"end":{"line":21,"column":31}},"21":{"start":{"line":22,"column":0},"end":{"line":22,"column":4}},"22":{"start":{"line":23,"column":0},"end":{"line":23,"column":66}},"23":{"start":{"line":24,"column":0},"end":{"line":24,"column":52}},"24":{"start":{"line":25,"column":0},"end":{"line":25,"column":13}},"25":{"start":{"line":26,"column":0},"end":{"line":26,"column":1}},"27":{"start":{"line":28,"column":0},"end":{"line":28,"column":30}},"28":{"start":{"line":29,"column":0},"end":{"line":29,"column":67}},"29":{"start":{"line":30,"column":0},"end":{"line":30,"column":64}},"30":{"start":{"line":31,"column":0},"end":{"line":31,"column":61}},"31":{"start":{"line":32,"column":0},"end":{"line":32,"column":88}},"32":{"start":{"line":33,"column":0},"end":{"line":33,"column":80}},"33":{"start":{"line":34,"column":0},"end":{"line":34,"column":89}},"35":{"start":{"line":36,"column":0},"end":{"line":36,"column":69}},"36":{"start":{"line":37,"column":0},"end":{"line":37,"column":67}},"37":{"start":{"line":38,"column":0},"end":{"line":38,"column":43}},"38":{"start":{"line":39,"column":0},"end":{"line":39,"column":86}},"39":{"start":{"line":40,"column":0},"end":{"line":40,"column":54}},"40":{"start":{"line":41,"column":0},"end":{"line":41,"column":1}}},"s":{"9":8,"10":8,"11":8,"12":7,"13":7,"14":7,"16":3,"17":3,"18":3,"19":3,"20":3,"21":3,"22":3,"23":2,"24":2,"25":2,"27":1,"28":1,"29":1,"30":1,"31":1,"32":1,"33":1,"35":1,"36":1,"37":2,"38":1,"39":1,"40":1},"branchMap":{"0":{"type":"branch","line":10,"loc":{"start":{"line":10,"column":0},"end":{"line":15,"column":1}},"locations":[{"start":{"line":10,"column":0},"end":{"line":15,"column":1}}]},"1":{"type":"branch","line":12,"loc":{"start":{"line":12,"column":15},"end":{"line":12,"column":66}},"locations":[{"start":{"line":12,"column":15},"end":{"line":12,"column":66}}]},"2":{"type":"branch","line":12,"loc":{"start":{"line":12,"column":65},"end":{"line":15,"column":1}},"locations":[{"start":{"line":12,"column":65},"end":{"line":15,"column":1}}]},"3":{"type":"branch","line":17,"loc":{"start":{"line":17,"column":0},"end":{"line":26,"column":1}},"locations":[{"start":{"line":17,"column":0},"end":{"line":26,"column":1}}]},"4":{"type":"branch","line":23,"loc":{"start":{"line":23,"column":15},"end":{"line":23,"column":66}},"locations":[{"start":{"line":23,"column":15},"end":{"line":23,"column":66}}]},"5":{"type":"branch","line":23,"loc":{"start":{"line":23,"column":65},"end":{"line":26,"column":1}},"locations":[{"start":{"line":23,"column":65},"end":{"line":26,"column":1}}]},"6":{"type":"branch","line":29,"loc":{"start":{"line":29,"column":12},"end":{"line":29,"column":67}},"locations":[{"start":{"line":29,"column":12},"end":{"line":29,"column":67}}]},"7":{"type":"branch","line":30,"loc":{"start":{"line":30,"column":11},"end":{"line":30,"column":64}},"locations":[{"start":{"line":30,"column":11},"end":{"line":30,"column":64}}]},"8":{"type":"branch","line":31,"loc":{"start":{"line":31,"column":10},"end":{"line":31,"column":61}},"locations":[{"start":{"line":31,"column":10},"end":{"line":31,"column":61}}]},"9":{"type":"branch","line":32,"loc":{"start":{"line":32,"column":19},"end":{"line":32,"column":88}},"locations":[{"start":{"line":32,"column":19},"end":{"line":32,"column":88}}]},"10":{"type":"branch","line":33,"loc":{"start":{"line":33,"column":13},"end":{"line":33,"column":80}},"locations":[{"start":{"line":33,"column":13},"end":{"line":33,"column":80}}]},"11":{"type":"branch","line":34,"loc":{"start":{"line":34,"column":17},"end":{"line":34,"column":89}},"locations":[{"start":{"line":34,"column":17},"end":{"line":34,"column":89}}]},"12":{"type":"branch","line":36,"loc":{"start":{"line":36,"column":15},"end":{"line":36,"column":69}},"locations":[{"start":{"line":36,"column":15},"end":{"line":36,"column":69}}]},"13":{"type":"branch","line":37,"loc":{"start":{"line":37,"column":18},"end":{"line":38,"column":43}},"locations":[{"start":{"line":37,"column":18},"end":{"line":38,"column":43}}]},"14":{"type":"branch","line":39,"loc":{"start":{"line":39,"column":17},"end":{"line":40,"column":54}},"locations":[{"start":{"line":39,"column":17},"end":{"line":40,"column":54}}]}},"b":{"0":[8],"1":[1],"2":[7],"3":[3],"4":[1],"5":[2],"6":[2],"7":[1],"8":[1],"9":[1],"10":[1],"11":[1],"12":[1],"13":[2],"14":[1]},"fnMap":{"0":{"name":"apiFetch","decl":{"start":{"line":10,"column":0},"end":{"line":15,"column":1}},"loc":{"start":{"line":10,"column":0},"end":{"line":15,"column":1}},"line":10},"1":{"name":"apiPost","decl":{"start":{"line":17,"column":0},"end":{"line":26,"column":1}},"loc":{"start":{"line":17,"column":0},"end":{"line":26,"column":1}},"line":17},"2":{"name":"overview","decl":{"start":{"line":29,"column":12},"end":{"line":29,"column":67}},"loc":{"start":{"line":29,"column":12},"end":{"line":29,"column":67}},"line":29},"3":{"name":"markets","decl":{"start":{"line":30,"column":11},"end":{"line":30,"column":64}},"loc":{"start":{"line":30,"column":11},"end":{"line":30,"column":64}},"line":30},"4":{"name":"crypto","decl":{"start":{"line":31,"column":10},"end":{"line":31,"column":61}},"loc":{"start":{"line":31,"column":10},"end":{"line":31,"column":61}},"line":31},"5":{"name":"recommendations","decl":{"start":{"line":32,"column":19},"end":{"line":32,"column":88}},"loc":{"start":{"line":32,"column":19},"end":{"line":32,"column":88}},"line":32},"6":{"name":"principal","decl":{"start":{"line":33,"column":13},"end":{"line":33,"column":80}},"loc":{"start":{"line":33,"column":13},"end":{"line":33,"column":80}},"line":33},"7":{"name":"morganStanley","decl":{"start":{"line":34,"column":17},"end":{"line":34,"column":89}},"loc":{"start":{"line":34,"column":17},"end":{"line":34,"column":89}},"line":34},"8":{"name":"plaidStatus","decl":{"start":{"line":36,"column":15},"end":{"line":36,"column":69}},"loc":{"start":{"line":36,"column":15},"end":{"line":36,"column":69}},"line":36},"9":{"name":"plaidLinkToken","decl":{"start":{"line":37,"column":18},"end":{"line":38,"column":43}},"loc":{"start":{"line":37,"column":18},"end":{"line":38,"column":43}},"line":37},"10":{"name":"plaidExchange","decl":{"start":{"line":39,"column":17},"end":{"line":40,"column":54}},"loc":{"start":{"line":39,"column":17},"end":{"line":40,"column":54}},"line":39}},"f":{"0":8,"1":3,"2":2,"3":1,"4":1,"5":1,"6":1,"7":1,"8":1,"9":2,"10":1}}
,"/Users/jason/workspace/apex-dashboard/frontend/src/types/market.ts": {"path":"/Users/jason/workspace/apex-dashboard/frontend/src/types/market.ts","all":true,"statementMap":{},"s":{},"branchMap":{"0":{"type":"branch","line":1,"loc":{"start":{"line":1,"column":3408},"end":{"line":188,"column":1}},"locations":[{"start":{"line":1,"column":3408},"end":{"line":188,"column":1}}]}},"b":{"0":[1]},"fnMap":{"0":{"name":"(empty-report)","decl":{"start":{"line":1,"column":3408},"end":{"line":188,"column":1}},"loc":{"start":{"line":1,"column":3408},"end":{"line":188,"column":1}},"line":1}},"f":{"0":1}}
}
