TN:
SF:src/App.tsx
FN:1,(empty-report)
FNF:1
FNH:0
FNDA:0,(empty-report)
DA:1,0
DA:2,0
DA:3,0
DA:4,0
DA:5,0
DA:7,0
DA:8,0
DA:9,0
DA:10,0
DA:11,0
DA:12,0
DA:13,0
DA:14,0
DA:15,0
DA:16,0
DA:17,0
DA:19,0
DA:20,0
DA:21,0
DA:22,0
DA:23,0
DA:24,0
DA:25,0
DA:26,0
DA:27,0
DA:28,0
DA:29,0
DA:30,0
DA:31,0
DA:33,0
DA:34,0
DA:35,0
DA:36,0
DA:38,0
DA:39,0
DA:40,0
DA:41,0
DA:42,0
DA:43,0
DA:44,0
DA:45,0
DA:46,0
DA:47,0
DA:48,0
DA:49,0
DA:50,0
DA:51,0
DA:52,0
DA:53,0
DA:54,0
DA:56,0
DA:58,0
LF:52
LH:0
BRDA:1,0,0,0
BRF:1
BRH:0
end_of_record
TN:
SF:src/components/ErrorState.tsx
FN:6,ErrorState
FNF:1
FNH:1
FNDA:18,ErrorState
DA:6,1
DA:7,18
DA:8,18
DA:9,18
DA:10,18
DA:11,18
DA:12,18
DA:13,14
DA:14,14
DA:15,14
DA:16,14
DA:18,14
DA:20,18
LF:13
LH:13
BRDA:6,0,0,18
BRDA:10,1,0,12
BRDA:10,2,0,6
BRDA:12,3,0,14
BRF:4
BRH:4
end_of_record
TN:
SF:src/components/Header.tsx
FN:6,Header
FNF:1
FNH:1
FNDA:6,Header
DA:6,1
DA:7,6
DA:8,6
DA:9,6
DA:11,6
DA:12,6
DA:13,6
DA:14,6
DA:16,6
DA:17,6
DA:18,6
DA:20,6
DA:21,6
DA:22,1
DA:23,1
DA:24,1
DA:26,6
DA:27,6
DA:28,6
DA:29,6
DA:30,6
DA:31,6
LF:22
LH:22
BRDA:6,0,0,6
BRDA:21,1,0,1
BRDA:28,2,0,5
BRF:3
BRH:3
end_of_record
TN:
SF:src/components/LoadingState.tsx
FN:1,LoadingState
FNF:1
FNH:1
FNDA:13,LoadingState
DA:1,1
DA:2,13
DA:3,13
DA:4,78
DA:5,78
DA:6,78
DA:7,78
DA:8,78
DA:9,78
DA:10,13
LF:10
LH:10
BRDA:1,0,0,13
BRDA:3,1,0,78
BRF:2
BRH:2
end_of_record
TN:
SF:src/components/PlaidConnect.tsx
FN:11,PlaidConnect
FN:35,onExit
FN:50,handleConnect
FNF:3
FNH:2
FNDA:15,PlaidConnect
FNDA:0,onExit
FNDA:3,handleConnect
DA:1,1
DA:2,1
DA:3,1
DA:11,1
DA:12,15
DA:13,15
DA:14,15
DA:16,15
DA:17,15
DA:18,0
DA:19,0
DA:20,0
DA:21,0
DA:22,0
DA:23,0
DA:24,0
DA:25,0
DA:26,0
DA:27,15
DA:28,15
DA:30,15
DA:32,15
DA:33,15
DA:34,15
DA:35,15
DA:36,0
DA:37,0
DA:38,0
DA:39,0
DA:40,15
DA:43,15
DA:44,15
DA:45,0
DA:46,0
DA:47,0
DA:48,15
DA:50,15
DA:51,3
DA:52,3
DA:53,3
DA:54,3
DA:55,3
DA:56,1
DA:57,1
DA:58,1
DA:59,1
DA:60,1
DA:61,3
DA:63,15
DA:64,15
DA:65,15
DA:66,15
DA:67,15
DA:68,15
DA:69,15
DA:71,15
DA:73,15
DA:74,1
DA:75,1
DA:76,1
DA:79,15
DA:80,15
DA:81,15
DA:82,15
DA:84,15
DA:85,15
DA:87,15
DA:90,15
DA:91,15
DA:92,15
DA:94,15
LF:71
LH:55
BRDA:11,0,0,15
BRDA:33,1,0,14
BRDA:73,2,0,1
BRDA:84,3,0,4
BRDA:84,4,0,11
BRDA:43,5,0,15
BRDA:44,6,0,1
BRDA:44,7,0,0
BRDA:44,8,0,0
BRDA:50,9,0,3
BRDA:55,10,0,1
BRF:11
BRH:9
end_of_record
TN:
SF:src/components/Sidebar.tsx
FN:25,statColor
FN:28,Sidebar
FN:38,onClick
FN:44,onClick
FN:50,onClick
FN:56,onClick
FN:75,NavSection
FN:84,NavItem
FNF:8
FNH:7
FNDA:4,statColor
FNDA:13,Sidebar
FNDA:4,onClick
FNDA:0,onClick
FNDA:4,onClick
FNDA:1,onClick
FNDA:65,NavSection
FNDA:143,NavItem
DA:3,1
DA:4,1
DA:5,1
DA:6,1
DA:7,1
DA:8,1
DA:9,1
DA:10,1
DA:11,1
DA:12,1
DA:13,1
DA:14,1
DA:15,1
DA:25,1
DA:26,4
DA:28,1
DA:29,13
DA:30,13
DA:31,13
DA:32,13
DA:34,13
DA:35,13
DA:36,13
DA:37,13
DA:38,52
DA:39,13
DA:40,13
DA:42,13
DA:43,13
DA:44,26
DA:45,13
DA:46,13
DA:48,13
DA:49,13
DA:50,52
DA:51,13
DA:52,13
DA:54,13
DA:55,13
DA:56,13
DA:57,13
DA:58,13
DA:60,13
DA:61,13
DA:62,13
DA:63,2
DA:64,2
DA:65,2
DA:66,2
DA:67,2
DA:68,13
DA:69,13
DA:70,13
DA:71,13
DA:73,13
DA:75,1
DA:76,65
DA:77,65
DA:78,65
DA:79,65
DA:80,65
DA:81,65
DA:84,1
DA:85,143
DA:86,143
DA:87,143
DA:88,143
DA:93,143
DA:94,143
DA:95,143
DA:96,143
DA:97,13
DA:98,130
DA:99,143
DA:101,143
DA:102,143
DA:103,143
LF:77
LH:77
BRDA:25,0,0,4
BRDA:26,1,0,2
BRDA:26,2,0,2
BRDA:26,3,0,0
BRDA:28,4,0,13
BRDA:62,5,0,1
BRDA:29,6,0,143
BRDA:30,7,0,143
BRDA:31,8,0,143
BRDA:32,9,0,143
BRDA:37,10,0,52
BRDA:38,11,0,4
BRDA:43,12,0,26
BRDA:49,13,0,52
BRDA:50,14,0,4
BRDA:55,15,0,13
BRDA:56,16,0,1
BRDA:62,17,0,2
BRDA:75,18,0,65
BRDA:84,19,0,143
BRDA:96,20,0,13
BRDA:97,21,0,130
BRF:22
BRH:21
end_of_record
TN:
SF:src/hooks/useMarketData.ts
FN:19,useApiCall
FN:38,useOverview
FN:41,useMarkets
FN:44,useCrypto
FN:47,useRecommendations
FN:50,usePrincipal
FN:53,useMorganStanley
FN:56,useFidelity
FN:59,useSoFi
FN:62,useSimulation
FNF:10
FNH:10
FNDA:25,useApiCall
FNDA:9,useOverview
FNDA:2,useMarkets
FNDA:2,useCrypto
FNDA:2,useRecommendations
FNDA:2,usePrincipal
FNDA:2,useMorganStanley
FNDA:2,useFidelity
FNDA:2,useSoFi
FNDA:2,useSimulation
DA:1,1
DA:2,1
DA:19,25
DA:20,25
DA:21,25
DA:22,25
DA:24,25
DA:25,13
DA:26,13
DA:27,13
DA:28,13
DA:29,13
DA:30,13
DA:31,25
DA:33,25
DA:35,25
DA:36,25
DA:38,1
DA:39,9
DA:41,1
DA:42,2
DA:44,1
DA:45,2
DA:47,1
DA:48,2
DA:50,1
DA:51,2
DA:53,1
DA:54,2
DA:56,1
DA:57,2
DA:59,1
DA:60,2
DA:62,1
DA:63,2
LF:35
LH:35
BRDA:19,0,0,25
BRDA:24,1,0,13
BRDA:29,2,0,2
BRDA:29,3,0,1
BRDA:29,4,0,1
BRDA:30,5,0,13
BRDA:38,6,0,9
BRDA:41,7,0,2
BRDA:44,8,0,2
BRDA:47,9,0,2
BRDA:50,10,0,2
BRDA:53,11,0,2
BRDA:56,12,0,2
BRDA:59,13,0,2
BRDA:62,14,0,2
BRF:15
BRH:15
end_of_record
TN:
SF:src/pages/Crypto.tsx
FN:15,Crypto
FN:76,callback
FNF:2
FNH:1
FNDA:5,Crypto
FNDA:0,callback
DA:1,1
DA:2,1
DA:3,1
DA:4,1
DA:5,1
DA:6,1
DA:8,1
DA:10,1
DA:11,1
DA:12,1
DA:13,1
DA:15,1
DA:16,5
DA:18,5
DA:19,5
DA:21,3
DA:23,3
DA:24,3
DA:25,3
DA:26,3
DA:27,3
DA:28,3
DA:29,3
DA:30,3
DA:31,3
DA:33,3
DA:34,3
DA:35,3
DA:37,3
DA:38,3
DA:39,3
DA:40,3
DA:41,3
DA:42,3
DA:43,3
DA:45,3
DA:46,3
DA:47,3
DA:48,3
DA:49,3
DA:50,3
DA:51,3
DA:52,3
DA:53,3
DA:54,3
DA:55,3
DA:56,3
DA:58,3
DA:59,3
DA:60,3
DA:61,3
DA:62,3
DA:63,3
DA:64,3
DA:65,3
DA:66,3
DA:67,3
DA:68,3
DA:70,3
DA:71,3
DA:72,3
DA:73,3
DA:74,3
DA:75,3
DA:76,3
DA:77,3
DA:78,3
DA:79,3
DA:81,3
DA:82,3
DA:83,3
DA:84,3
DA:85,3
DA:87,3
DA:89,1
LF:75
LH:75
BRDA:15,0,0,5
BRDA:18,1,0,1
BRDA:18,2,0,4
BRDA:19,3,0,3
BRDA:19,4,0,1
BRDA:19,5,0,3
BRDA:38,6,0,3
BRDA:51,7,0,0
BRDA:59,8,0,3
BRDA:64,9,0,0
BRF:10
BRH:8
end_of_record
TN:
SF:src/pages/Fidelity.tsx
FN:30,dirCls
FN:33,ChangeCard
FN:41,SummaryBar
FN:60,HoldingsTable
FN:104,ContribTable
FN:136,Fidelity
FN:184,callback
FN:198,callback
FNF:8
FNH:6
FNDA:36,dirCls
FNDA:12,ChangeCard
FNDA:4,SummaryBar
FNDA:4,HoldingsTable
FNDA:4,ContribTable
FNDA:7,Fidelity
FNDA:0,callback
FNDA:0,callback
DA:1,1
DA:2,1
DA:6,1
DA:7,1
DA:8,1
DA:9,1
DA:10,1
DA:11,1
DA:17,1
DA:19,1
DA:20,1
DA:21,1
DA:22,1
DA:24,1
DA:25,1
DA:26,1
DA:27,1
DA:28,1
DA:30,1
DA:31,36
DA:33,1
DA:34,12
DA:35,12
DA:36,12
DA:37,12
DA:38,12
DA:41,1
DA:42,4
DA:43,4
DA:44,4
DA:45,4
DA:46,4
DA:47,4
DA:48,4
DA:49,4
DA:50,4
DA:51,4
DA:52,4
DA:53,4
DA:54,4
DA:55,4
DA:56,4
DA:57,4
DA:60,1
DA:61,4
DA:62,4
DA:63,4
DA:64,4
DA:65,4
DA:66,4
DA:67,4
DA:68,4
DA:69,4
DA:70,4
DA:71,4
DA:72,4
DA:73,4
DA:74,4
DA:75,4
DA:76,4
DA:77,4
DA:78,4
DA:79,4
DA:80,4
DA:81,4
DA:82,4
DA:83,4
DA:84,4
DA:85,4
DA:86,4
DA:87,4
DA:88,4
DA:89,4
DA:90,4
DA:91,4
DA:92,4
DA:93,4
DA:94,4
DA:97,1
DA:98,1
DA:99,1
DA:100,1
DA:101,1
DA:102,1
DA:104,1
DA:105,4
DA:106,4
DA:107,4
DA:108,4
DA:109,4
DA:110,4
DA:111,4
DA:112,4
DA:113,4
DA:114,4
DA:115,4
DA:116,4
DA:117,4
DA:118,4
DA:119,4
DA:120,4
DA:121,4
DA:122,4
DA:123,4
DA:124,4
DA:125,4
DA:126,4
DA:127,4
DA:128,4
DA:129,4
DA:130,4
DA:131,4
DA:132,4
DA:133,4
DA:136,1
DA:137,7
DA:139,7
DA:141,7
DA:142,7
DA:143,7
DA:144,1
DA:145,1
DA:146,1
DA:147,1
DA:148,1
DA:150,1
DA:152,4
DA:154,4
DA:155,4
DA:156,4
DA:157,4
DA:158,4
DA:159,4
DA:160,4
DA:161,4
DA:162,4
DA:163,4
DA:165,4
DA:166,4
DA:167,4
DA:168,4
DA:169,4
DA:170,4
DA:171,4
DA:172,4
DA:173,4
DA:174,4
DA:176,4
DA:177,4
DA:178,4
DA:179,4
DA:180,4
DA:181,4
DA:182,4
DA:183,4
DA:184,4
DA:185,4
DA:186,4
DA:187,4
DA:188,4
DA:190,4
DA:191,4
DA:192,4
DA:193,4
DA:194,4
DA:195,4
DA:196,4
DA:197,4
DA:198,4
DA:199,4
DA:200,4
DA:201,4
DA:202,4
DA:204,4
DA:205,4
DA:206,4
DA:208,4
DA:210,4
DA:211,4
DA:212,4
DA:213,4
DA:214,4
DA:215,4
DA:216,4
DA:217,4
DA:218,4
DA:219,4
DA:221,4
DA:222,4
DA:223,4
DA:224,4
DA:225,4
DA:226,4
DA:227,4
DA:228,4
DA:230,4
DA:231,4
DA:232,4
DA:234,4
DA:236,1
LF:200
LH:200
BRDA:30,0,0,36
BRDA:31,1,0,12
BRDA:31,2,0,24
BRDA:31,3,0,0
BRDA:33,4,0,12
BRDA:41,5,0,4
BRDA:60,6,0,4
BRDA:76,7,0,4
BRDA:104,8,0,4
BRDA:119,9,0,4
BRDA:136,10,0,7
BRDA:141,11,0,1
BRDA:141,12,0,6
BRDA:142,13,0,5
BRDA:142,14,0,1
BRDA:142,15,0,5
BRDA:143,16,0,1
BRDA:150,17,0,4
BRF:18
BRH:17
end_of_record
TN:
SF:src/pages/International.tsx
FN:6,International
FNF:1
FNH:1
FNDA:3,International
DA:1,1
DA:2,1
DA:3,1
DA:4,1
DA:6,1
DA:7,3
DA:9,3
DA:10,3
DA:12,1
DA:14,1
DA:15,1
DA:16,1
DA:18,1
DA:19,1
DA:20,1
DA:21,1
DA:22,1
DA:23,1
DA:24,1
DA:25,1
DA:26,2
DA:27,2
DA:28,2
DA:29,2
DA:30,2
DA:31,2
DA:32,1
DA:33,1
DA:34,1
DA:35,1
DA:36,1
DA:38,1
DA:39,1
DA:40,1
DA:41,1
DA:44,1
DA:45,1
DA:46,1
DA:47,1
DA:48,1
DA:51,1
DA:52,1
DA:53,1
DA:54,1
DA:56,1
DA:58,1
LF:46
LH:46
BRDA:6,0,0,3
BRDA:9,1,0,1
BRDA:9,2,0,2
BRDA:10,3,0,1
BRDA:10,4,0,1
BRDA:25,5,0,2
BRF:6
BRH:6
end_of_record
TN:
SF:src/pages/MorganStanley.tsx
FN:30,dirCls
FN:33,ChangeCard
FN:41,SummaryBar
FN:60,HoldingsTable
FN:107,ContribTable
FN:139,MorganStanley
FN:187,callback
FN:201,callback
FNF:8
FNH:6
FNDA:27,dirCls
FNDA:9,ChangeCard
FNDA:3,SummaryBar
FNDA:3,HoldingsTable
FNDA:3,ContribTable
FNDA:6,MorganStanley
FNDA:0,callback
FNDA:0,callback
DA:1,1
DA:2,1
DA:6,1
DA:7,1
DA:8,1
DA:9,1
DA:10,1
DA:11,1
DA:17,1
DA:19,1
DA:20,1
DA:21,1
DA:22,1
DA:24,1
DA:25,1
DA:26,1
DA:27,1
DA:28,1
DA:30,1
DA:31,27
DA:33,1
DA:34,9
DA:35,9
DA:36,9
DA:37,9
DA:38,9
DA:41,1
DA:42,3
DA:43,3
DA:44,3
DA:45,3
DA:46,3
DA:47,3
DA:48,3
DA:49,3
DA:50,3
DA:51,3
DA:52,3
DA:53,3
DA:54,3
DA:55,3
DA:56,3
DA:57,3
DA:60,1
DA:61,3
DA:62,3
DA:63,3
DA:64,3
DA:65,3
DA:66,3
DA:67,3
DA:68,3
DA:69,3
DA:70,3
DA:71,3
DA:72,3
DA:73,3
DA:74,3
DA:75,3
DA:76,3
DA:77,3
DA:78,3
DA:79,3
DA:80,3
DA:81,3
DA:82,3
DA:83,3
DA:84,3
DA:85,3
DA:86,3
DA:87,3
DA:88,3
DA:89,3
DA:90,3
DA:91,3
DA:92,3
DA:93,3
DA:94,3
DA:95,3
DA:96,3
DA:97,3
DA:100,1
DA:101,1
DA:102,1
DA:103,1
DA:104,1
DA:105,1
DA:107,1
DA:108,3
DA:109,3
DA:110,3
DA:111,3
DA:112,3
DA:113,3
DA:114,3
DA:115,3
DA:116,3
DA:117,3
DA:118,3
DA:119,3
DA:120,3
DA:121,3
DA:122,3
DA:123,3
DA:124,3
DA:125,3
DA:126,3
DA:127,3
DA:128,3
DA:129,3
DA:130,3
DA:131,3
DA:132,3
DA:133,3
DA:134,3
DA:135,3
DA:136,3
DA:139,1
DA:140,6
DA:142,6
DA:144,6
DA:145,6
DA:146,6
DA:147,1
DA:148,1
DA:149,1
DA:150,1
DA:151,1
DA:153,1
DA:155,3
DA:157,3
DA:158,3
DA:159,3
DA:160,3
DA:161,3
DA:162,3
DA:163,3
DA:164,3
DA:165,3
DA:166,3
DA:168,3
DA:169,3
DA:170,3
DA:171,3
DA:172,3
DA:173,3
DA:174,3
DA:175,3
DA:176,3
DA:177,3
DA:179,3
DA:180,3
DA:181,3
DA:182,3
DA:183,3
DA:184,3
DA:185,3
DA:186,3
DA:187,3
DA:188,3
DA:189,3
DA:190,3
DA:191,3
DA:193,3
DA:194,3
DA:195,3
DA:196,3
DA:197,3
DA:198,3
DA:199,3
DA:200,3
DA:201,3
DA:202,3
DA:203,3
DA:204,3
DA:205,3
DA:207,3
DA:208,3
DA:209,3
DA:211,3
DA:213,3
DA:214,3
DA:215,3
DA:216,3
DA:217,3
DA:218,3
DA:219,3
DA:220,3
DA:221,3
DA:222,3
DA:224,3
DA:225,3
DA:226,3
DA:227,3
DA:228,3
DA:229,3
DA:230,3
DA:231,3
DA:233,3
DA:234,3
DA:235,3
DA:237,3
DA:239,1
LF:203
LH:203
BRDA:30,0,0,27
BRDA:31,1,0,15
BRDA:31,2,0,12
BRDA:31,3,0,0
BRDA:33,4,0,9
BRDA:41,5,0,3
BRDA:60,6,0,3
BRDA:76,7,0,3
BRDA:107,8,0,3
BRDA:122,9,0,3
BRDA:139,10,0,6
BRDA:144,11,0,1
BRDA:144,12,0,5
BRDA:145,13,0,4
BRDA:145,14,0,1
BRDA:145,15,0,4
BRDA:146,16,0,1
BRDA:153,17,0,3
BRF:18
BRH:17
end_of_record
TN:
SF:src/pages/Overview.tsx
FN:24,Overview
FN:84,callback
FN:89,callback
FN:92,callback
FNF:4
FNH:1
FNDA:5,Overview
FNDA:0,callback
FNDA:0,callback
FNDA:0,callback
DA:1,1
DA:2,1
DA:6,1
DA:7,1
DA:8,1
DA:9,1
DA:11,1
DA:13,1
DA:14,1
DA:15,1
DA:16,1
DA:18,1
DA:19,1
DA:20,1
DA:21,1
DA:22,1
DA:24,1
DA:25,5
DA:27,5
DA:28,5
DA:30,2
DA:32,2
DA:33,2
DA:34,2
DA:35,2
DA:36,2
DA:37,2
DA:38,2
DA:39,2
DA:41,2
DA:42,2
DA:43,2
DA:44,2
DA:45,2
DA:46,2
DA:47,2
DA:48,2
DA:49,2
DA:51,2
DA:52,2
DA:53,2
DA:54,2
DA:55,2
DA:56,2
DA:57,2
DA:58,2
DA:59,2
DA:61,2
DA:62,2
DA:63,2
DA:65,2
DA:66,2
DA:67,2
DA:68,2
DA:69,2
DA:70,2
DA:71,2
DA:72,2
DA:73,2
DA:74,2
DA:75,2
DA:76,2
DA:77,2
DA:78,2
DA:80,2
DA:81,2
DA:82,2
DA:84,2
DA:85,2
DA:87,2
DA:88,2
DA:89,2
DA:90,2
DA:91,2
DA:92,2
DA:93,2
DA:94,2
DA:96,2
DA:97,2
DA:98,2
DA:99,2
DA:100,2
DA:101,2
DA:102,2
DA:103,2
DA:104,2
DA:105,2
DA:106,2
DA:107,2
DA:108,2
DA:110,2
DA:112,1
LF:92
LH:92
BRDA:24,0,0,5
BRDA:27,1,0,1
BRDA:27,2,0,4
BRDA:28,3,0,3
BRDA:28,4,0,2
BRDA:45,5,0,2
BRDA:55,6,0,2
BRDA:55,7,0,0
BRDA:56,8,0,2
BRDA:56,9,0,0
BRDA:66,10,0,2
BRDA:70,11,0,0
BRDA:71,12,0,0
BRDA:73,13,0,0
BRDA:99,14,0,2
BRDA:101,15,0,0
BRF:16
BRH:10
end_of_record
TN:
SF:src/pages/Principal.tsx
FN:30,dirCls
FN:33,ChangeCard
FN:41,SummaryBar
FN:60,HoldingsTable
FN:107,ContribTable
FN:139,Principal
FN:187,callback
FN:201,callback
FNF:8
FNH:6
FNDA:36,dirCls
FNDA:12,ChangeCard
FNDA:4,SummaryBar
FNDA:4,HoldingsTable
FNDA:4,ContribTable
FNDA:7,Principal
FNDA:0,callback
FNDA:0,callback
DA:1,1
DA:2,1
DA:6,1
DA:7,1
DA:8,1
DA:9,1
DA:10,1
DA:11,1
DA:17,1
DA:19,1
DA:20,1
DA:21,1
DA:22,1
DA:24,1
DA:25,1
DA:26,1
DA:27,1
DA:28,1
DA:30,1
DA:31,36
DA:33,1
DA:34,12
DA:35,12
DA:36,12
DA:37,12
DA:38,12
DA:41,1
DA:42,4
DA:43,4
DA:44,4
DA:45,4
DA:46,4
DA:47,4
DA:48,4
DA:49,4
DA:50,4
DA:51,4
DA:52,4
DA:53,4
DA:54,4
DA:55,4
DA:56,4
DA:57,4
DA:60,1
DA:61,4
DA:62,4
DA:63,4
DA:64,4
DA:65,4
DA:66,4
DA:67,4
DA:68,4
DA:69,4
DA:70,4
DA:71,4
DA:72,4
DA:73,4
DA:74,4
DA:75,4
DA:76,4
DA:77,4
DA:78,4
DA:79,4
DA:80,4
DA:81,4
DA:82,4
DA:83,4
DA:84,4
DA:85,4
DA:86,4
DA:87,4
DA:88,4
DA:89,4
DA:90,4
DA:91,4
DA:92,4
DA:93,4
DA:94,4
DA:95,4
DA:96,4
DA:97,4
DA:100,1
DA:101,1
DA:102,1
DA:103,1
DA:104,1
DA:105,1
DA:107,1
DA:108,4
DA:109,4
DA:110,4
DA:111,4
DA:112,4
DA:113,4
DA:114,4
DA:115,4
DA:116,4
DA:117,4
DA:118,4
DA:119,4
DA:120,4
DA:121,4
DA:122,4
DA:123,4
DA:124,4
DA:125,4
DA:126,4
DA:127,4
DA:128,4
DA:129,4
DA:130,4
DA:131,4
DA:132,4
DA:133,4
DA:134,4
DA:135,4
DA:136,4
DA:139,1
DA:140,7
DA:142,7
DA:144,7
DA:145,7
DA:146,7
DA:147,1
DA:148,1
DA:149,1
DA:150,1
DA:151,1
DA:153,1
DA:155,4
DA:157,4
DA:158,4
DA:159,4
DA:160,4
DA:161,4
DA:162,4
DA:163,4
DA:164,4
DA:165,4
DA:166,4
DA:168,4
DA:169,4
DA:170,4
DA:171,4
DA:172,4
DA:173,4
DA:174,4
DA:175,4
DA:176,4
DA:177,4
DA:179,4
DA:180,4
DA:181,4
DA:182,4
DA:183,4
DA:184,4
DA:185,4
DA:186,4
DA:187,4
DA:188,4
DA:189,4
DA:190,4
DA:191,4
DA:193,4
DA:194,4
DA:195,4
DA:196,4
DA:197,4
DA:198,4
DA:199,4
DA:200,4
DA:201,4
DA:202,4
DA:203,4
DA:204,4
DA:205,4
DA:207,4
DA:208,4
DA:209,4
DA:211,4
DA:213,4
DA:214,4
DA:215,4
DA:216,4
DA:217,4
DA:218,4
DA:219,4
DA:220,4
DA:221,4
DA:222,4
DA:224,4
DA:225,4
DA:226,4
DA:227,4
DA:228,4
DA:229,4
DA:230,4
DA:231,4
DA:233,4
DA:234,4
DA:235,4
DA:237,4
DA:239,1
LF:203
LH:203
BRDA:30,0,0,36
BRDA:31,1,0,20
BRDA:31,2,0,16
BRDA:31,3,0,0
BRDA:33,4,0,12
BRDA:41,5,0,4
BRDA:60,6,0,4
BRDA:76,7,0,4
BRDA:107,8,0,4
BRDA:122,9,0,4
BRDA:139,10,0,7
BRDA:144,11,0,1
BRDA:144,12,0,6
BRDA:145,13,0,5
BRDA:145,14,0,1
BRDA:145,15,0,5
BRDA:146,16,0,1
BRDA:153,17,0,4
BRF:18
BRH:17
end_of_record
TN:
SF:src/pages/Recommendations.tsx
FN:19,RecCard
FN:44,RecGroup
FN:53,Recommendations
FNF:3
FNH:3
FNDA:3,RecCard
FNDA:12,RecGroup
FNDA:5,Recommendations
DA:1,1
DA:2,1
DA:3,1
DA:4,1
DA:7,1
DA:8,1
DA:9,1
DA:10,1
DA:11,1
DA:13,1
DA:14,1
DA:15,1
DA:16,1
DA:17,1
DA:19,1
DA:20,3
DA:21,3
DA:22,3
DA:23,3
DA:24,3
DA:25,3
DA:26,3
DA:27,3
DA:28,3
DA:29,3
DA:30,3
DA:31,3
DA:32,3
DA:33,3
DA:34,3
DA:35,3
DA:36,3
DA:37,3
DA:38,3
DA:39,3
DA:40,3
DA:41,3
DA:44,1
DA:45,12
DA:46,12
DA:47,12
DA:48,12
DA:49,12
DA:50,12
DA:53,1
DA:54,5
DA:56,5
DA:57,5
DA:59,3
DA:60,3
DA:61,3
DA:63,3
DA:64,3
DA:68,3
DA:70,3
DA:71,3
DA:72,3
DA:73,3
DA:75,3
DA:76,3
DA:79,3
DA:80,3
DA:82,3
DA:84,1
LF:64
LH:64
BRDA:19,0,0,3
BRDA:31,1,0,3
BRDA:44,2,0,12
BRDA:48,3,0,3
BRDA:53,4,0,5
BRDA:56,5,0,1
BRDA:56,6,0,4
BRDA:57,7,0,3
BRDA:57,8,0,1
BRDA:57,9,0,3
BRF:10
BRH:10
end_of_record
TN:
SF:src/pages/Sectors.tsx
FN:15,Sectors
FNF:1
FNH:1
FNDA:4,Sectors
DA:1,1
DA:2,1
DA:3,1
DA:4,1
DA:5,1
DA:6,1
DA:8,1
DA:10,1
DA:11,1
DA:12,1
DA:13,1
DA:15,1
DA:16,4
DA:18,4
DA:19,4
DA:21,2
DA:23,2
DA:24,2
DA:25,2
DA:26,2
DA:27,2
DA:28,2
DA:29,2
DA:31,2
DA:32,2
DA:33,2
DA:35,2
DA:36,2
DA:37,2
DA:38,2
DA:39,2
DA:40,2
DA:41,2
DA:42,2
DA:43,2
DA:45,2
DA:46,2
DA:47,2
DA:48,2
DA:49,2
DA:50,2
DA:51,4
DA:52,4
DA:53,4
DA:54,4
DA:55,2
DA:56,2
DA:57,2
DA:58,2
DA:59,2
DA:60,2
DA:61,2
DA:62,2
DA:63,2
DA:64,2
DA:65,2
DA:66,2
DA:67,2
DA:68,2
DA:69,2
DA:70,2
DA:71,2
DA:73,2
DA:75,1
LF:64
LH:64
BRDA:15,0,0,4
BRDA:18,1,0,1
BRDA:18,2,0,3
BRDA:19,3,0,2
BRDA:19,4,0,1
BRDA:19,5,0,2
BRDA:50,6,0,4
BRDA:62,7,0,2
BRF:8
BRH:8
end_of_record
TN:
SF:src/pages/Simulation.tsx
FN:21,fmt
FN:24,fmtPct
FN:26,dirClass
FN:31,HoldingsTable
FN:72,onClick
FN:88,TxTable
FN:144,TradePanel
FN:211,onChange
FN:212,onKeyDown
FN:227,onClick
FN:233,onClick
FN:245,onChange
FN:297,Simulation
FN:346,callback
FN:415,onTraded
FNF:15
FNH:7
FNDA:54,fmt
FNDA:9,fmtPct
FNDA:9,dirClass
FNDA:7,HoldingsTable
FNDA:0,onClick
FNDA:7,TxTable
FNDA:7,TradePanel
FNDA:0,onChange
FNDA:0,onKeyDown
FNDA:0,onClick
FNDA:0,onClick
FNDA:0,onChange
FNDA:9,Simulation
FNDA:0,callback
FNDA:0,onTraded
DA:1,1
DA:2,1
DA:6,1
DA:7,1
DA:8,1
DA:9,1
DA:10,1
DA:11,1
DA:14,1
DA:16,1
DA:17,1
DA:18,1
DA:19,1
DA:21,1
DA:22,54
DA:24,1
DA:26,1
DA:27,9
DA:31,1
DA:32,7
DA:33,7
DA:34,7
DA:38,7
DA:39,7
DA:40,7
DA:42,7
DA:43,7
DA:44,7
DA:45,5
DA:47,2
DA:48,2
DA:49,2
DA:50,2
DA:51,2
DA:52,2
DA:53,2
DA:54,2
DA:55,2
DA:56,2
DA:57,2
DA:58,2
DA:59,2
DA:60,2
DA:61,2
DA:62,2
DA:63,2
DA:64,2
DA:65,2
DA:66,2
DA:67,2
DA:68,2
DA:69,2
DA:70,2
DA:71,2
DA:72,2
DA:73,2
DA:74,2
DA:76,2
DA:77,2
DA:78,2
DA:79,2
DA:80,2
DA:81,2
DA:83,7
DA:88,1
DA:89,7
DA:90,7
DA:91,7
DA:93,7
DA:94,7
DA:95,7
DA:96,5
DA:98,2
DA:99,2
DA:100,2
DA:101,2
DA:102,2
DA:103,2
DA:104,2
DA:105,2
DA:106,2
DA:107,2
DA:108,2
DA:109,2
DA:110,2
DA:111,2
DA:112,2
DA:113,2
DA:114,2
DA:115,2
DA:116,2
DA:117,0
DA:118,2
DA:119,2
DA:120,2
DA:121,2
DA:122,2
DA:123,2
DA:124,2
DA:125,2
DA:126,2
DA:127,2
DA:128,2
DA:129,2
DA:131,7
DA:144,1
DA:145,7
DA:146,7
DA:147,7
DA:148,7
DA:149,7
DA:150,7
DA:151,7
DA:152,7
DA:153,7
DA:154,7
DA:155,7
DA:156,7
DA:157,7
DA:159,7
DA:160,0
DA:161,0
DA:162,0
DA:163,0
DA:164,0
DA:165,0
DA:166,0
DA:167,0
DA:168,0
DA:169,0
DA:170,0
DA:171,0
DA:172,7
DA:174,7
DA:175,0
DA:176,0
DA:177,0
DA:178,0
DA:179,0
DA:180,0
DA:181,0
DA:182,0
DA:183,0
DA:184,0
DA:185,0
DA:186,0
DA:187,0
DA:188,0
DA:189,0
DA:190,0
DA:191,0
DA:192,0
DA:193,0
DA:194,7
DA:196,7
DA:197,0
DA:198,7
DA:200,7
DA:201,7
DA:202,7
DA:204,7
DA:206,7
DA:207,7
DA:208,7
DA:209,7
DA:210,7
DA:211,7
DA:212,7
DA:213,7
DA:214,7
DA:215,7
DA:216,7
DA:217,7
DA:218,7
DA:220,7
DA:221,7
DA:222,7
DA:225,7
DA:226,7
DA:227,7
DA:228,7
DA:229,7
DA:231,7
DA:232,7
DA:233,7
DA:234,7
DA:235,7
DA:237,7
DA:238,7
DA:241,7
DA:242,7
DA:243,7
DA:244,7
DA:245,7
DA:246,7
DA:247,7
DA:248,7
DA:249,7
DA:251,7
DA:252,7
DA:253,7
DA:254,7
DA:255,7
DA:256,7
DA:257,0
DA:258,7
DA:260,7
DA:261,7
DA:262,7
DA:265,7
DA:266,0
DA:267,0
DA:268,0
DA:269,0
DA:270,0
DA:271,0
DA:272,0
DA:273,0
DA:274,0
DA:275,0
DA:277,0
DA:281,7
DA:282,7
DA:283,7
DA:286,7
DA:287,0
DA:288,0
DA:289,0
DA:291,7
DA:293,7
DA:297,1
DA:298,9
DA:299,9
DA:300,9
DA:302,9
DA:303,0
DA:304,0
DA:305,9
DA:307,9
DA:308,0
DA:309,0
DA:310,0
DA:311,0
DA:312,0
DA:313,0
DA:314,0
DA:315,0
DA:316,9
DA:318,9
DA:319,9
DA:321,7
DA:323,9
DA:325,9
DA:326,9
DA:327,9
DA:328,9
DA:329,9
DA:330,9
DA:331,9
DA:332,9
DA:333,9
DA:334,9
DA:336,9
DA:337,9
DA:338,9
DA:339,9
DA:340,9
DA:341,9
DA:342,9
DA:343,9
DA:344,9
DA:345,9
DA:346,9
DA:347,9
DA:348,9
DA:349,9
DA:350,9
DA:352,9
DA:353,9
DA:354,9
DA:355,9
DA:356,9
DA:357,9
DA:358,9
DA:359,9
DA:361,9
DA:362,9
DA:363,9
DA:366,9
DA:367,9
DA:368,9
DA:369,9
DA:370,9
DA:371,9
DA:372,9
DA:373,9
DA:374,9
DA:375,9
DA:376,9
DA:377,9
DA:378,9
DA:379,9
DA:380,9
DA:381,9
DA:382,9
DA:383,9
DA:384,9
DA:385,9
DA:386,9
DA:387,9
DA:388,9
DA:389,9
DA:390,9
DA:391,9
DA:392,9
DA:393,9
DA:394,9
DA:395,9
DA:398,9
DA:399,0
DA:400,0
DA:402,0
DA:403,0
DA:404,0
DA:405,0
DA:406,0
DA:410,9
DA:411,9
DA:412,9
DA:413,9
DA:414,9
DA:415,9
DA:416,9
DA:418,9
DA:419,9
DA:420,9
DA:422,9
DA:424,1
LF:338
LH:273
BRDA:21,0,0,54
BRDA:24,1,0,9
BRDA:24,2,0,0
BRDA:26,3,0,9
BRDA:27,4,0,2
BRDA:27,5,0,7
BRDA:27,6,0,0
BRDA:31,7,0,7
BRDA:44,8,0,5
BRDA:45,9,0,2
BRDA:60,10,0,2
BRDA:88,11,0,7
BRDA:95,12,0,5
BRDA:96,13,0,2
BRDA:110,14,0,2
BRDA:116,15,0,0
BRDA:144,16,0,7
BRDA:153,17,0,0
BRDA:196,18,0,0
BRDA:196,19,0,0
BRDA:220,20,0,0
BRDA:228,21,0,0
BRDA:234,22,0,0
BRDA:253,23,0,0
BRDA:256,24,0,0
BRDA:260,25,0,0
BRDA:260,26,0,0
BRDA:265,27,0,0
BRDA:286,28,0,0
BRDA:297,29,0,9
BRDA:318,30,0,1
BRDA:318,31,0,8
BRDA:319,32,0,7
BRDA:319,33,0,1
BRDA:319,34,0,7
BRDA:323,35,0,0
BRDA:323,36,0,7
BRDA:323,37,0,0
BRDA:361,38,0,0
BRDA:361,39,0,7
BRDA:372,40,0,7
BRDA:372,41,0,0
BRDA:386,42,0,5
BRDA:386,43,0,2
BRDA:398,44,0,0
BRDA:412,45,0,0
BRDA:412,46,0,7
BRDA:413,47,0,0
BRDA:413,48,0,7
BRDA:414,49,0,0
BRF:50
BRH:27
end_of_record
TN:
SF:src/pages/SoFi.tsx
FN:30,dirCls
FN:33,ChangeCard
FN:41,SummaryBar
FN:60,HoldingsTable
FN:104,ContribTable
FN:136,SoFi
FN:184,callback
FN:198,callback
FNF:8
FNH:6
FNDA:36,dirCls
FNDA:12,ChangeCard
FNDA:4,SummaryBar
FNDA:4,HoldingsTable
FNDA:4,ContribTable
FNDA:7,SoFi
FNDA:0,callback
FNDA:0,callback
DA:1,1
DA:2,1
DA:6,1
DA:7,1
DA:8,1
DA:9,1
DA:10,1
DA:11,1
DA:17,1
DA:19,1
DA:20,1
DA:21,1
DA:22,1
DA:24,1
DA:25,1
DA:26,1
DA:27,1
DA:28,1
DA:30,1
DA:31,36
DA:33,1
DA:34,12
DA:35,12
DA:36,12
DA:37,12
DA:38,12
DA:41,1
DA:42,4
DA:43,4
DA:44,4
DA:45,4
DA:46,4
DA:47,4
DA:48,4
DA:49,4
DA:50,4
DA:51,4
DA:52,4
DA:53,4
DA:54,4
DA:55,4
DA:56,4
DA:57,4
DA:60,1
DA:61,4
DA:62,4
DA:63,4
DA:64,4
DA:65,4
DA:66,4
DA:67,4
DA:68,4
DA:69,4
DA:70,4
DA:71,4
DA:72,4
DA:73,4
DA:74,4
DA:75,4
DA:76,4
DA:77,4
DA:78,4
DA:79,4
DA:80,4
DA:81,4
DA:82,4
DA:83,4
DA:84,4
DA:85,4
DA:86,4
DA:87,4
DA:88,4
DA:89,4
DA:90,4
DA:91,4
DA:92,4
DA:93,4
DA:94,4
DA:97,1
DA:98,1
DA:99,1
DA:100,1
DA:101,1
DA:102,1
DA:104,1
DA:105,4
DA:106,4
DA:107,4
DA:108,4
DA:109,4
DA:110,4
DA:111,4
DA:112,4
DA:113,4
DA:114,4
DA:115,4
DA:116,4
DA:117,4
DA:118,4
DA:119,4
DA:120,4
DA:121,4
DA:122,4
DA:123,4
DA:124,4
DA:125,4
DA:126,4
DA:127,4
DA:128,4
DA:129,4
DA:130,4
DA:131,4
DA:132,4
DA:133,4
DA:136,1
DA:137,7
DA:139,7
DA:141,7
DA:142,7
DA:143,7
DA:144,1
DA:145,1
DA:146,1
DA:147,1
DA:148,1
DA:150,1
DA:152,4
DA:154,4
DA:155,4
DA:156,4
DA:157,4
DA:158,4
DA:159,4
DA:160,4
DA:161,4
DA:162,4
DA:163,4
DA:165,4
DA:166,4
DA:167,4
DA:168,4
DA:169,4
DA:170,4
DA:171,4
DA:172,4
DA:173,4
DA:174,4
DA:176,4
DA:177,4
DA:178,4
DA:179,4
DA:180,4
DA:181,4
DA:182,4
DA:183,4
DA:184,4
DA:185,4
DA:186,4
DA:187,4
DA:188,4
DA:190,4
DA:191,4
DA:192,4
DA:193,4
DA:194,4
DA:195,4
DA:196,4
DA:197,4
DA:198,4
DA:199,4
DA:200,4
DA:201,4
DA:202,4
DA:204,4
DA:205,4
DA:206,4
DA:208,4
DA:210,4
DA:211,4
DA:212,4
DA:213,4
DA:214,4
DA:215,4
DA:216,4
DA:217,4
DA:218,4
DA:219,4
DA:221,4
DA:222,4
DA:223,4
DA:224,4
DA:225,4
DA:226,4
DA:227,4
DA:228,4
DA:230,4
DA:231,4
DA:232,4
DA:234,4
DA:236,1
LF:200
LH:200
BRDA:30,0,0,36
BRDA:31,1,0,12
BRDA:31,2,0,24
BRDA:31,3,0,0
BRDA:33,4,0,12
BRDA:41,5,0,4
BRDA:60,6,0,4
BRDA:76,7,0,4
BRDA:104,8,0,4
BRDA:119,9,0,4
BRDA:136,10,0,7
BRDA:141,11,0,1
BRDA:141,12,0,6
BRDA:142,13,0,5
BRDA:142,14,0,1
BRDA:142,15,0,5
BRDA:143,16,0,1
BRDA:150,17,0,4
BRF:18
BRH:17
end_of_record
TN:
SF:src/pages/USMarkets.tsx
FN:6,USMarkets
FNF:1
FNH:1
FNDA:4,USMarkets
DA:1,1
DA:2,1
DA:3,1
DA:4,1
DA:6,1
DA:7,4
DA:9,4
DA:10,4
DA:12,2
DA:14,2
DA:15,2
DA:16,2
DA:18,2
DA:19,2
DA:20,2
DA:21,2
DA:22,2
DA:23,2
DA:24,2
DA:25,2
DA:26,2
DA:27,2
DA:28,2
DA:29,2
DA:30,2
DA:31,2
DA:32,2
DA:33,2
DA:34,2
DA:36,2
DA:37,2
DA:38,2
DA:39,2
DA:40,2
DA:41,2
DA:42,2
DA:43,2
DA:44,2
DA:45,2
DA:46,2
DA:47,2
DA:48,2
DA:49,2
DA:50,2
DA:51,2
DA:52,2
DA:53,2
DA:54,2
DA:55,2
DA:57,2
DA:59,1
LF:51
LH:51
BRDA:6,0,0,4
BRDA:9,1,0,1
BRDA:9,2,0,3
BRDA:10,3,0,2
BRDA:10,4,0,1
BRDA:10,5,0,2
BRDA:43,6,0,2
BRF:7
BRH:7
end_of_record
TN:
SF:src/pages/shared.tsx
FN:8,SectionHeader
FN:22,Grid4
FN:28,Grid3
FN:34,Grid2
FN:46,Card
FN:63,ChartCard
FN:77,Table
FN:81,Th
FN:92,Td
FN:96,TickerCell
FN:102,dirClass
FNF:11
FNH:11
FNDA:44,SectionHeader
FNDA:21,Grid4
FNDA:20,Grid3
FNDA:21,Grid2
FNDA:87,Card
FNDA:46,ChartCard
FNDA:37,Table
FNDA:174,Th
FNDA:155,Td
FNDA:24,TickerCell
FNDA:31,dirClass
DA:8,1
DA:9,44
DA:10,44
DA:11,44
DA:12,44
DA:13,44
DA:14,44
DA:22,1
DA:23,21
DA:24,21
DA:25,21
DA:28,1
DA:29,20
DA:30,20
DA:31,20
DA:34,1
DA:35,21
DA:36,21
DA:37,21
DA:46,1
DA:47,87
DA:48,87
DA:49,87
DA:51,87
DA:52,87
DA:63,1
DA:64,46
DA:65,46
DA:66,46
DA:67,46
DA:68,46
DA:69,46
DA:70,46
DA:77,1
DA:78,37
DA:81,1
DA:82,174
DA:83,174
DA:84,174
DA:92,1
DA:93,155
DA:96,1
DA:97,24
DA:98,24
DA:99,24
DA:102,1
DA:103,31
LF:47
LH:47
BRDA:8,0,0,44
BRDA:12,1,0,42
BRDA:22,2,0,21
BRDA:28,3,0,20
BRDA:34,4,0,21
BRDA:46,5,0,87
BRDA:63,6,0,46
BRDA:69,7,0,43
BRDA:69,8,0,3
BRDA:77,9,0,37
BRDA:81,10,0,174
BRDA:92,11,0,155
BRDA:96,12,0,24
BRDA:102,13,0,31
BRDA:103,14,0,25
BRDA:103,15,0,6
BRDA:103,16,0,5
BRDA:103,17,0,1
BRF:18
BRH:18
end_of_record
TN:
SF:src/services/market.ts
FN:11,apiFetch
FN:18,apiPost
FN:30,overview
FN:31,markets
FN:32,crypto
FN:33,recommendations
FN:34,principal
FN:35,morganStanley
FN:36,fidelity
FN:37,soFi
FN:39,plaidStatus
FN:40,plaidLinkToken
FN:42,plaidExchange
FN:45,simulation
FN:46,simulationQuote
FN:48,simulationTrade
FN:50,simulationReset
FNF:17
FNH:17
FNDA:12,apiFetch
FNDA:5,apiPost
FNDA:2,overview
FNDA:1,markets
FNDA:1,crypto
FNDA:1,recommendations
FNDA:1,principal
FNDA:1,morganStanley
FNDA:1,fidelity
FNDA:1,soFi
FNDA:1,plaidStatus
FNDA:2,plaidLinkToken
FNDA:1,plaidExchange
FNDA:1,simulation
FNDA:1,simulationQuote
FNDA:1,simulationTrade
FNDA:1,simulationReset
DA:11,12
DA:12,12
DA:13,12
DA:14,11
DA:15,11
DA:16,11
DA:18,5
DA:19,5
DA:20,5
DA:21,5
DA:22,5
DA:23,5
DA:24,5
DA:25,4
DA:26,4
DA:27,4
DA:29,1
DA:30,1
DA:31,1
DA:32,1
DA:33,1
DA:34,1
DA:35,1
DA:36,1
DA:37,1
DA:39,1
DA:40,1
DA:41,2
DA:42,1
DA:43,1
DA:45,1
DA:46,1
DA:47,1
DA:48,1
DA:49,1
DA:50,1
DA:51,1
DA:52,1
LF:38
LH:38
BRDA:11,0,0,12
BRDA:13,1,0,1
BRDA:13,2,0,11
BRDA:18,3,0,5
BRDA:24,4,0,1
BRDA:24,5,0,4
BRDA:30,6,0,2
BRDA:31,7,0,1
BRDA:32,8,0,1
BRDA:33,9,0,1
BRDA:34,10,0,1
BRDA:35,11,0,1
BRDA:36,12,0,1
BRDA:37,13,0,1
BRDA:39,14,0,1
BRDA:40,15,0,2
BRDA:42,16,0,1
BRDA:45,17,0,1
BRDA:46,18,0,1
BRDA:48,19,0,1
BRDA:50,20,0,1
BRF:21
BRH:21
end_of_record
TN:
SF:src/types/market.ts
FN:1,(empty-report)
FNF:1
FNH:1
FNDA:1,(empty-report)
LF:0
LH:0
BRDA:1,0,0,1
BRF:1
BRH:1
end_of_record
TN:
SF:src/types/simulation.ts
FN:1,(empty-report)
FNF:1
FNH:1
FNDA:1,(empty-report)
LF:0
LH:0
BRDA:1,0,0,1
BRF:1
BRH:1
end_of_record
