TN:
SF:src/App.tsx
FN:1,(empty-report)
FNF:1
FNH:0
FNDA:0,(empty-report)
DA:1,0
DA:2,0
DA:3,0
DA:4,0
DA:5,0
DA:7,0
DA:8,0
DA:9,0
DA:10,0
DA:11,0
DA:12,0
DA:13,0
DA:14,0
DA:16,0
DA:17,0
DA:18,0
DA:19,0
DA:20,0
DA:21,0
DA:22,0
DA:23,0
DA:24,0
DA:25,0
DA:27,0
DA:28,0
DA:29,0
DA:30,0
DA:32,0
DA:33,0
DA:34,0
DA:35,0
DA:36,0
DA:37,0
DA:38,0
DA:39,0
DA:40,0
DA:41,0
DA:42,0
DA:43,0
DA:44,0
DA:45,0
DA:46,0
DA:47,0
DA:48,0
DA:50,0
DA:52,0
LF:46
LH:0
BRDA:1,0,0,0
BRF:1
BRH:0
end_of_record
TN:
SF:src/components/ErrorState.tsx
FN:6,ErrorState
FNF:1
FNH:1
FNDA:15,ErrorState
DA:6,1
DA:7,15
DA:8,15
DA:9,15
DA:10,15
DA:11,15
DA:12,15
DA:13,11
DA:14,11
DA:15,11
DA:16,11
DA:18,11
DA:20,15
LF:13
LH:13
BRDA:6,0,0,15
BRDA:10,1,0,9
BRDA:10,2,0,6
BRDA:12,3,0,11
BRF:4
BRH:4
end_of_record
TN:
SF:src/components/Header.tsx
FN:6,Header
FNF:1
FNH:1
FNDA:6,Header
DA:6,1
DA:7,6
DA:8,6
DA:9,6
DA:11,6
DA:12,6
DA:13,6
DA:14,6
DA:16,6
DA:17,6
DA:18,6
DA:20,6
DA:21,6
DA:22,1
DA:23,1
DA:24,1
DA:26,6
DA:27,6
DA:28,6
DA:29,6
DA:30,6
DA:31,6
LF:22
LH:22
BRDA:6,0,0,6
BRDA:21,1,0,1
BRDA:28,2,0,5
BRF:3
BRH:3
end_of_record
TN:
SF:src/components/LoadingState.tsx
FN:1,LoadingState
FNF:1
FNH:1
FNDA:10,LoadingState
DA:1,1
DA:2,10
DA:3,10
DA:4,60
DA:5,60
DA:6,60
DA:7,60
DA:8,60
DA:9,60
DA:10,10
LF:10
LH:10
BRDA:1,0,0,10
BRDA:3,1,0,60
BRF:2
BRH:2
end_of_record
TN:
SF:src/components/PlaidConnect.tsx
FN:11,PlaidConnect
FN:35,onExit
FN:50,handleConnect
FNF:3
FNH:2
FNDA:13,PlaidConnect
FNDA:0,onExit
FNDA:3,handleConnect
DA:1,1
DA:2,1
DA:3,1
DA:11,1
DA:12,13
DA:13,13
DA:14,13
DA:16,13
DA:17,13
DA:18,0
DA:19,0
DA:20,0
DA:21,0
DA:22,0
DA:23,0
DA:24,0
DA:25,0
DA:26,0
DA:27,13
DA:28,13
DA:30,13
DA:32,13
DA:33,13
DA:34,13
DA:35,13
DA:36,0
DA:37,0
DA:38,0
DA:39,0
DA:40,13
DA:43,13
DA:44,13
DA:45,0
DA:46,0
DA:47,0
DA:48,13
DA:50,13
DA:51,3
DA:52,3
DA:53,3
DA:54,3
DA:55,3
DA:56,1
DA:57,1
DA:58,1
DA:59,1
DA:60,1
DA:61,3
DA:63,13
DA:64,13
DA:65,13
DA:66,13
DA:67,13
DA:68,13
DA:69,13
DA:71,13
DA:73,13
DA:74,1
DA:75,1
DA:76,1
DA:79,13
DA:80,13
DA:81,13
DA:82,13
DA:84,13
DA:85,13
DA:87,13
DA:90,13
DA:91,13
DA:92,13
DA:94,13
LF:71
LH:55
BRDA:11,0,0,13
BRDA:33,1,0,12
BRDA:73,2,0,1
BRDA:84,3,0,4
BRDA:84,4,0,9
BRDA:43,5,0,13
BRDA:44,6,0,1
BRDA:44,7,0,0
BRDA:44,8,0,0
BRDA:50,9,0,3
BRDA:55,10,0,1
BRF:11
BRH:9
end_of_record
TN:
SF:src/components/Sidebar.tsx
FN:22,statColor
FN:25,Sidebar
FN:34,onClick
FN:40,onClick
FN:46,onClick
FN:65,NavSection
FN:74,NavItem
FNF:7
FNH:6
FNDA:4,statColor
FNDA:10,Sidebar
FNDA:4,onClick
FNDA:0,onClick
FNDA:2,onClick
FNDA:40,NavSection
FNDA:80,NavItem
DA:3,1
DA:4,1
DA:5,1
DA:6,1
DA:7,1
DA:8,1
DA:9,1
DA:10,1
DA:11,1
DA:12,1
DA:22,1
DA:23,4
DA:25,1
DA:26,10
DA:27,10
DA:28,10
DA:30,10
DA:31,10
DA:32,10
DA:33,10
DA:34,40
DA:35,10
DA:36,10
DA:38,10
DA:39,10
DA:40,20
DA:41,10
DA:42,10
DA:44,10
DA:45,10
DA:46,20
DA:47,10
DA:48,10
DA:50,10
DA:51,10
DA:52,10
DA:53,2
DA:54,2
DA:55,2
DA:56,2
DA:57,2
DA:58,10
DA:59,10
DA:60,10
DA:61,10
DA:63,10
DA:65,1
DA:66,40
DA:67,40
DA:68,40
DA:69,40
DA:70,40
DA:71,40
DA:74,1
DA:75,80
DA:76,80
DA:77,80
DA:78,80
DA:83,80
DA:84,80
DA:85,80
DA:86,80
DA:87,10
DA:88,70
DA:89,80
DA:91,80
DA:92,80
DA:93,80
LF:68
LH:68
BRDA:22,0,0,4
BRDA:23,1,0,2
BRDA:23,2,0,2
BRDA:23,3,0,0
BRDA:25,4,0,10
BRDA:52,5,0,1
BRDA:26,6,0,80
BRDA:27,7,0,80
BRDA:28,8,0,80
BRDA:33,9,0,40
BRDA:34,10,0,4
BRDA:39,11,0,20
BRDA:45,12,0,20
BRDA:46,13,0,2
BRDA:52,14,0,2
BRDA:65,15,0,40
BRDA:74,16,0,80
BRDA:86,17,0,10
BRDA:87,18,0,70
BRF:19
BRH:18
end_of_record
TN:
SF:src/hooks/useMarketData.ts
FN:18,useApiCall
FN:37,useOverview
FN:40,useMarkets
FN:43,useCrypto
FN:46,useRecommendations
FN:49,usePrincipal
FN:52,useMorganStanley
FNF:7
FNH:7
FNDA:19,useApiCall
FNDA:9,useOverview
FNDA:2,useMarkets
FNDA:2,useCrypto
FNDA:2,useRecommendations
FNDA:2,usePrincipal
FNDA:2,useMorganStanley
DA:1,1
DA:2,1
DA:18,19
DA:19,19
DA:20,19
DA:21,19
DA:23,19
DA:24,10
DA:25,10
DA:26,10
DA:27,10
DA:28,10
DA:29,10
DA:30,19
DA:32,19
DA:34,19
DA:35,19
DA:37,1
DA:38,9
DA:40,1
DA:41,2
DA:43,1
DA:44,2
DA:46,1
DA:47,2
DA:49,1
DA:50,2
DA:52,1
DA:53,2
LF:29
LH:29
BRDA:18,0,0,19
BRDA:23,1,0,10
BRDA:28,2,0,2
BRDA:28,3,0,1
BRDA:28,4,0,1
BRDA:29,5,0,10
BRDA:37,6,0,9
BRDA:40,7,0,2
BRDA:43,8,0,2
BRDA:46,9,0,2
BRDA:49,10,0,2
BRDA:52,11,0,2
BRF:12
BRH:12
end_of_record
TN:
SF:src/pages/Crypto.tsx
FN:15,Crypto
FN:76,callback
FNF:2
FNH:1
FNDA:5,Crypto
FNDA:0,callback
DA:1,1
DA:2,1
DA:3,1
DA:4,1
DA:5,1
DA:6,1
DA:8,1
DA:10,1
DA:11,1
DA:12,1
DA:13,1
DA:15,1
DA:16,5
DA:18,5
DA:19,5
DA:21,3
DA:23,3
DA:24,3
DA:25,3
DA:26,3
DA:27,3
DA:28,3
DA:29,3
DA:30,3
DA:31,3
DA:33,3
DA:34,3
DA:35,3
DA:37,3
DA:38,3
DA:39,3
DA:40,3
DA:41,3
DA:42,3
DA:43,3
DA:45,3
DA:46,3
DA:47,3
DA:48,3
DA:49,3
DA:50,3
DA:51,3
DA:52,3
DA:53,3
DA:54,3
DA:55,3
DA:56,3
DA:58,3
DA:59,3
DA:60,3
DA:61,3
DA:62,3
DA:63,3
DA:64,3
DA:65,3
DA:66,3
DA:67,3
DA:68,3
DA:70,3
DA:71,3
DA:72,3
DA:73,3
DA:74,3
DA:75,3
DA:76,3
DA:77,3
DA:78,3
DA:79,3
DA:81,3
DA:82,3
DA:83,3
DA:84,3
DA:85,3
DA:87,3
DA:89,1
LF:75
LH:75
BRDA:15,0,0,5
BRDA:18,1,0,1
BRDA:18,2,0,4
BRDA:19,3,0,3
BRDA:19,4,0,1
BRDA:19,5,0,3
BRDA:38,6,0,3
BRDA:51,7,0,0
BRDA:59,8,0,3
BRDA:64,9,0,0
BRF:10
BRH:8
end_of_record
TN:
SF:src/pages/International.tsx
FN:6,International
FNF:1
FNH:1
FNDA:3,International
DA:1,1
DA:2,1
DA:3,1
DA:4,1
DA:6,1
DA:7,3
DA:9,3
DA:10,3
DA:12,1
DA:14,1
DA:15,1
DA:16,1
DA:18,1
DA:19,1
DA:20,1
DA:21,1
DA:22,1
DA:23,1
DA:24,1
DA:25,1
DA:26,2
DA:27,2
DA:28,2
DA:29,2
DA:30,2
DA:31,2
DA:32,1
DA:33,1
DA:34,1
DA:35,1
DA:36,1
DA:38,1
DA:39,1
DA:40,1
DA:41,1
DA:44,1
DA:45,1
DA:46,1
DA:47,1
DA:48,1
DA:51,1
DA:52,1
DA:53,1
DA:54,1
DA:56,1
DA:58,1
LF:46
LH:46
BRDA:6,0,0,3
BRDA:9,1,0,1
BRDA:9,2,0,2
BRDA:10,3,0,1
BRDA:10,4,0,1
BRDA:25,5,0,2
BRF:6
BRH:6
end_of_record
TN:
SF:src/pages/MorganStanley.tsx
FN:30,dirCls
FN:33,ChangeCard
FN:41,SummaryBar
FN:60,HoldingsTable
FN:107,ContribTable
FN:139,MorganStanley
FN:187,callback
FN:201,callback
FNF:8
FNH:6
FNDA:27,dirCls
FNDA:9,ChangeCard
FNDA:3,SummaryBar
FNDA:3,HoldingsTable
FNDA:3,ContribTable
FNDA:6,MorganStanley
FNDA:0,callback
FNDA:0,callback
DA:1,1
DA:2,1
DA:6,1
DA:7,1
DA:8,1
DA:9,1
DA:10,1
DA:11,1
DA:17,1
DA:19,1
DA:20,1
DA:21,1
DA:22,1
DA:24,1
DA:25,1
DA:26,1
DA:27,1
DA:28,1
DA:30,1
DA:31,27
DA:33,1
DA:34,9
DA:35,9
DA:36,9
DA:37,9
DA:38,9
DA:41,1
DA:42,3
DA:43,3
DA:44,3
DA:45,3
DA:46,3
DA:47,3
DA:48,3
DA:49,3
DA:50,3
DA:51,3
DA:52,3
DA:53,3
DA:54,3
DA:55,3
DA:56,3
DA:57,3
DA:60,1
DA:61,3
DA:62,3
DA:63,3
DA:64,3
DA:65,3
DA:66,3
DA:67,3
DA:68,3
DA:69,3
DA:70,3
DA:71,3
DA:72,3
DA:73,3
DA:74,3
DA:75,3
DA:76,3
DA:77,3
DA:78,3
DA:79,3
DA:80,3
DA:81,3
DA:82,3
DA:83,3
DA:84,3
DA:85,3
DA:86,3
DA:87,3
DA:88,3
DA:89,3
DA:90,3
DA:91,3
DA:92,3
DA:93,3
DA:94,3
DA:95,3
DA:96,3
DA:97,3
DA:100,1
DA:101,1
DA:102,1
DA:103,1
DA:104,1
DA:105,1
DA:107,1
DA:108,3
DA:109,3
DA:110,3
DA:111,3
DA:112,3
DA:113,3
DA:114,3
DA:115,3
DA:116,3
DA:117,3
DA:118,3
DA:119,3
DA:120,3
DA:121,3
DA:122,3
DA:123,3
DA:124,3
DA:125,3
DA:126,3
DA:127,3
DA:128,3
DA:129,3
DA:130,3
DA:131,3
DA:132,3
DA:133,3
DA:134,3
DA:135,3
DA:136,3
DA:139,1
DA:140,6
DA:142,6
DA:144,6
DA:145,6
DA:146,6
DA:147,1
DA:148,1
DA:149,1
DA:150,1
DA:151,1
DA:153,1
DA:155,3
DA:157,3
DA:158,3
DA:159,3
DA:160,3
DA:161,3
DA:162,3
DA:163,3
DA:164,3
DA:165,3
DA:166,3
DA:168,3
DA:169,3
DA:170,3
DA:171,3
DA:172,3
DA:173,3
DA:174,3
DA:175,3
DA:176,3
DA:177,3
DA:179,3
DA:180,3
DA:181,3
DA:182,3
DA:183,3
DA:184,3
DA:185,3
DA:186,3
DA:187,3
DA:188,3
DA:189,3
DA:190,3
DA:191,3
DA:193,3
DA:194,3
DA:195,3
DA:196,3
DA:197,3
DA:198,3
DA:199,3
DA:200,3
DA:201,3
DA:202,3
DA:203,3
DA:204,3
DA:205,3
DA:207,3
DA:208,3
DA:209,3
DA:211,3
DA:213,3
DA:214,3
DA:215,3
DA:216,3
DA:217,3
DA:218,3
DA:219,3
DA:220,3
DA:221,3
DA:222,3
DA:224,3
DA:225,3
DA:226,3
DA:227,3
DA:228,3
DA:229,3
DA:230,3
DA:231,3
DA:233,3
DA:234,3
DA:235,3
DA:237,3
DA:239,1
LF:203
LH:203
BRDA:30,0,0,27
BRDA:31,1,0,15
BRDA:31,2,0,12
BRDA:31,3,0,0
BRDA:33,4,0,9
BRDA:41,5,0,3
BRDA:60,6,0,3
BRDA:76,7,0,3
BRDA:107,8,0,3
BRDA:122,9,0,3
BRDA:139,10,0,6
BRDA:144,11,0,1
BRDA:144,12,0,5
BRDA:145,13,0,4
BRDA:145,14,0,1
BRDA:145,15,0,4
BRDA:146,16,0,1
BRDA:153,17,0,3
BRF:18
BRH:17
end_of_record
TN:
SF:src/pages/Overview.tsx
FN:24,Overview
FN:84,callback
FN:89,callback
FN:92,callback
FNF:4
FNH:1
FNDA:5,Overview
FNDA:0,callback
FNDA:0,callback
FNDA:0,callback
DA:1,1
DA:2,1
DA:6,1
DA:7,1
DA:8,1
DA:9,1
DA:11,1
DA:13,1
DA:14,1
DA:15,1
DA:16,1
DA:18,1
DA:19,1
DA:20,1
DA:21,1
DA:22,1
DA:24,1
DA:25,5
DA:27,5
DA:28,5
DA:30,2
DA:32,2
DA:33,2
DA:34,2
DA:35,2
DA:36,2
DA:37,2
DA:38,2
DA:39,2
DA:41,2
DA:42,2
DA:43,2
DA:44,2
DA:45,2
DA:46,2
DA:47,2
DA:48,2
DA:49,2
DA:51,2
DA:52,2
DA:53,2
DA:54,2
DA:55,2
DA:56,2
DA:57,2
DA:58,2
DA:59,2
DA:61,2
DA:62,2
DA:63,2
DA:65,2
DA:66,2
DA:67,2
DA:68,2
DA:69,2
DA:70,2
DA:71,2
DA:72,2
DA:73,2
DA:74,2
DA:75,2
DA:76,2
DA:77,2
DA:78,2
DA:80,2
DA:81,2
DA:82,2
DA:84,2
DA:85,2
DA:87,2
DA:88,2
DA:89,2
DA:90,2
DA:91,2
DA:92,2
DA:93,2
DA:94,2
DA:96,2
DA:97,2
DA:98,2
DA:99,2
DA:100,2
DA:101,2
DA:102,2
DA:103,2
DA:104,2
DA:105,2
DA:106,2
DA:107,2
DA:108,2
DA:110,2
DA:112,1
LF:92
LH:92
BRDA:24,0,0,5
BRDA:27,1,0,1
BRDA:27,2,0,4
BRDA:28,3,0,3
BRDA:28,4,0,2
BRDA:45,5,0,2
BRDA:55,6,0,2
BRDA:55,7,0,0
BRDA:56,8,0,2
BRDA:56,9,0,0
BRDA:66,10,0,2
BRDA:70,11,0,0
BRDA:71,12,0,0
BRDA:73,13,0,0
BRDA:99,14,0,2
BRDA:101,15,0,0
BRF:16
BRH:10
end_of_record
TN:
SF:src/pages/Principal.tsx
FN:30,dirCls
FN:33,ChangeCard
FN:41,SummaryBar
FN:60,HoldingsTable
FN:107,ContribTable
FN:139,Principal
FN:187,callback
FN:201,callback
FNF:8
FNH:6
FNDA:36,dirCls
FNDA:12,ChangeCard
FNDA:4,SummaryBar
FNDA:4,HoldingsTable
FNDA:4,ContribTable
FNDA:7,Principal
FNDA:0,callback
FNDA:0,callback
DA:1,1
DA:2,1
DA:6,1
DA:7,1
DA:8,1
DA:9,1
DA:10,1
DA:11,1
DA:17,1
DA:19,1
DA:20,1
DA:21,1
DA:22,1
DA:24,1
DA:25,1
DA:26,1
DA:27,1
DA:28,1
DA:30,1
DA:31,36
DA:33,1
DA:34,12
DA:35,12
DA:36,12
DA:37,12
DA:38,12
DA:41,1
DA:42,4
DA:43,4
DA:44,4
DA:45,4
DA:46,4
DA:47,4
DA:48,4
DA:49,4
DA:50,4
DA:51,4
DA:52,4
DA:53,4
DA:54,4
DA:55,4
DA:56,4
DA:57,4
DA:60,1
DA:61,4
DA:62,4
DA:63,4
DA:64,4
DA:65,4
DA:66,4
DA:67,4
DA:68,4
DA:69,4
DA:70,4
DA:71,4
DA:72,4
DA:73,4
DA:74,4
DA:75,4
DA:76,4
DA:77,4
DA:78,4
DA:79,4
DA:80,4
DA:81,4
DA:82,4
DA:83,4
DA:84,4
DA:85,4
DA:86,4
DA:87,4
DA:88,4
DA:89,4
DA:90,4
DA:91,4
DA:92,4
DA:93,4
DA:94,4
DA:95,4
DA:96,4
DA:97,4
DA:100,1
DA:101,1
DA:102,1
DA:103,1
DA:104,1
DA:105,1
DA:107,1
DA:108,4
DA:109,4
DA:110,4
DA:111,4
DA:112,4
DA:113,4
DA:114,4
DA:115,4
DA:116,4
DA:117,4
DA:118,4
DA:119,4
DA:120,4
DA:121,4
DA:122,4
DA:123,4
DA:124,4
DA:125,4
DA:126,4
DA:127,4
DA:128,4
DA:129,4
DA:130,4
DA:131,4
DA:132,4
DA:133,4
DA:134,4
DA:135,4
DA:136,4
DA:139,1
DA:140,7
DA:142,7
DA:144,7
DA:145,7
DA:146,7
DA:147,1
DA:148,1
DA:149,1
DA:150,1
DA:151,1
DA:153,1
DA:155,4
DA:157,4
DA:158,4
DA:159,4
DA:160,4
DA:161,4
DA:162,4
DA:163,4
DA:164,4
DA:165,4
DA:166,4
DA:168,4
DA:169,4
DA:170,4
DA:171,4
DA:172,4
DA:173,4
DA:174,4
DA:175,4
DA:176,4
DA:177,4
DA:179,4
DA:180,4
DA:181,4
DA:182,4
DA:183,4
DA:184,4
DA:185,4
DA:186,4
DA:187,4
DA:188,4
DA:189,4
DA:190,4
DA:191,4
DA:193,4
DA:194,4
DA:195,4
DA:196,4
DA:197,4
DA:198,4
DA:199,4
DA:200,4
DA:201,4
DA:202,4
DA:203,4
DA:204,4
DA:205,4
DA:207,4
DA:208,4
DA:209,4
DA:211,4
DA:213,4
DA:214,4
DA:215,4
DA:216,4
DA:217,4
DA:218,4
DA:219,4
DA:220,4
DA:221,4
DA:222,4
DA:224,4
DA:225,4
DA:226,4
DA:227,4
DA:228,4
DA:229,4
DA:230,4
DA:231,4
DA:233,4
DA:234,4
DA:235,4
DA:237,4
DA:239,1
LF:203
LH:203
BRDA:30,0,0,36
BRDA:31,1,0,20
BRDA:31,2,0,16
BRDA:31,3,0,0
BRDA:33,4,0,12
BRDA:41,5,0,4
BRDA:60,6,0,4
BRDA:76,7,0,4
BRDA:107,8,0,4
BRDA:122,9,0,4
BRDA:139,10,0,7
BRDA:144,11,0,1
BRDA:144,12,0,6
BRDA:145,13,0,5
BRDA:145,14,0,1
BRDA:145,15,0,5
BRDA:146,16,0,1
BRDA:153,17,0,4
BRF:18
BRH:17
end_of_record
TN:
SF:src/pages/Recommendations.tsx
FN:19,RecCard
FN:44,RecGroup
FN:53,Recommendations
FNF:3
FNH:3
FNDA:3,RecCard
FNDA:12,RecGroup
FNDA:5,Recommendations
DA:1,1
DA:2,1
DA:3,1
DA:4,1
DA:7,1
DA:8,1
DA:9,1
DA:10,1
DA:11,1
DA:13,1
DA:14,1
DA:15,1
DA:16,1
DA:17,1
DA:19,1
DA:20,3
DA:21,3
DA:22,3
DA:23,3
DA:24,3
DA:25,3
DA:26,3
DA:27,3
DA:28,3
DA:29,3
DA:30,3
DA:31,3
DA:32,3
DA:33,3
DA:34,3
DA:35,3
DA:36,3
DA:37,3
DA:38,3
DA:39,3
DA:40,3
DA:41,3
DA:44,1
DA:45,12
DA:46,12
DA:47,12
DA:48,12
DA:49,12
DA:50,12
DA:53,1
DA:54,5
DA:56,5
DA:57,5
DA:59,3
DA:60,3
DA:61,3
DA:63,3
DA:64,3
DA:68,3
DA:70,3
DA:71,3
DA:72,3
DA:73,3
DA:75,3
DA:76,3
DA:79,3
DA:80,3
DA:82,3
DA:84,1
LF:64
LH:64
BRDA:19,0,0,3
BRDA:31,1,0,3
BRDA:44,2,0,12
BRDA:48,3,0,3
BRDA:53,4,0,5
BRDA:56,5,0,1
BRDA:56,6,0,4
BRDA:57,7,0,3
BRDA:57,8,0,1
BRDA:57,9,0,3
BRF:10
BRH:10
end_of_record
TN:
SF:src/pages/Sectors.tsx
FN:15,Sectors
FNF:1
FNH:1
FNDA:4,Sectors
DA:1,1
DA:2,1
DA:3,1
DA:4,1
DA:5,1
DA:6,1
DA:8,1
DA:10,1
DA:11,1
DA:12,1
DA:13,1
DA:15,1
DA:16,4
DA:18,4
DA:19,4
DA:21,2
DA:23,2
DA:24,2
DA:25,2
DA:26,2
DA:27,2
DA:28,2
DA:29,2
DA:31,2
DA:32,2
DA:33,2
DA:35,2
DA:36,2
DA:37,2
DA:38,2
DA:39,2
DA:40,2
DA:41,2
DA:42,2
DA:43,2
DA:45,2
DA:46,2
DA:47,2
DA:48,2
DA:49,2
DA:50,2
DA:51,4
DA:52,4
DA:53,4
DA:54,4
DA:55,2
DA:56,2
DA:57,2
DA:58,2
DA:59,2
DA:60,2
DA:61,2
DA:62,2
DA:63,2
DA:64,2
DA:65,2
DA:66,2
DA:67,2
DA:68,2
DA:69,2
DA:70,2
DA:71,2
DA:73,2
DA:75,1
LF:64
LH:64
BRDA:15,0,0,4
BRDA:18,1,0,1
BRDA:18,2,0,3
BRDA:19,3,0,2
BRDA:19,4,0,1
BRDA:19,5,0,2
BRDA:50,6,0,4
BRDA:62,7,0,2
BRF:8
BRH:8
end_of_record
TN:
SF:src/pages/USMarkets.tsx
FN:6,USMarkets
FNF:1
FNH:1
FNDA:4,USMarkets
DA:1,1
DA:2,1
DA:3,1
DA:4,1
DA:6,1
DA:7,4
DA:9,4
DA:10,4
DA:12,2
DA:14,2
DA:15,2
DA:16,2
DA:18,2
DA:19,2
DA:20,2
DA:21,2
DA:22,2
DA:23,2
DA:24,2
DA:25,2
DA:26,2
DA:27,2
DA:28,2
DA:29,2
DA:30,2
DA:31,2
DA:32,2
DA:33,2
DA:34,2
DA:36,2
DA:37,2
DA:38,2
DA:39,2
DA:40,2
DA:41,2
DA:42,2
DA:43,2
DA:44,2
DA:45,2
DA:46,2
DA:47,2
DA:48,2
DA:49,2
DA:50,2
DA:51,2
DA:52,2
DA:53,2
DA:54,2
DA:55,2
DA:57,2
DA:59,1
LF:51
LH:51
BRDA:6,0,0,4
BRDA:9,1,0,1
BRDA:9,2,0,3
BRDA:10,3,0,2
BRDA:10,4,0,1
BRDA:10,5,0,2
BRDA:43,6,0,2
BRF:7
BRH:7
end_of_record
TN:
SF:src/pages/shared.tsx
FN:8,SectionHeader
FN:22,Grid4
FN:28,Grid3
FN:34,Grid2
FN:46,Card
FN:63,ChartCard
FN:77,Table
FN:81,Th
FN:92,Td
FN:96,TickerCell
FN:102,dirClass
FNF:11
FNH:11
FNDA:27,SectionHeader
FNDA:13,Grid4
FNDA:20,Grid3
FNDA:13,Grid2
FNDA:55,Card
FNDA:30,ChartCard
FNDA:17,Table
FNDA:76,Th
FNDA:69,Td
FNDA:12,TickerCell
FNDA:23,dirClass
DA:8,1
DA:9,27
DA:10,27
DA:11,27
DA:12,27
DA:13,27
DA:14,27
DA:22,1
DA:23,13
DA:24,13
DA:25,13
DA:28,1
DA:29,20
DA:30,20
DA:31,20
DA:34,1
DA:35,13
DA:36,13
DA:37,13
DA:46,1
DA:47,55
DA:48,55
DA:49,55
DA:51,55
DA:52,55
DA:63,1
DA:64,30
DA:65,30
DA:66,30
DA:67,30
DA:68,30
DA:69,30
DA:70,30
DA:77,1
DA:78,17
DA:81,1
DA:82,76
DA:83,76
DA:84,76
DA:92,1
DA:93,69
DA:96,1
DA:97,12
DA:98,12
DA:99,12
DA:102,1
DA:103,23
LF:47
LH:47
BRDA:8,0,0,27
BRDA:12,1,0,25
BRDA:22,2,0,13
BRDA:28,3,0,20
BRDA:34,4,0,13
BRDA:46,5,0,55
BRDA:63,6,0,30
BRDA:69,7,0,27
BRDA:69,8,0,3
BRDA:77,9,0,17
BRDA:81,10,0,76
BRDA:92,11,0,69
BRDA:96,12,0,12
BRDA:102,13,0,23
BRDA:103,14,0,17
BRDA:103,15,0,6
BRDA:103,16,0,5
BRDA:103,17,0,1
BRF:18
BRH:18
end_of_record
TN:
SF:src/services/market.ts
FN:10,apiFetch
FN:17,apiPost
FN:29,overview
FN:30,markets
FN:31,crypto
FN:32,recommendations
FN:33,principal
FN:34,morganStanley
FN:36,plaidStatus
FN:37,plaidLinkToken
FN:39,plaidExchange
FNF:11
FNH:11
FNDA:8,apiFetch
FNDA:3,apiPost
FNDA:2,overview
FNDA:1,markets
FNDA:1,crypto
FNDA:1,recommendations
FNDA:1,principal
FNDA:1,morganStanley
FNDA:1,plaidStatus
FNDA:2,plaidLinkToken
FNDA:1,plaidExchange
DA:10,8
DA:11,8
DA:12,8
DA:13,7
DA:14,7
DA:15,7
DA:17,3
DA:18,3
DA:19,3
DA:20,3
DA:21,3
DA:22,3
DA:23,3
DA:24,2
DA:25,2
DA:26,2
DA:28,1
DA:29,1
DA:30,1
DA:31,1
DA:32,1
DA:33,1
DA:34,1
DA:36,1
DA:37,1
DA:38,2
DA:39,1
DA:40,1
DA:41,1
LF:29
LH:29
BRDA:10,0,0,8
BRDA:12,1,0,1
BRDA:12,2,0,7
BRDA:17,3,0,3
BRDA:23,4,0,1
BRDA:23,5,0,2
BRDA:29,6,0,2
BRDA:30,7,0,1
BRDA:31,8,0,1
BRDA:32,9,0,1
BRDA:33,10,0,1
BRDA:34,11,0,1
BRDA:36,12,0,1
BRDA:37,13,0,2
BRDA:39,14,0,1
BRF:15
BRH:15
end_of_record
TN:
SF:src/types/market.ts
FN:1,(empty-report)
FNF:1
FNH:1
FNDA:1,(empty-report)
LF:0
LH:0
BRDA:1,0,0,1
BRF:1
BRH:1
end_of_record
